13:00:05.964 [main] INFO  za.redbridge.experiment.Main - Options: 
	Config file path: hons-experiment-master/config/mediumSimConfig.yml
	Number of simulation steps: 500
	Population size: 100
	Number of simulation tests per iteration: 5
	Initial connection density: 0.5
	Demo network config path: null
	Running with the control case: false
	Morphology path: null
	Population path: null
13:00:09.352 [main] DEBUG za.redbridge.experiment.Main - Population initialized
13:00:09.399 [main] INFO  z.redbridge.experiment.StatsRecorder - Epoch 0 complete
13:00:09.400 [main] DEBUG z.redbridge.experiment.StatsRecorder - Recording stats - max: NaN, mean: NaN
13:00:09.413 [main] DEBUG z.redbridge.experiment.StatsRecorder - Recording stats - max: NaN, mean: NaN
13:00:09.414 [main] DEBUG z.redbridge.experiment.StatsRecorder - Recording stats - max: NaN, mean: NaN
13:00:09.640 [main] INFO  z.redbridge.experiment.StatsRecorder - New best genome! Epoch: 0, score: NaN, num sensors: 6
13:00:55.996 [main] INFO  za.redbridge.experiment.Main - Options: 
	Config file path: hons-experiment-master/config/mediumSimConfig.yml
	Number of simulation steps: 500
	Population size: 100
	Number of simulation tests per iteration: 5
	Initial connection density: 0.5
	Demo network config path: null
	Running with the control case: false
	Morphology path: null
	Population path: null
