15:37:59.777 [main] INFO  za.redbridge.experiment.Main - Options: 
	Config file path: hons-experiment-master/config/mediumSimConfig.yml
	Number of simulation steps: 500
	Population size: 100
	Number of simulation tests per iteration: 1
	Initial connection density: 0.5
	Demo network config path: null
	Running with the control case: false
	Morphology path: null
	Population path: null
15:38:05.981 [main] DEBUG za.redbridge.experiment.Main - Population initialized
15:38:06.058 [main] INFO  z.redbridge.experiment.StatsRecorder - Epoch 0 complete
15:38:06.058 [main] DEBUG z.redbridge.experiment.StatsRecorder - Recording stats - max: NaN, mean: NaN
15:38:06.062 [main] DEBUG z.redbridge.experiment.StatsRecorder - Recording stats - max: NaN, mean: NaN
15:38:06.063 [main] DEBUG z.redbridge.experiment.StatsRecorder - Recording stats - max: NaN, mean: NaN
15:38:06.296 [main] INFO  z.redbridge.experiment.StatsRecorder - New best genome! Epoch: 0, score: NaN, num sensors: 4
15:38:12.004 [pool-1-thread-2] DEBUG z.r.experiment.ScoreCalculator - Score calculation completed: 0.0
15:38:13.011 [pool-1-thread-3] DEBUG z.r.experiment.ScoreCalculator - Score calculation completed: 0.0
15:38:14.992 [pool-1-thread-4] DEBUG z.r.experiment.ScoreCalculator - Score calculation completed: 0.0
15:38:17.129 [pool-1-thread-4] DEBUG z.r.experiment.ScoreCalculator - Score calculation completed: 0.0
15:38:19.052 [pool-1-thread-2] DEBUG z.r.experiment.ScoreCalculator - Score calculation completed: 1.1764705882352942
15:38:19.542 [pool-1-thread-1] DEBUG z.r.experiment.ScoreCalculator - Score calculation completed: 0.0
15:38:20.469 [pool-1-thread-3] DEBUG z.r.experiment.ScoreCalculator - Score calculation completed: 0.0
15:38:24.090 [pool-1-thread-2] DEBUG z.r.experiment.ScoreCalculator - Score calculation completed: 3.5294117647058822
15:38:25.740 [pool-1-thread-3] DEBUG z.r.experiment.ScoreCalculator - Score calculation completed: 0.0
15:38:25.889 [pool-1-thread-4] DEBUG z.r.experiment.ScoreCalculator - Score calculation completed: 0.0
15:38:26.433 [pool-1-thread-1] DEBUG z.r.experiment.ScoreCalculator - Score calculation completed: 0.0
15:38:28.310 [pool-1-thread-3] DEBUG z.r.experiment.ScoreCalculator - Score calculation completed: 0.0
15:38:29.029 [pool-1-thread-1] DEBUG z.r.experiment.ScoreCalculator - Score calculation completed: 0.0
15:38:29.213 [pool-1-thread-2] DEBUG z.r.experiment.ScoreCalculator - Score calculation completed: 3.5294117647058822
15:38:29.379 [pool-1-thread-4] DEBUG z.r.experiment.ScoreCalculator - Score calculation completed: 1.1764705882352942
15:38:30.114 [pool-1-thread-3] DEBUG z.r.experiment.ScoreCalculator - Score calculation completed: 0.0
15:38:31.165 [pool-1-thread-2] DEBUG z.r.experiment.ScoreCalculator - Score calculation completed: 0.0
15:38:31.849 [pool-1-thread-3] DEBUG z.r.experiment.ScoreCalculator - Score calculation completed: 0.0
15:38:32.992 [pool-1-thread-1] DEBUG z.r.experiment.ScoreCalculator - Score calculation completed: 0.0
15:38:34.757 [pool-1-thread-2] DEBUG z.r.experiment.ScoreCalculator - Score calculation completed: 1.1764705882352942
15:38:35.565 [pool-1-thread-3] DEBUG z.r.experiment.ScoreCalculator - Score calculation completed: 3.5294117647058822
15:38:35.889 [pool-1-thread-4] DEBUG z.r.experiment.ScoreCalculator - Score calculation completed: 0.0
15:38:36.654 [pool-1-thread-1] DEBUG z.r.experiment.ScoreCalculator - Score calculation completed: 0.0
15:38:37.000 [pool-1-thread-2] DEBUG z.r.experiment.ScoreCalculator - Score calculation completed: 0.0
15:38:38.675 [pool-1-thread-1] DEBUG z.r.experiment.ScoreCalculator - Score calculation completed: 0.0
15:38:39.486 [pool-1-thread-2] DEBUG z.r.experiment.ScoreCalculator - Score calculation completed: 0.0
15:38:39.593 [pool-1-thread-4] DEBUG z.r.experiment.ScoreCalculator - Score calculation completed: 1.1764705882352942
15:38:40.231 [pool-1-thread-1] DEBUG z.r.experiment.ScoreCalculator - Score calculation completed: 0.0
15:38:41.239 [pool-1-thread-2] DEBUG z.r.experiment.ScoreCalculator - Score calculation completed: 0.0
15:38:43.076 [pool-1-thread-4] DEBUG z.r.experiment.ScoreCalculator - Score calculation completed: 0.0
15:38:44.395 [pool-1-thread-1] DEBUG z.r.experiment.ScoreCalculator - Score calculation completed: 0.0
15:38:44.590 [pool-1-thread-4] DEBUG z.r.experiment.ScoreCalculator - Score calculation completed: 0.0
15:38:44.663 [pool-1-thread-2] DEBUG z.r.experiment.ScoreCalculator - Score calculation completed: 10.588235294117647
15:38:45.761 [pool-1-thread-3] DEBUG z.r.experiment.ScoreCalculator - Score calculation completed: 0.0
15:38:46.493 [pool-1-thread-4] DEBUG z.r.experiment.ScoreCalculator - Score calculation completed: 0.0
15:38:46.960 [pool-1-thread-2] DEBUG z.r.experiment.ScoreCalculator - Score calculation completed: 0.0
15:38:48.138 [pool-1-thread-3] DEBUG z.r.experiment.ScoreCalculator - Score calculation completed: 0.0
15:38:48.878 [pool-1-thread-1] DEBUG z.r.experiment.ScoreCalculator - Score calculation completed: 2.3529411764705883
15:38:49.308 [pool-1-thread-4] DEBUG z.r.experiment.ScoreCalculator - Score calculation completed: 0.0
15:38:51.374 [pool-1-thread-2] DEBUG z.r.experiment.ScoreCalculator - Score calculation completed: 0.0
15:38:52.496 [pool-1-thread-1] DEBUG z.r.experiment.ScoreCalculator - Score calculation completed: 1.1764705882352942
15:38:53.555 [pool-1-thread-2] DEBUG z.r.experiment.ScoreCalculator - Score calculation completed: 0.0
15:38:54.182 [pool-1-thread-3] DEBUG z.r.experiment.ScoreCalculator - Score calculation completed: 17.647058823529413
15:38:54.479 [pool-1-thread-4] DEBUG z.r.experiment.ScoreCalculator - Score calculation completed: 2.3529411764705883
15:38:55.558 [pool-1-thread-1] DEBUG z.r.experiment.ScoreCalculator - Score calculation completed: 0.0
15:38:55.743 [pool-1-thread-3] DEBUG z.r.experiment.ScoreCalculator - Score calculation completed: 0.0
15:38:57.210 [pool-1-thread-3] DEBUG z.r.experiment.ScoreCalculator - Score calculation completed: 0.0
15:38:57.575 [pool-1-thread-2] DEBUG z.r.experiment.ScoreCalculator - Score calculation completed: 0.0
15:38:58.045 [pool-1-thread-4] DEBUG z.r.experiment.ScoreCalculator - Score calculation completed: 0.0
15:38:59.769 [pool-1-thread-3] DEBUG z.r.experiment.ScoreCalculator - Score calculation completed: 1.1764705882352942
15:39:00.041 [pool-1-thread-1] DEBUG z.r.experiment.ScoreCalculator - Score calculation completed: 5.88235294117647
15:39:00.549 [pool-1-thread-2] DEBUG z.r.experiment.ScoreCalculator - Score calculation completed: 0.0
15:39:01.669 [pool-1-thread-4] DEBUG z.r.experiment.ScoreCalculator - Score calculation completed: 0.0
15:39:03.348 [pool-1-thread-1] DEBUG z.r.experiment.ScoreCalculator - Score calculation completed: 0.0
15:39:03.645 [pool-1-thread-3] DEBUG z.r.experiment.ScoreCalculator - Score calculation completed: 1.1764705882352942
15:39:04.966 [pool-1-thread-3] DEBUG z.r.experiment.ScoreCalculator - Score calculation completed: 0.0
15:39:05.237 [pool-1-thread-2] DEBUG z.r.experiment.ScoreCalculator - Score calculation completed: 1.1764705882352942
15:39:05.444 [pool-1-thread-4] DEBUG z.r.experiment.ScoreCalculator - Score calculation completed: 0.0
15:39:05.863 [pool-1-thread-1] DEBUG z.r.experiment.ScoreCalculator - Score calculation completed: 0.0
15:39:06.474 [pool-1-thread-2] DEBUG z.r.experiment.ScoreCalculator - Score calculation completed: 0.0
15:39:06.971 [pool-1-thread-4] DEBUG z.r.experiment.ScoreCalculator - Score calculation completed: 0.0
15:39:07.143 [pool-1-thread-1] DEBUG z.r.experiment.ScoreCalculator - Score calculation completed: 0.0
15:39:07.436 [pool-1-thread-3] DEBUG z.r.experiment.ScoreCalculator - Score calculation completed: 2.3529411764705883
15:39:08.648 [pool-1-thread-4] DEBUG z.r.experiment.ScoreCalculator - Score calculation completed: 0.0
15:39:08.955 [pool-1-thread-2] DEBUG z.r.experiment.ScoreCalculator - Score calculation completed: 1.1764705882352942
15:39:10.038 [pool-1-thread-3] DEBUG z.r.experiment.ScoreCalculator - Score calculation completed: 4.705882352941177
15:39:10.172 [pool-1-thread-1] DEBUG z.r.experiment.ScoreCalculator - Score calculation completed: 0.0
15:39:10.339 [pool-1-thread-2] DEBUG z.r.experiment.ScoreCalculator - Score calculation completed: 0.0
15:39:11.698 [pool-1-thread-4] DEBUG z.r.experiment.ScoreCalculator - Score calculation completed: 1.1764705882352942
15:39:12.060 [pool-1-thread-3] DEBUG z.r.experiment.ScoreCalculator - Score calculation completed: 0.0
15:39:12.508 [pool-1-thread-2] DEBUG z.r.experiment.ScoreCalculator - Score calculation completed: 0.0
15:39:13.648 [pool-1-thread-3] DEBUG z.r.experiment.ScoreCalculator - Score calculation completed: 0.0
15:39:15.112 [pool-1-thread-4] DEBUG z.r.experiment.ScoreCalculator - Score calculation completed: 0.0
15:39:15.288 [pool-1-thread-3] DEBUG z.r.experiment.ScoreCalculator - Score calculation completed: 0.0
15:39:16.139 [pool-1-thread-1] DEBUG z.r.experiment.ScoreCalculator - Score calculation completed: 2.3529411764705883
15:39:16.477 [pool-1-thread-2] DEBUG z.r.experiment.ScoreCalculator - Score calculation completed: 0.0
15:39:17.402 [pool-1-thread-3] DEBUG z.r.experiment.ScoreCalculator - Score calculation completed: 0.0
15:39:18.027 [pool-1-thread-4] DEBUG z.r.experiment.ScoreCalculator - Score calculation completed: 0.0
15:39:18.282 [pool-1-thread-1] DEBUG z.r.experiment.ScoreCalculator - Score calculation completed: 0.0
15:39:19.424 [pool-1-thread-4] DEBUG z.r.experiment.ScoreCalculator - Score calculation completed: 0.0
15:39:20.744 [pool-1-thread-3] DEBUG z.r.experiment.ScoreCalculator - Score calculation completed: 0.0
15:39:21.350 [pool-1-thread-1] DEBUG z.r.experiment.ScoreCalculator - Score calculation completed: 0.0
15:39:21.620 [pool-1-thread-4] DEBUG z.r.experiment.ScoreCalculator - Score calculation completed: 1.1764705882352942
15:39:22.463 [pool-1-thread-3] DEBUG z.r.experiment.ScoreCalculator - Score calculation completed: 0.0
15:39:22.732 [pool-1-thread-2] DEBUG z.r.experiment.ScoreCalculator - Score calculation completed: 11.76470588235294
15:39:23.895 [pool-1-thread-4] DEBUG z.r.experiment.ScoreCalculator - Score calculation completed: 0.0
15:39:24.145 [pool-1-thread-2] DEBUG z.r.experiment.ScoreCalculator - Score calculation completed: 0.0
15:39:24.199 [pool-1-thread-3] DEBUG z.r.experiment.ScoreCalculator - Score calculation completed: 0.0
15:39:26.086 [pool-1-thread-3] DEBUG z.r.experiment.ScoreCalculator - Score calculation completed: 0.0
15:39:27.190 [pool-1-thread-4] DEBUG z.r.experiment.ScoreCalculator - Score calculation completed: 0.0
15:39:28.536 [pool-1-thread-2] DEBUG z.r.experiment.ScoreCalculator - Score calculation completed: 5.88235294117647
15:39:28.965 [pool-1-thread-1] DEBUG z.r.experiment.ScoreCalculator - Score calculation completed: 0.0
15:39:29.396 [pool-1-thread-3] DEBUG z.r.experiment.ScoreCalculator - Score calculation completed: 0.0
15:39:29.887 [pool-1-thread-4] DEBUG z.r.experiment.ScoreCalculator - Score calculation completed: 0.0
15:39:31.727 [pool-1-thread-3] DEBUG z.r.experiment.ScoreCalculator - Score calculation completed: 0.0
15:39:31.999 [pool-1-thread-1] DEBUG z.r.experiment.ScoreCalculator - Score calculation completed: 2.3529411764705883
15:39:32.442 [pool-1-thread-4] DEBUG z.r.experiment.ScoreCalculator - Score calculation completed: 0.0
15:39:33.197 [pool-1-thread-1] DEBUG z.r.experiment.ScoreCalculator - Score calculation completed: 0.0
15:39:34.079 [pool-1-thread-3] DEBUG z.r.experiment.ScoreCalculator - Score calculation completed: 1.1764705882352942
15:39:36.141 [pool-1-thread-2] DEBUG z.r.experiment.ScoreCalculator - Score calculation completed: 0.0
15:39:38.554 [pool-2-thread-3] DEBUG z.r.experiment.ScoreCalculator - Score calculation completed: 0.0
15:39:40.234 [pool-2-thread-1] DEBUG z.r.experiment.ScoreCalculator - Score calculation completed: 0.0
15:39:40.667 [pool-2-thread-4] DEBUG z.r.experiment.ScoreCalculator - Score calculation completed: 3.5294117647058822
15:39:41.728 [pool-2-thread-3] DEBUG z.r.experiment.ScoreCalculator - Score calculation completed: 1.1764705882352942
15:39:42.270 [pool-2-thread-2] DEBUG z.r.experiment.ScoreCalculator - Score calculation completed: 12.941176470588237
15:39:43.443 [pool-2-thread-4] DEBUG z.r.experiment.ScoreCalculator - Score calculation completed: 0.0
15:39:43.782 [pool-2-thread-1] DEBUG z.r.experiment.ScoreCalculator - Score calculation completed: 2.3529411764705883
15:39:44.238 [pool-2-thread-3] DEBUG z.r.experiment.ScoreCalculator - Score calculation completed: 0.0
15:39:45.794 [pool-2-thread-2] DEBUG z.r.experiment.ScoreCalculator - Score calculation completed: 1.1764705882352942
15:39:46.442 [pool-2-thread-4] DEBUG z.r.experiment.ScoreCalculator - Score calculation completed: 0.0
15:39:47.964 [pool-2-thread-3] DEBUG z.r.experiment.ScoreCalculator - Score calculation completed: 0.0
15:39:49.242 [pool-2-thread-1] DEBUG z.r.experiment.ScoreCalculator - Score calculation completed: 1.1764705882352942
15:39:49.623 [pool-2-thread-4] DEBUG z.r.experiment.ScoreCalculator - Score calculation completed: 1.1764705882352942
15:39:52.193 [pool-2-thread-3] DEBUG z.r.experiment.ScoreCalculator - Score calculation completed: 3.5294117647058822
15:39:53.454 [pool-2-thread-2] DEBUG z.r.experiment.ScoreCalculator - Score calculation completed: 0.0
15:39:54.615 [pool-2-thread-1] DEBUG z.r.experiment.ScoreCalculator - Score calculation completed: 1.1764705882352942
15:39:54.684 [pool-2-thread-3] DEBUG z.r.experiment.ScoreCalculator - Score calculation completed: 1.1764705882352942
15:39:55.026 [pool-2-thread-4] DEBUG z.r.experiment.ScoreCalculator - Score calculation completed: 2.3529411764705883
15:39:57.486 [pool-2-thread-3] DEBUG z.r.experiment.ScoreCalculator - Score calculation completed: 2.3529411764705883
15:39:57.605 [pool-2-thread-2] DEBUG z.r.experiment.ScoreCalculator - Score calculation completed: 0.0
15:39:59.540 [pool-2-thread-4] DEBUG z.r.experiment.ScoreCalculator - Score calculation completed: 0.0
15:40:00.137 [pool-2-thread-1] DEBUG z.r.experiment.ScoreCalculator - Score calculation completed: 3.5294117647058822
15:40:00.874 [pool-2-thread-2] DEBUG z.r.experiment.ScoreCalculator - Score calculation completed: 0.0
15:40:02.488 [pool-2-thread-3] DEBUG z.r.experiment.ScoreCalculator - Score calculation completed: 1.1764705882352942
15:40:02.702 [pool-2-thread-4] DEBUG z.r.experiment.ScoreCalculator - Score calculation completed: 1.1764705882352942
15:40:03.627 [pool-2-thread-1] DEBUG z.r.experiment.ScoreCalculator - Score calculation completed: 5.88235294117647
15:40:03.958 [pool-2-thread-2] DEBUG z.r.experiment.ScoreCalculator - Score calculation completed: 0.0
15:40:05.617 [pool-2-thread-4] DEBUG z.r.experiment.ScoreCalculator - Score calculation completed: 3.5294117647058822
15:40:05.781 [pool-2-thread-3] DEBUG z.r.experiment.ScoreCalculator - Score calculation completed: 4.705882352941177
15:40:06.132 [pool-2-thread-1] DEBUG z.r.experiment.ScoreCalculator - Score calculation completed: 2.3529411764705883
15:40:07.291 [pool-2-thread-4] DEBUG z.r.experiment.ScoreCalculator - Score calculation completed: 0.0
15:40:07.562 [pool-2-thread-2] DEBUG z.r.experiment.ScoreCalculator - Score calculation completed: 2.3529411764705883
15:40:09.638 [pool-2-thread-4] DEBUG z.r.experiment.ScoreCalculator - Score calculation completed: 3.5294117647058822
15:40:09.859 [pool-2-thread-3] DEBUG z.r.experiment.ScoreCalculator - Score calculation completed: 4.705882352941177
15:40:10.656 [pool-2-thread-1] DEBUG z.r.experiment.ScoreCalculator - Score calculation completed: 3.5294117647058822
15:40:11.086 [pool-2-thread-2] DEBUG z.r.experiment.ScoreCalculator - Score calculation completed: 0.0
15:40:12.587 [pool-2-thread-3] DEBUG z.r.experiment.ScoreCalculator - Score calculation completed: 3.5294117647058822
15:40:13.616 [pool-2-thread-4] DEBUG z.r.experiment.ScoreCalculator - Score calculation completed: 0.0
15:40:15.375 [pool-2-thread-1] DEBUG z.r.experiment.ScoreCalculator - Score calculation completed: 4.705882352941177
15:40:16.089 [pool-2-thread-2] DEBUG z.r.experiment.ScoreCalculator - Score calculation completed: 9.411764705882353
15:40:17.224 [pool-2-thread-3] DEBUG z.r.experiment.ScoreCalculator - Score calculation completed: 2.3529411764705883
15:40:17.842 [pool-2-thread-4] DEBUG z.r.experiment.ScoreCalculator - Score calculation completed: 1.1764705882352942
15:40:19.174 [pool-2-thread-2] DEBUG z.r.experiment.ScoreCalculator - Score calculation completed: 0.0
15:40:20.514 [pool-2-thread-1] DEBUG z.r.experiment.ScoreCalculator - Score calculation completed: 0.0
15:40:21.771 [pool-2-thread-3] DEBUG z.r.experiment.ScoreCalculator - Score calculation completed: 0.0
15:40:22.916 [pool-2-thread-1] DEBUG z.r.experiment.ScoreCalculator - Score calculation completed: 2.3529411764705883
15:40:23.959 [pool-2-thread-2] DEBUG z.r.experiment.ScoreCalculator - Score calculation completed: 1.1764705882352942
15:40:24.293 [pool-2-thread-3] DEBUG z.r.experiment.ScoreCalculator - Score calculation completed: 0.0
15:40:24.521 [pool-2-thread-4] DEBUG z.r.experiment.ScoreCalculator - Score calculation completed: 2.3529411764705883
15:40:25.631 [pool-2-thread-1] DEBUG z.r.experiment.ScoreCalculator - Score calculation completed: 3.5294117647058822
15:40:28.577 [pool-2-thread-4] DEBUG z.r.experiment.ScoreCalculator - Score calculation completed: 0.0
15:40:28.715 [pool-2-thread-3] DEBUG z.r.experiment.ScoreCalculator - Score calculation completed: 1.1764705882352942
15:40:29.379 [pool-2-thread-2] DEBUG z.r.experiment.ScoreCalculator - Score calculation completed: 2.3529411764705883
15:40:30.802 [pool-2-thread-1] DEBUG z.r.experiment.ScoreCalculator - Score calculation completed: 0.0
15:40:31.256 [pool-2-thread-4] DEBUG z.r.experiment.ScoreCalculator - Score calculation completed: 1.1764705882352942
15:40:33.284 [pool-2-thread-1] DEBUG z.r.experiment.ScoreCalculator - Score calculation completed: 2.3529411764705883
15:40:33.763 [pool-2-thread-3] DEBUG z.r.experiment.ScoreCalculator - Score calculation completed: 1.1764705882352942
15:40:34.456 [pool-2-thread-2] DEBUG z.r.experiment.ScoreCalculator - Score calculation completed: 2.3529411764705883
15:40:35.448 [pool-2-thread-4] DEBUG z.r.experiment.ScoreCalculator - Score calculation completed: 5.88235294117647
15:40:35.907 [pool-2-thread-1] DEBUG z.r.experiment.ScoreCalculator - Score calculation completed: 3.5294117647058822
15:40:37.705 [pool-2-thread-3] DEBUG z.r.experiment.ScoreCalculator - Score calculation completed: 4.705882352941177
15:40:38.243 [pool-2-thread-2] DEBUG z.r.experiment.ScoreCalculator - Score calculation completed: 1.1764705882352942
15:40:39.492 [pool-2-thread-4] DEBUG z.r.experiment.ScoreCalculator - Score calculation completed: 3.5294117647058822
15:40:40.050 [pool-2-thread-3] DEBUG z.r.experiment.ScoreCalculator - Score calculation completed: 1.1764705882352942
15:40:41.053 [pool-2-thread-1] DEBUG z.r.experiment.ScoreCalculator - Score calculation completed: 3.5294117647058822
15:40:42.773 [pool-2-thread-4] DEBUG z.r.experiment.ScoreCalculator - Score calculation completed: 3.5294117647058822
15:40:43.454 [pool-2-thread-3] DEBUG z.r.experiment.ScoreCalculator - Score calculation completed: 0.0
15:40:43.845 [pool-2-thread-2] DEBUG z.r.experiment.ScoreCalculator - Score calculation completed: 2.3529411764705883
15:40:45.556 [pool-2-thread-1] DEBUG z.r.experiment.ScoreCalculator - Score calculation completed: 1.1764705882352942
15:40:46.533 [pool-2-thread-4] DEBUG z.r.experiment.ScoreCalculator - Score calculation completed: 0.0
15:40:46.669 [pool-2-thread-3] DEBUG z.r.experiment.ScoreCalculator - Score calculation completed: 0.0
15:40:47.408 [pool-2-thread-2] DEBUG z.r.experiment.ScoreCalculator - Score calculation completed: 1.1764705882352942
15:40:47.889 [pool-2-thread-1] DEBUG z.r.experiment.ScoreCalculator - Score calculation completed: 1.1764705882352942
15:40:47.892 [main] INFO  z.redbridge.experiment.StatsRecorder - Epoch 1 complete
15:40:47.893 [main] DEBUG z.redbridge.experiment.StatsRecorder - Recording stats - max: 13192.0, mean: 3665.0057803468203
15:40:47.893 [main] DEBUG z.redbridge.experiment.StatsRecorder - Recording stats - max: 17.647058823529413, mean: 1.3736824209452565
15:40:47.894 [main] DEBUG z.redbridge.experiment.StatsRecorder - Recording stats - max: 5.0, mean: 4.005780346820809
15:40:47.977 [main] INFO  z.redbridge.experiment.StatsRecorder - New best genome! Epoch: 1, score: 17.647058823529413, num sensors: 4
15:40:50.210 [pool-2-thread-1] DEBUG z.r.experiment.ScoreCalculator - Score calculation completed: 0.0
15:40:53.766 [pool-2-thread-4] DEBUG z.r.experiment.ScoreCalculator - Score calculation completed: 3.5294117647058822
15:40:54.424 [pool-2-thread-1] DEBUG z.r.experiment.ScoreCalculator - Score calculation completed: 0.0
15:40:55.090 [pool-2-thread-3] DEBUG z.r.experiment.ScoreCalculator - Score calculation completed: 4.705882352941177
15:40:55.319 [pool-2-thread-2] DEBUG z.r.experiment.ScoreCalculator - Score calculation completed: 7.0588235294117645
15:40:57.025 [pool-2-thread-1] DEBUG z.r.experiment.ScoreCalculator - Score calculation completed: 5.88235294117647
15:40:57.549 [pool-2-thread-3] DEBUG z.r.experiment.ScoreCalculator - Score calculation completed: 4.705882352941177
15:40:58.098 [pool-2-thread-4] DEBUG z.r.experiment.ScoreCalculator - Score calculation completed: 7.0588235294117645
15:40:59.112 [pool-2-thread-2] DEBUG z.r.experiment.ScoreCalculator - Score calculation completed: 2.3529411764705883
15:40:59.522 [pool-2-thread-1] DEBUG z.r.experiment.ScoreCalculator - Score calculation completed: 2.3529411764705883
15:41:00.072 [pool-2-thread-3] DEBUG z.r.experiment.ScoreCalculator - Score calculation completed: 3.5294117647058822
15:41:00.653 [pool-2-thread-4] DEBUG z.r.experiment.ScoreCalculator - Score calculation completed: 3.5294117647058822
15:41:03.278 [pool-2-thread-2] DEBUG z.r.experiment.ScoreCalculator - Score calculation completed: 4.705882352941177
15:41:03.371 [pool-2-thread-1] DEBUG z.r.experiment.ScoreCalculator - Score calculation completed: 8.235294117647058
15:41:03.692 [pool-2-thread-4] DEBUG z.r.experiment.ScoreCalculator - Score calculation completed: 0.0
15:41:04.136 [pool-2-thread-3] DEBUG z.r.experiment.ScoreCalculator - Score calculation completed: 2.3529411764705883
15:41:06.981 [pool-2-thread-2] DEBUG z.r.experiment.ScoreCalculator - Score calculation completed: 1.1764705882352942
15:41:07.274 [pool-2-thread-1] DEBUG z.r.experiment.ScoreCalculator - Score calculation completed: 5.88235294117647
15:41:08.076 [pool-2-thread-3] DEBUG z.r.experiment.ScoreCalculator - Score calculation completed: 2.3529411764705883
15:41:08.343 [pool-2-thread-4] DEBUG z.r.experiment.ScoreCalculator - Score calculation completed: 0.0
15:41:10.197 [pool-2-thread-2] DEBUG z.r.experiment.ScoreCalculator - Score calculation completed: 0.0
15:41:11.093 [pool-2-thread-1] DEBUG z.r.experiment.ScoreCalculator - Score calculation completed: 2.3529411764705883
15:41:11.742 [pool-2-thread-3] DEBUG z.r.experiment.ScoreCalculator - Score calculation completed: 3.5294117647058822
15:41:13.087 [pool-2-thread-4] DEBUG z.r.experiment.ScoreCalculator - Score calculation completed: 3.5294117647058822
15:41:14.057 [pool-2-thread-2] DEBUG z.r.experiment.ScoreCalculator - Score calculation completed: 4.705882352941177
15:41:15.168 [pool-2-thread-1] DEBUG z.r.experiment.ScoreCalculator - Score calculation completed: 3.5294117647058822
15:41:15.519 [pool-2-thread-3] DEBUG z.r.experiment.ScoreCalculator - Score calculation completed: 0.0
15:41:16.981 [pool-2-thread-4] DEBUG z.r.experiment.ScoreCalculator - Score calculation completed: 3.5294117647058822
15:41:17.839 [pool-2-thread-2] DEBUG z.r.experiment.ScoreCalculator - Score calculation completed: 5.88235294117647
15:41:19.027 [pool-2-thread-1] DEBUG z.r.experiment.ScoreCalculator - Score calculation completed: 5.88235294117647
15:41:19.653 [pool-2-thread-3] DEBUG z.r.experiment.ScoreCalculator - Score calculation completed: 2.3529411764705883
15:41:20.697 [pool-2-thread-4] DEBUG z.r.experiment.ScoreCalculator - Score calculation completed: 3.5294117647058822
15:41:21.652 [pool-2-thread-2] DEBUG z.r.experiment.ScoreCalculator - Score calculation completed: 5.88235294117647
15:41:22.885 [pool-2-thread-1] DEBUG z.r.experiment.ScoreCalculator - Score calculation completed: 5.88235294117647
15:41:23.462 [pool-2-thread-3] DEBUG z.r.experiment.ScoreCalculator - Score calculation completed: 8.235294117647058
15:41:24.530 [pool-2-thread-4] DEBUG z.r.experiment.ScoreCalculator - Score calculation completed: 1.1764705882352942
15:41:25.574 [pool-2-thread-2] DEBUG z.r.experiment.ScoreCalculator - Score calculation completed: 1.1764705882352942
15:41:26.665 [pool-2-thread-1] DEBUG z.r.experiment.ScoreCalculator - Score calculation completed: 5.88235294117647
15:41:27.255 [pool-2-thread-3] DEBUG z.r.experiment.ScoreCalculator - Score calculation completed: 5.88235294117647
15:41:29.142 [pool-2-thread-2] DEBUG z.r.experiment.ScoreCalculator - Score calculation completed: 7.0588235294117645
15:41:30.164 [pool-2-thread-1] DEBUG z.r.experiment.ScoreCalculator - Score calculation completed: 7.0588235294117645
15:41:31.064 [pool-2-thread-3] DEBUG z.r.experiment.ScoreCalculator - Score calculation completed: 9.411764705882353
15:41:31.309 [pool-2-thread-4] DEBUG z.r.experiment.ScoreCalculator - Score calculation completed: 0.0
15:41:32.783 [pool-2-thread-2] DEBUG z.r.experiment.ScoreCalculator - Score calculation completed: 2.3529411764705883
15:41:33.966 [pool-2-thread-1] DEBUG z.r.experiment.ScoreCalculator - Score calculation completed: 12.941176470588237
15:41:34.714 [pool-2-thread-3] DEBUG z.r.experiment.ScoreCalculator - Score calculation completed: 4.705882352941177
15:41:35.081 [pool-2-thread-4] DEBUG z.r.experiment.ScoreCalculator - Score calculation completed: 3.5294117647058822
15:41:36.517 [pool-2-thread-2] DEBUG z.r.experiment.ScoreCalculator - Score calculation completed: 3.5294117647058822
15:41:37.816 [pool-2-thread-1] DEBUG z.r.experiment.ScoreCalculator - Score calculation completed: 10.588235294117647
15:41:38.630 [pool-2-thread-3] DEBUG z.r.experiment.ScoreCalculator - Score calculation completed: 7.0588235294117645
15:41:38.969 [pool-2-thread-4] DEBUG z.r.experiment.ScoreCalculator - Score calculation completed: 9.411764705882353
15:41:40.450 [pool-2-thread-2] DEBUG z.r.experiment.ScoreCalculator - Score calculation completed: 2.3529411764705883
15:41:41.829 [pool-2-thread-1] DEBUG z.r.experiment.ScoreCalculator - Score calculation completed: 2.3529411764705883
15:41:41.914 [pool-2-thread-4] DEBUG z.r.experiment.ScoreCalculator - Score calculation completed: 0.0
15:41:43.274 [pool-2-thread-3] DEBUG z.r.experiment.ScoreCalculator - Score calculation completed: 0.0
15:41:44.052 [pool-2-thread-2] DEBUG z.r.experiment.ScoreCalculator - Score calculation completed: 4.705882352941177
15:41:45.649 [pool-2-thread-4] DEBUG z.r.experiment.ScoreCalculator - Score calculation completed: 2.3529411764705883
15:41:45.743 [pool-2-thread-1] DEBUG z.r.experiment.ScoreCalculator - Score calculation completed: 3.5294117647058822
15:41:47.136 [pool-2-thread-3] DEBUG z.r.experiment.ScoreCalculator - Score calculation completed: 4.705882352941177
15:41:47.931 [pool-2-thread-2] DEBUG z.r.experiment.ScoreCalculator - Score calculation completed: 9.411764705882353
15:41:49.269 [pool-2-thread-4] DEBUG z.r.experiment.ScoreCalculator - Score calculation completed: 1.1764705882352942
15:41:49.323 [pool-2-thread-1] DEBUG z.r.experiment.ScoreCalculator - Score calculation completed: 0.0
15:41:50.393 [pool-2-thread-3] DEBUG z.r.experiment.ScoreCalculator - Score calculation completed: 0.0
15:41:51.407 [pool-2-thread-2] DEBUG z.r.experiment.ScoreCalculator - Score calculation completed: 0.0
15:41:52.469 [pool-2-thread-1] DEBUG z.r.experiment.ScoreCalculator - Score calculation completed: 2.3529411764705883
15:41:53.110 [pool-2-thread-4] DEBUG z.r.experiment.ScoreCalculator - Score calculation completed: 1.1764705882352942
15:41:53.569 [pool-2-thread-3] DEBUG z.r.experiment.ScoreCalculator - Score calculation completed: 1.1764705882352942
15:41:54.312 [pool-2-thread-2] DEBUG z.r.experiment.ScoreCalculator - Score calculation completed: 1.1764705882352942
15:41:55.594 [pool-2-thread-1] DEBUG z.r.experiment.ScoreCalculator - Score calculation completed: 1.1764705882352942
15:41:56.336 [pool-2-thread-4] DEBUG z.r.experiment.ScoreCalculator - Score calculation completed: 1.1764705882352942
15:41:56.703 [pool-2-thread-3] DEBUG z.r.experiment.ScoreCalculator - Score calculation completed: 1.1764705882352942
15:41:57.343 [pool-2-thread-2] DEBUG z.r.experiment.ScoreCalculator - Score calculation completed: 1.1764705882352942
15:41:58.110 [pool-2-thread-1] DEBUG z.r.experiment.ScoreCalculator - Score calculation completed: 1.1764705882352942
15:41:58.467 [pool-2-thread-4] DEBUG z.r.experiment.ScoreCalculator - Score calculation completed: 2.3529411764705883
15:41:58.470 [main] INFO  z.redbridge.experiment.StatsRecorder - Epoch 2 complete
15:41:58.470 [main] DEBUG z.redbridge.experiment.StatsRecorder - Recording stats - max: 7336.0, mean: 3765.5270270270275
15:41:58.471 [main] DEBUG z.redbridge.experiment.StatsRecorder - Recording stats - max: 12.941176470588237, mean: 3.5771065182829886
15:41:58.472 [main] DEBUG z.redbridge.experiment.StatsRecorder - Recording stats - max: 5.0, mean: 4.148648648648648
15:42:02.637 [pool-2-thread-3] DEBUG z.r.experiment.ScoreCalculator - Score calculation completed: 7.0588235294117645
15:42:04.069 [pool-2-thread-4] DEBUG z.r.experiment.ScoreCalculator - Score calculation completed: 2.3529411764705883
15:42:04.579 [pool-2-thread-1] DEBUG z.r.experiment.ScoreCalculator - Score calculation completed: 29.411764705882355
15:42:06.939 [pool-2-thread-2] DEBUG z.r.experiment.ScoreCalculator - Score calculation completed: 11.76470588235294
15:42:07.438 [pool-2-thread-4] DEBUG z.r.experiment.ScoreCalculator - Score calculation completed: 10.588235294117647
15:42:08.445 [pool-2-thread-3] DEBUG z.r.experiment.ScoreCalculator - Score calculation completed: 21.176470588235293
15:42:10.394 [pool-2-thread-1] DEBUG z.r.experiment.ScoreCalculator - Score calculation completed: 20.0
15:42:12.600 [pool-2-thread-2] DEBUG z.r.experiment.ScoreCalculator - Score calculation completed: 11.76470588235294
15:42:13.236 [pool-2-thread-4] DEBUG z.r.experiment.ScoreCalculator - Score calculation completed: 2.3529411764705883
15:42:14.515 [pool-2-thread-3] DEBUG z.r.experiment.ScoreCalculator - Score calculation completed: 14.117647058823529
15:42:15.805 [pool-2-thread-1] DEBUG z.r.experiment.ScoreCalculator - Score calculation completed: 1.1764705882352942
15:42:16.253 [pool-2-thread-2] DEBUG z.r.experiment.ScoreCalculator - Score calculation completed: 0.0
15:42:20.325 [pool-2-thread-1] DEBUG z.r.experiment.ScoreCalculator - Score calculation completed: 2.3529411764705883
15:42:20.522 [pool-2-thread-4] DEBUG z.r.experiment.ScoreCalculator - Score calculation completed: 2.3529411764705883
15:42:21.807 [pool-2-thread-3] DEBUG z.r.experiment.ScoreCalculator - Score calculation completed: 7.0588235294117645
15:42:22.431 [pool-2-thread-2] DEBUG z.r.experiment.ScoreCalculator - Score calculation completed: 3.5294117647058822
15:42:26.273 [pool-2-thread-3] DEBUG z.r.experiment.ScoreCalculator - Score calculation completed: 2.3529411764705883
15:42:28.632 [pool-2-thread-2] DEBUG z.r.experiment.ScoreCalculator - Score calculation completed: 20.0
15:42:28.997 [pool-2-thread-4] DEBUG z.r.experiment.ScoreCalculator - Score calculation completed: 0.0
15:42:30.039 [pool-2-thread-1] DEBUG z.r.experiment.ScoreCalculator - Score calculation completed: 17.647058823529413
15:42:31.011 [pool-2-thread-3] DEBUG z.r.experiment.ScoreCalculator - Score calculation completed: 3.5294117647058822
15:42:32.000 [pool-2-thread-2] DEBUG z.r.experiment.ScoreCalculator - Score calculation completed: 10.588235294117647
15:42:32.341 [pool-2-thread-4] DEBUG z.r.experiment.ScoreCalculator - Score calculation completed: 7.0588235294117645
15:42:33.335 [pool-2-thread-1] DEBUG z.r.experiment.ScoreCalculator - Score calculation completed: 0.0
15:42:35.581 [pool-2-thread-2] DEBUG z.r.experiment.ScoreCalculator - Score calculation completed: 5.88235294117647
15:42:35.994 [pool-2-thread-4] DEBUG z.r.experiment.ScoreCalculator - Score calculation completed: 4.705882352941177
15:42:37.136 [pool-2-thread-3] DEBUG z.r.experiment.ScoreCalculator - Score calculation completed: 15.294117647058824
15:42:37.274 [pool-2-thread-1] DEBUG z.r.experiment.ScoreCalculator - Score calculation completed: 7.0588235294117645
15:42:39.630 [pool-2-thread-2] DEBUG z.r.experiment.ScoreCalculator - Score calculation completed: 2.3529411764705883
15:42:39.944 [pool-2-thread-4] DEBUG z.r.experiment.ScoreCalculator - Score calculation completed: 4.705882352941177
15:42:41.232 [pool-2-thread-1] DEBUG z.r.experiment.ScoreCalculator - Score calculation completed: 2.3529411764705883
15:42:41.320 [pool-2-thread-3] DEBUG z.r.experiment.ScoreCalculator - Score calculation completed: 9.411764705882353
15:42:42.420 [pool-2-thread-4] DEBUG z.r.experiment.ScoreCalculator - Score calculation completed: 1.1764705882352942
15:42:43.481 [pool-2-thread-2] DEBUG z.r.experiment.ScoreCalculator - Score calculation completed: 5.88235294117647
15:42:43.681 [pool-2-thread-3] DEBUG z.r.experiment.ScoreCalculator - Score calculation completed: 3.5294117647058822
15:42:45.127 [pool-2-thread-1] DEBUG z.r.experiment.ScoreCalculator - Score calculation completed: 0.0
15:42:45.298 [pool-2-thread-4] DEBUG z.r.experiment.ScoreCalculator - Score calculation completed: 5.88235294117647
15:42:45.932 [pool-2-thread-2] DEBUG z.r.experiment.ScoreCalculator - Score calculation completed: 2.3529411764705883
15:42:46.057 [pool-2-thread-3] DEBUG z.r.experiment.ScoreCalculator - Score calculation completed: 5.88235294117647
15:42:48.282 [pool-2-thread-2] DEBUG z.r.experiment.ScoreCalculator - Score calculation completed: 3.5294117647058822
15:42:48.511 [pool-2-thread-4] DEBUG z.r.experiment.ScoreCalculator - Score calculation completed: 0.0
15:42:48.617 [pool-2-thread-3] DEBUG z.r.experiment.ScoreCalculator - Score calculation completed: 3.5294117647058822
15:42:50.839 [pool-2-thread-3] DEBUG z.r.experiment.ScoreCalculator - Score calculation completed: 7.0588235294117645
15:42:51.034 [pool-2-thread-4] DEBUG z.r.experiment.ScoreCalculator - Score calculation completed: 5.88235294117647
15:42:51.122 [pool-2-thread-1] DEBUG z.r.experiment.ScoreCalculator - Score calculation completed: 2.3529411764705883
15:42:52.366 [pool-2-thread-3] DEBUG z.r.experiment.ScoreCalculator - Score calculation completed: 0.0
15:42:52.481 [pool-2-thread-2] DEBUG z.r.experiment.ScoreCalculator - Score calculation completed: 1.1764705882352942
15:42:52.906 [pool-2-thread-4] DEBUG z.r.experiment.ScoreCalculator - Score calculation completed: 0.0
15:42:53.502 [pool-2-thread-1] DEBUG z.r.experiment.ScoreCalculator - Score calculation completed: 2.3529411764705883
15:42:56.964 [pool-2-thread-2] DEBUG z.r.experiment.ScoreCalculator - Score calculation completed: 3.5294117647058822
15:42:57.120 [pool-2-thread-3] DEBUG z.r.experiment.ScoreCalculator - Score calculation completed: 3.5294117647058822
15:42:57.796 [pool-2-thread-4] DEBUG z.r.experiment.ScoreCalculator - Score calculation completed: 4.705882352941177
15:42:58.269 [pool-2-thread-1] DEBUG z.r.experiment.ScoreCalculator - Score calculation completed: 4.705882352941177
15:43:01.838 [pool-2-thread-2] DEBUG z.r.experiment.ScoreCalculator - Score calculation completed: 4.705882352941177
15:43:01.944 [pool-2-thread-3] DEBUG z.r.experiment.ScoreCalculator - Score calculation completed: 5.88235294117647
15:43:03.142 [pool-2-thread-1] DEBUG z.r.experiment.ScoreCalculator - Score calculation completed: 0.0
15:43:03.511 [pool-2-thread-4] DEBUG z.r.experiment.ScoreCalculator - Score calculation completed: 3.5294117647058822
15:43:06.323 [pool-2-thread-3] DEBUG z.r.experiment.ScoreCalculator - Score calculation completed: 0.0
15:43:06.612 [pool-2-thread-2] DEBUG z.r.experiment.ScoreCalculator - Score calculation completed: 4.705882352941177
15:43:08.038 [pool-2-thread-4] DEBUG z.r.experiment.ScoreCalculator - Score calculation completed: 5.88235294117647
15:43:09.239 [pool-2-thread-1] DEBUG z.r.experiment.ScoreCalculator - Score calculation completed: 0.0
15:43:11.605 [pool-2-thread-2] DEBUG z.r.experiment.ScoreCalculator - Score calculation completed: 0.0
15:43:11.868 [pool-2-thread-3] DEBUG z.r.experiment.ScoreCalculator - Score calculation completed: 5.88235294117647
15:43:14.309 [pool-2-thread-4] DEBUG z.r.experiment.ScoreCalculator - Score calculation completed: 4.705882352941177
15:43:15.316 [pool-2-thread-1] DEBUG z.r.experiment.ScoreCalculator - Score calculation completed: 0.0
15:43:16.544 [pool-2-thread-4] DEBUG z.r.experiment.ScoreCalculator - Score calculation completed: 0.0
15:43:18.013 [pool-2-thread-2] DEBUG z.r.experiment.ScoreCalculator - Score calculation completed: 3.5294117647058822
15:43:18.267 [pool-2-thread-3] DEBUG z.r.experiment.ScoreCalculator - Score calculation completed: 5.88235294117647
15:43:18.947 [pool-2-thread-1] DEBUG z.r.experiment.ScoreCalculator - Score calculation completed: 2.3529411764705883
15:43:20.130 [pool-2-thread-4] DEBUG z.r.experiment.ScoreCalculator - Score calculation completed: 1.1764705882352942
15:43:20.368 [pool-2-thread-3] DEBUG z.r.experiment.ScoreCalculator - Score calculation completed: 0.0
15:43:21.156 [pool-2-thread-2] DEBUG z.r.experiment.ScoreCalculator - Score calculation completed: 1.1764705882352942
15:43:22.028 [pool-2-thread-1] DEBUG z.r.experiment.ScoreCalculator - Score calculation completed: 1.1764705882352942
15:43:22.708 [pool-2-thread-4] DEBUG z.r.experiment.ScoreCalculator - Score calculation completed: 2.3529411764705883
15:43:22.709 [main] INFO  z.redbridge.experiment.StatsRecorder - Epoch 3 complete
15:43:22.709 [main] DEBUG z.redbridge.experiment.StatsRecorder - Recording stats - max: 9714.0, mean: 4484.608108108108
15:43:22.710 [main] DEBUG z.redbridge.experiment.StatsRecorder - Recording stats - max: 29.411764705882355, mean: 5.135135135135135
15:43:22.710 [main] DEBUG z.redbridge.experiment.StatsRecorder - Recording stats - max: 6.0, mean: 4.378378378378378
15:43:22.767 [main] INFO  z.redbridge.experiment.StatsRecorder - New best genome! Epoch: 3, score: 29.411764705882355, num sensors: 4
15:43:27.995 [pool-2-thread-1] DEBUG z.r.experiment.ScoreCalculator - Score calculation completed: 1.1764705882352942
15:43:28.453 [pool-2-thread-3] DEBUG z.r.experiment.ScoreCalculator - Score calculation completed: 4.705882352941177
15:43:29.226 [pool-2-thread-2] DEBUG z.r.experiment.ScoreCalculator - Score calculation completed: 12.941176470588237
15:43:29.462 [pool-2-thread-4] DEBUG z.r.experiment.ScoreCalculator - Score calculation completed: 23.52941176470588
15:43:31.567 [pool-2-thread-3] DEBUG z.r.experiment.ScoreCalculator - Score calculation completed: 0.0
15:43:32.413 [pool-2-thread-1] DEBUG z.r.experiment.ScoreCalculator - Score calculation completed: 9.411764705882353
15:43:34.710 [pool-2-thread-2] DEBUG z.r.experiment.ScoreCalculator - Score calculation completed: 17.647058823529413
15:43:38.403 [pool-2-thread-4] DEBUG z.r.experiment.ScoreCalculator - Score calculation completed: 20.0
15:43:40.471 [pool-2-thread-1] DEBUG z.r.experiment.ScoreCalculator - Score calculation completed: 24.705882352941178
15:43:42.751 [pool-2-thread-3] DEBUG z.r.experiment.ScoreCalculator - Score calculation completed: 10.588235294117647
15:43:44.291 [pool-2-thread-4] DEBUG z.r.experiment.ScoreCalculator - Score calculation completed: 0.0
15:43:44.777 [pool-2-thread-2] DEBUG z.r.experiment.ScoreCalculator - Score calculation completed: 14.117647058823529
15:43:48.050 [pool-2-thread-3] DEBUG z.r.experiment.ScoreCalculator - Score calculation completed: 0.0
15:43:48.686 [pool-2-thread-4] DEBUG z.r.experiment.ScoreCalculator - Score calculation completed: 0.0
15:43:48.779 [pool-2-thread-1] DEBUG z.r.experiment.ScoreCalculator - Score calculation completed: 12.941176470588237
15:43:49.551 [pool-2-thread-2] DEBUG z.r.experiment.ScoreCalculator - Score calculation completed: 5.88235294117647
15:43:53.050 [pool-2-thread-1] DEBUG z.r.experiment.ScoreCalculator - Score calculation completed: 1.1764705882352942
15:43:53.291 [pool-2-thread-4] DEBUG z.r.experiment.ScoreCalculator - Score calculation completed: 1.1764705882352942
15:43:53.439 [pool-2-thread-3] DEBUG z.r.experiment.ScoreCalculator - Score calculation completed: 0.0
15:43:54.105 [pool-2-thread-2] DEBUG z.r.experiment.ScoreCalculator - Score calculation completed: 9.411764705882353
15:43:57.701 [pool-2-thread-1] DEBUG z.r.experiment.ScoreCalculator - Score calculation completed: 1.1764705882352942
15:43:57.946 [pool-2-thread-4] DEBUG z.r.experiment.ScoreCalculator - Score calculation completed: 3.5294117647058822
15:43:58.200 [pool-2-thread-3] DEBUG z.r.experiment.ScoreCalculator - Score calculation completed: 3.5294117647058822
15:43:58.473 [pool-2-thread-2] DEBUG z.r.experiment.ScoreCalculator - Score calculation completed: 8.235294117647058
15:44:01.917 [pool-2-thread-1] DEBUG z.r.experiment.ScoreCalculator - Score calculation completed: 8.235294117647058
15:44:02.874 [pool-2-thread-3] DEBUG z.r.experiment.ScoreCalculator - Score calculation completed: 9.411764705882353
15:44:03.220 [pool-2-thread-4] DEBUG z.r.experiment.ScoreCalculator - Score calculation completed: 14.117647058823529
15:44:03.316 [pool-2-thread-2] DEBUG z.r.experiment.ScoreCalculator - Score calculation completed: 7.0588235294117645
15:44:09.499 [pool-2-thread-1] DEBUG z.r.experiment.ScoreCalculator - Score calculation completed: 9.411764705882353
15:44:10.020 [pool-2-thread-3] DEBUG z.r.experiment.ScoreCalculator - Score calculation completed: 12.941176470588237
15:44:10.184 [pool-2-thread-4] DEBUG z.r.experiment.ScoreCalculator - Score calculation completed: 12.941176470588237
15:44:10.562 [pool-2-thread-2] DEBUG z.r.experiment.ScoreCalculator - Score calculation completed: 8.235294117647058
15:44:14.383 [pool-2-thread-4] DEBUG z.r.experiment.ScoreCalculator - Score calculation completed: 1.1764705882352942
15:44:14.866 [pool-2-thread-1] DEBUG z.r.experiment.ScoreCalculator - Score calculation completed: 7.0588235294117645
15:44:14.984 [pool-2-thread-3] DEBUG z.r.experiment.ScoreCalculator - Score calculation completed: 12.941176470588237
15:44:15.267 [pool-2-thread-2] DEBUG z.r.experiment.ScoreCalculator - Score calculation completed: 8.235294117647058
15:44:18.456 [pool-2-thread-4] DEBUG z.r.experiment.ScoreCalculator - Score calculation completed: 8.235294117647058
15:44:18.688 [pool-2-thread-3] DEBUG z.r.experiment.ScoreCalculator - Score calculation completed: 1.1764705882352942
15:44:18.910 [pool-2-thread-1] DEBUG z.r.experiment.ScoreCalculator - Score calculation completed: 9.411764705882353
15:44:19.606 [pool-2-thread-2] DEBUG z.r.experiment.ScoreCalculator - Score calculation completed: 12.941176470588237
15:44:22.490 [pool-2-thread-3] DEBUG z.r.experiment.ScoreCalculator - Score calculation completed: 5.88235294117647
15:44:22.641 [pool-2-thread-1] DEBUG z.r.experiment.ScoreCalculator - Score calculation completed: 8.235294117647058
15:44:23.594 [pool-2-thread-4] DEBUG z.r.experiment.ScoreCalculator - Score calculation completed: 17.647058823529413
15:44:23.705 [pool-2-thread-2] DEBUG z.r.experiment.ScoreCalculator - Score calculation completed: 5.88235294117647
15:44:25.317 [pool-2-thread-1] DEBUG z.r.experiment.ScoreCalculator - Score calculation completed: 5.88235294117647
15:44:27.475 [pool-2-thread-3] DEBUG z.r.experiment.ScoreCalculator - Score calculation completed: 10.588235294117647
15:44:27.965 [pool-2-thread-2] DEBUG z.r.experiment.ScoreCalculator - Score calculation completed: 0.0
15:44:28.107 [pool-2-thread-4] DEBUG z.r.experiment.ScoreCalculator - Score calculation completed: 0.0
15:44:30.471 [pool-2-thread-1] DEBUG z.r.experiment.ScoreCalculator - Score calculation completed: 7.0588235294117645
15:44:32.007 [pool-2-thread-2] DEBUG z.r.experiment.ScoreCalculator - Score calculation completed: 0.0
15:44:33.206 [pool-2-thread-4] DEBUG z.r.experiment.ScoreCalculator - Score calculation completed: 4.705882352941177
15:44:33.773 [pool-2-thread-3] DEBUG z.r.experiment.ScoreCalculator - Score calculation completed: 9.411764705882353
15:44:35.824 [pool-2-thread-1] DEBUG z.r.experiment.ScoreCalculator - Score calculation completed: 8.235294117647058
15:44:36.439 [pool-2-thread-4] DEBUG z.r.experiment.ScoreCalculator - Score calculation completed: 0.0
15:44:37.345 [pool-2-thread-2] DEBUG z.r.experiment.ScoreCalculator - Score calculation completed: 4.705882352941177
15:44:38.751 [pool-2-thread-3] DEBUG z.r.experiment.ScoreCalculator - Score calculation completed: 5.88235294117647
15:44:40.835 [pool-2-thread-4] DEBUG z.r.experiment.ScoreCalculator - Score calculation completed: 10.588235294117647
15:44:41.155 [pool-2-thread-1] DEBUG z.r.experiment.ScoreCalculator - Score calculation completed: 12.941176470588237
15:44:43.433 [pool-2-thread-2] DEBUG z.r.experiment.ScoreCalculator - Score calculation completed: 15.294117647058824
15:44:45.541 [pool-2-thread-3] DEBUG z.r.experiment.ScoreCalculator - Score calculation completed: 3.5294117647058822
15:44:48.573 [pool-2-thread-1] DEBUG z.r.experiment.ScoreCalculator - Score calculation completed: 9.411764705882353
15:44:49.703 [pool-2-thread-4] DEBUG z.r.experiment.ScoreCalculator - Score calculation completed: 0.0
15:44:51.372 [pool-2-thread-2] DEBUG z.r.experiment.ScoreCalculator - Score calculation completed: 8.235294117647058
15:44:53.422 [pool-2-thread-3] DEBUG z.r.experiment.ScoreCalculator - Score calculation completed: 0.0
15:44:58.652 [pool-2-thread-4] DEBUG z.r.experiment.ScoreCalculator - Score calculation completed: 8.235294117647058
15:44:59.374 [pool-2-thread-1] DEBUG z.r.experiment.ScoreCalculator - Score calculation completed: 0.0
15:45:00.071 [pool-2-thread-2] DEBUG z.r.experiment.ScoreCalculator - Score calculation completed: 1.1764705882352942
15:45:02.302 [pool-2-thread-3] DEBUG z.r.experiment.ScoreCalculator - Score calculation completed: 1.1764705882352942
15:45:06.863 [pool-2-thread-4] DEBUG z.r.experiment.ScoreCalculator - Score calculation completed: 2.3529411764705883
15:45:08.128 [pool-2-thread-2] DEBUG z.r.experiment.ScoreCalculator - Score calculation completed: 0.0
15:45:08.477 [pool-2-thread-1] DEBUG z.r.experiment.ScoreCalculator - Score calculation completed: 3.5294117647058822
15:45:10.354 [pool-2-thread-3] DEBUG z.r.experiment.ScoreCalculator - Score calculation completed: 2.3529411764705883
15:45:11.237 [pool-2-thread-1] DEBUG z.r.experiment.ScoreCalculator - Score calculation completed: 4.705882352941177
15:45:11.733 [pool-2-thread-2] DEBUG z.r.experiment.ScoreCalculator - Score calculation completed: 0.0
15:45:12.136 [pool-2-thread-4] DEBUG z.r.experiment.ScoreCalculator - Score calculation completed: 2.3529411764705883
15:45:12.137 [main] INFO  z.redbridge.experiment.StatsRecorder - Epoch 4 complete
15:45:12.137 [main] DEBUG z.redbridge.experiment.StatsRecorder - Recording stats - max: 11184.0, mean: 5789.573333333334
15:45:12.138 [main] DEBUG z.redbridge.experiment.StatsRecorder - Recording stats - max: 24.705882352941178, mean: 6.792156862745098
15:45:12.139 [main] DEBUG z.redbridge.experiment.StatsRecorder - Recording stats - max: 7.0, mean: 4.919999999999999
15:45:18.319 [pool-2-thread-2] DEBUG z.r.experiment.ScoreCalculator - Score calculation completed: 22.35294117647059
15:45:18.708 [pool-2-thread-3] DEBUG z.r.experiment.ScoreCalculator - Score calculation completed: 14.117647058823529
15:45:18.888 [pool-2-thread-1] DEBUG z.r.experiment.ScoreCalculator - Score calculation completed: 20.0
15:45:21.053 [pool-2-thread-4] DEBUG z.r.experiment.ScoreCalculator - Score calculation completed: 23.52941176470588
15:45:24.281 [pool-2-thread-2] DEBUG z.r.experiment.ScoreCalculator - Score calculation completed: 16.470588235294116
15:45:25.069 [pool-2-thread-3] DEBUG z.r.experiment.ScoreCalculator - Score calculation completed: 14.117647058823529
15:45:25.564 [pool-2-thread-1] DEBUG z.r.experiment.ScoreCalculator - Score calculation completed: 12.941176470588237
15:45:27.460 [pool-2-thread-4] DEBUG z.r.experiment.ScoreCalculator - Score calculation completed: 16.470588235294116
15:45:29.728 [pool-2-thread-2] DEBUG z.r.experiment.ScoreCalculator - Score calculation completed: 7.0588235294117645
15:45:31.083 [pool-2-thread-3] DEBUG z.r.experiment.ScoreCalculator - Score calculation completed: 15.294117647058824
15:45:32.287 [pool-2-thread-1] DEBUG z.r.experiment.ScoreCalculator - Score calculation completed: 9.411764705882353
15:45:33.216 [pool-2-thread-2] DEBUG z.r.experiment.ScoreCalculator - Score calculation completed: 4.705882352941177
15:45:35.516 [pool-2-thread-4] DEBUG z.r.experiment.ScoreCalculator - Score calculation completed: 21.176470588235293
15:45:36.159 [pool-2-thread-3] DEBUG z.r.experiment.ScoreCalculator - Score calculation completed: 5.88235294117647
15:45:37.771 [pool-2-thread-2] DEBUG z.r.experiment.ScoreCalculator - Score calculation completed: 1.1764705882352942
15:45:38.302 [pool-2-thread-3] DEBUG z.r.experiment.ScoreCalculator - Score calculation completed: 0.0
15:45:38.609 [pool-2-thread-1] DEBUG z.r.experiment.ScoreCalculator - Score calculation completed: 16.470588235294116
15:45:39.565 [pool-2-thread-4] DEBUG z.r.experiment.ScoreCalculator - Score calculation completed: 0.0
15:45:41.535 [pool-2-thread-2] DEBUG z.r.experiment.ScoreCalculator - Score calculation completed: 4.705882352941177
15:45:42.684 [pool-2-thread-3] DEBUG z.r.experiment.ScoreCalculator - Score calculation completed: 11.76470588235294
15:45:44.530 [pool-2-thread-1] DEBUG z.r.experiment.ScoreCalculator - Score calculation completed: 15.294117647058824
15:45:44.889 [pool-2-thread-4] DEBUG z.r.experiment.ScoreCalculator - Score calculation completed: 5.88235294117647
15:45:48.299 [pool-2-thread-2] DEBUG z.r.experiment.ScoreCalculator - Score calculation completed: 16.470588235294116
15:45:48.916 [pool-2-thread-3] DEBUG z.r.experiment.ScoreCalculator - Score calculation completed: 9.411764705882353
15:45:51.036 [pool-2-thread-1] DEBUG z.r.experiment.ScoreCalculator - Score calculation completed: 2.3529411764705883
15:45:52.085 [pool-2-thread-4] DEBUG z.r.experiment.ScoreCalculator - Score calculation completed: 0.0
15:45:52.803 [pool-2-thread-3] DEBUG z.r.experiment.ScoreCalculator - Score calculation completed: 2.3529411764705883
15:45:53.065 [pool-2-thread-2] DEBUG z.r.experiment.ScoreCalculator - Score calculation completed: 0.0
15:45:54.944 [pool-2-thread-1] DEBUG z.r.experiment.ScoreCalculator - Score calculation completed: 1.1764705882352942
15:45:56.738 [pool-2-thread-4] DEBUG z.r.experiment.ScoreCalculator - Score calculation completed: 1.1764705882352942
15:45:57.067 [pool-2-thread-2] DEBUG z.r.experiment.ScoreCalculator - Score calculation completed: 1.1764705882352942
15:45:57.364 [pool-2-thread-3] DEBUG z.r.experiment.ScoreCalculator - Score calculation completed: 4.705882352941177
15:45:59.044 [pool-2-thread-1] DEBUG z.r.experiment.ScoreCalculator - Score calculation completed: 9.411764705882353
15:46:02.566 [pool-2-thread-4] DEBUG z.r.experiment.ScoreCalculator - Score calculation completed: 5.88235294117647
15:46:02.731 [pool-2-thread-2] DEBUG z.r.experiment.ScoreCalculator - Score calculation completed: 4.705882352941177
15:46:03.399 [pool-2-thread-3] DEBUG z.r.experiment.ScoreCalculator - Score calculation completed: 8.235294117647058
15:46:05.601 [pool-2-thread-1] DEBUG z.r.experiment.ScoreCalculator - Score calculation completed: 12.941176470588237
15:46:08.541 [pool-2-thread-2] DEBUG z.r.experiment.ScoreCalculator - Score calculation completed: 16.470588235294116
15:46:08.689 [pool-2-thread-4] DEBUG z.r.experiment.ScoreCalculator - Score calculation completed: 12.941176470588237
15:46:09.361 [pool-2-thread-3] DEBUG z.r.experiment.ScoreCalculator - Score calculation completed: 14.117647058823529
15:46:11.485 [pool-2-thread-1] DEBUG z.r.experiment.ScoreCalculator - Score calculation completed: 12.941176470588237
15:46:14.130 [pool-2-thread-4] DEBUG z.r.experiment.ScoreCalculator - Score calculation completed: 3.5294117647058822
15:46:14.389 [pool-2-thread-2] DEBUG z.r.experiment.ScoreCalculator - Score calculation completed: 5.88235294117647
15:46:14.882 [pool-2-thread-3] DEBUG z.r.experiment.ScoreCalculator - Score calculation completed: 9.411764705882353
15:46:17.379 [pool-2-thread-1] DEBUG z.r.experiment.ScoreCalculator - Score calculation completed: 12.941176470588237
15:46:20.154 [pool-2-thread-1] DEBUG z.r.experiment.ScoreCalculator - Score calculation completed: 11.76470588235294
15:46:20.246 [pool-2-thread-2] DEBUG z.r.experiment.ScoreCalculator - Score calculation completed: 1.1764705882352942
15:46:20.739 [pool-2-thread-3] DEBUG z.r.experiment.ScoreCalculator - Score calculation completed: 1.1764705882352942
15:46:20.884 [pool-2-thread-4] DEBUG z.r.experiment.ScoreCalculator - Score calculation completed: 4.705882352941177
15:46:22.841 [pool-2-thread-1] DEBUG z.r.experiment.ScoreCalculator - Score calculation completed: 7.0588235294117645
15:46:22.913 [pool-2-thread-2] DEBUG z.r.experiment.ScoreCalculator - Score calculation completed: 3.5294117647058822
15:46:23.443 [pool-2-thread-3] DEBUG z.r.experiment.ScoreCalculator - Score calculation completed: 2.3529411764705883
15:46:24.654 [pool-2-thread-4] DEBUG z.r.experiment.ScoreCalculator - Score calculation completed: 11.76470588235294
15:46:25.280 [pool-2-thread-1] DEBUG z.r.experiment.ScoreCalculator - Score calculation completed: 5.88235294117647
15:46:27.656 [pool-2-thread-3] DEBUG z.r.experiment.ScoreCalculator - Score calculation completed: 0.0
15:46:27.977 [pool-2-thread-2] DEBUG z.r.experiment.ScoreCalculator - Score calculation completed: 7.0588235294117645
15:46:29.791 [pool-2-thread-1] DEBUG z.r.experiment.ScoreCalculator - Score calculation completed: 3.5294117647058822
15:46:29.889 [pool-2-thread-4] DEBUG z.r.experiment.ScoreCalculator - Score calculation completed: 4.705882352941177
15:46:31.420 [pool-2-thread-3] DEBUG z.r.experiment.ScoreCalculator - Score calculation completed: 5.88235294117647
15:46:32.050 [pool-2-thread-2] DEBUG z.r.experiment.ScoreCalculator - Score calculation completed: 5.88235294117647
15:46:33.587 [pool-2-thread-1] DEBUG z.r.experiment.ScoreCalculator - Score calculation completed: 5.88235294117647
15:46:33.802 [pool-2-thread-4] DEBUG z.r.experiment.ScoreCalculator - Score calculation completed: 5.88235294117647
15:46:35.827 [pool-2-thread-2] DEBUG z.r.experiment.ScoreCalculator - Score calculation completed: 2.3529411764705883
15:46:37.277 [pool-2-thread-1] DEBUG z.r.experiment.ScoreCalculator - Score calculation completed: 5.88235294117647
15:46:37.577 [pool-2-thread-4] DEBUG z.r.experiment.ScoreCalculator - Score calculation completed: 2.3529411764705883
15:46:38.271 [pool-2-thread-2] DEBUG z.r.experiment.ScoreCalculator - Score calculation completed: 4.705882352941177
15:46:38.852 [pool-2-thread-3] DEBUG z.r.experiment.ScoreCalculator - Score calculation completed: 1.1764705882352942
15:46:39.962 [pool-2-thread-1] DEBUG z.r.experiment.ScoreCalculator - Score calculation completed: 1.1764705882352942
15:46:40.637 [pool-2-thread-4] DEBUG z.r.experiment.ScoreCalculator - Score calculation completed: 2.3529411764705883
15:46:42.634 [pool-2-thread-4] DEBUG z.r.experiment.ScoreCalculator - Score calculation completed: 0.0
15:46:44.834 [pool-2-thread-1] DEBUG z.r.experiment.ScoreCalculator - Score calculation completed: 1.1764705882352942
15:46:45.598 [pool-2-thread-2] DEBUG z.r.experiment.ScoreCalculator - Score calculation completed: 4.705882352941177
15:46:45.790 [pool-2-thread-3] DEBUG z.r.experiment.ScoreCalculator - Score calculation completed: 3.5294117647058822
15:46:46.787 [pool-2-thread-4] DEBUG z.r.experiment.ScoreCalculator - Score calculation completed: 2.3529411764705883
15:46:48.685 [pool-2-thread-1] DEBUG z.r.experiment.ScoreCalculator - Score calculation completed: 0.0
15:46:49.449 [pool-2-thread-3] DEBUG z.r.experiment.ScoreCalculator - Score calculation completed: 0.0
15:46:50.023 [pool-2-thread-4] DEBUG z.r.experiment.ScoreCalculator - Score calculation completed: 4.705882352941177
15:46:50.461 [pool-2-thread-2] DEBUG z.r.experiment.ScoreCalculator - Score calculation completed: 2.3529411764705883
15:46:51.061 [pool-2-thread-1] DEBUG z.r.experiment.ScoreCalculator - Score calculation completed: 1.1764705882352942
15:46:51.061 [main] INFO  z.redbridge.experiment.StatsRecorder - Epoch 5 complete
15:46:51.061 [main] DEBUG z.redbridge.experiment.StatsRecorder - Recording stats - max: 8830.0, mean: 4963.544303797467
15:46:51.063 [main] DEBUG z.redbridge.experiment.StatsRecorder - Recording stats - max: 23.52941176470588, mean: 7.02903946388682
15:46:51.063 [main] DEBUG z.redbridge.experiment.StatsRecorder - Recording stats - max: 7.0, mean: 5.139240506329115
15:46:54.416 [pool-2-thread-4] DEBUG z.r.experiment.ScoreCalculator - Score calculation completed: 2.3529411764705883
15:46:56.143 [pool-2-thread-1] DEBUG z.r.experiment.ScoreCalculator - Score calculation completed: 29.411764705882355
15:46:56.273 [pool-2-thread-3] DEBUG z.r.experiment.ScoreCalculator - Score calculation completed: 21.176470588235293
15:46:56.328 [pool-2-thread-2] DEBUG z.r.experiment.ScoreCalculator - Score calculation completed: 12.941176470588237
15:46:59.492 [pool-2-thread-4] DEBUG z.r.experiment.ScoreCalculator - Score calculation completed: 4.705882352941177
15:47:00.138 [pool-2-thread-3] DEBUG z.r.experiment.ScoreCalculator - Score calculation completed: 4.705882352941177
15:47:02.122 [pool-2-thread-2] DEBUG z.r.experiment.ScoreCalculator - Score calculation completed: 18.823529411764707
15:47:02.792 [pool-2-thread-4] DEBUG z.r.experiment.ScoreCalculator - Score calculation completed: 0.0
15:47:04.980 [pool-2-thread-3] DEBUG z.r.experiment.ScoreCalculator - Score calculation completed: 12.941176470588237
15:47:07.790 [pool-2-thread-4] DEBUG z.r.experiment.ScoreCalculator - Score calculation completed: 17.647058823529413
15:47:08.459 [pool-2-thread-2] DEBUG z.r.experiment.ScoreCalculator - Score calculation completed: 21.176470588235293
15:47:11.028 [pool-2-thread-1] DEBUG z.r.experiment.ScoreCalculator - Score calculation completed: 8.235294117647058
15:47:11.230 [pool-2-thread-4] DEBUG z.r.experiment.ScoreCalculator - Score calculation completed: 4.705882352941177
15:47:14.353 [pool-2-thread-2] DEBUG z.r.experiment.ScoreCalculator - Score calculation completed: 17.647058823529413
15:47:14.614 [pool-2-thread-3] DEBUG z.r.experiment.ScoreCalculator - Score calculation completed: 17.647058823529413
15:47:17.652 [pool-2-thread-4] DEBUG z.r.experiment.ScoreCalculator - Score calculation completed: 16.470588235294116
15:47:17.795 [pool-2-thread-1] DEBUG z.r.experiment.ScoreCalculator - Score calculation completed: 11.76470588235294
15:47:18.328 [pool-2-thread-2] DEBUG z.r.experiment.ScoreCalculator - Score calculation completed: 2.3529411764705883
15:47:18.466 [pool-2-thread-3] DEBUG z.r.experiment.ScoreCalculator - Score calculation completed: 0.0
15:47:23.186 [pool-2-thread-3] DEBUG z.r.experiment.ScoreCalculator - Score calculation completed: 0.0
15:47:23.584 [pool-2-thread-2] DEBUG z.r.experiment.ScoreCalculator - Score calculation completed: 14.117647058823529
15:47:24.422 [pool-2-thread-4] DEBUG z.r.experiment.ScoreCalculator - Score calculation completed: 27.058823529411764
15:47:24.670 [pool-2-thread-1] DEBUG z.r.experiment.ScoreCalculator - Score calculation completed: 27.058823529411764
15:47:28.049 [pool-2-thread-3] DEBUG z.r.experiment.ScoreCalculator - Score calculation completed: 0.0
15:47:29.735 [pool-2-thread-4] DEBUG z.r.experiment.ScoreCalculator - Score calculation completed: 2.3529411764705883
15:47:30.012 [pool-2-thread-2] DEBUG z.r.experiment.ScoreCalculator - Score calculation completed: 12.941176470588237
15:47:30.911 [pool-2-thread-1] DEBUG z.r.experiment.ScoreCalculator - Score calculation completed: 11.76470588235294
15:47:32.327 [pool-2-thread-2] DEBUG z.r.experiment.ScoreCalculator - Score calculation completed: 0.0
15:47:33.400 [pool-2-thread-1] DEBUG z.r.experiment.ScoreCalculator - Score calculation completed: 0.0
15:47:34.605 [pool-2-thread-2] DEBUG z.r.experiment.ScoreCalculator - Score calculation completed: 0.0
15:47:34.704 [pool-2-thread-3] DEBUG z.r.experiment.ScoreCalculator - Score calculation completed: 11.76470588235294
15:47:35.617 [pool-2-thread-1] DEBUG z.r.experiment.ScoreCalculator - Score calculation completed: 0.0
15:47:36.852 [pool-2-thread-2] DEBUG z.r.experiment.ScoreCalculator - Score calculation completed: 0.0
15:47:37.157 [pool-2-thread-4] DEBUG z.r.experiment.ScoreCalculator - Score calculation completed: 15.294117647058824
15:47:38.989 [pool-2-thread-3] DEBUG z.r.experiment.ScoreCalculator - Score calculation completed: 5.88235294117647
15:47:39.728 [pool-2-thread-1] DEBUG z.r.experiment.ScoreCalculator - Score calculation completed: 3.5294117647058822
15:47:40.999 [pool-2-thread-2] DEBUG z.r.experiment.ScoreCalculator - Score calculation completed: 5.88235294117647
15:47:41.219 [pool-2-thread-4] DEBUG z.r.experiment.ScoreCalculator - Score calculation completed: 1.1764705882352942
15:47:42.485 [pool-2-thread-1] DEBUG z.r.experiment.ScoreCalculator - Score calculation completed: 2.3529411764705883
15:47:43.221 [pool-2-thread-3] DEBUG z.r.experiment.ScoreCalculator - Score calculation completed: 2.3529411764705883
15:47:44.981 [pool-2-thread-1] DEBUG z.r.experiment.ScoreCalculator - Score calculation completed: 5.88235294117647
15:47:45.463 [pool-2-thread-4] DEBUG z.r.experiment.ScoreCalculator - Score calculation completed: 9.411764705882353
15:47:45.525 [pool-2-thread-2] DEBUG z.r.experiment.ScoreCalculator - Score calculation completed: 4.705882352941177
15:47:45.980 [pool-2-thread-3] DEBUG z.r.experiment.ScoreCalculator - Score calculation completed: 7.0588235294117645
15:47:49.475 [pool-2-thread-1] DEBUG z.r.experiment.ScoreCalculator - Score calculation completed: 16.470588235294116
15:47:52.077 [pool-2-thread-4] DEBUG z.r.experiment.ScoreCalculator - Score calculation completed: 1.1764705882352942
15:47:52.265 [pool-2-thread-2] DEBUG z.r.experiment.ScoreCalculator - Score calculation completed: 1.1764705882352942
15:47:54.353 [pool-2-thread-3] DEBUG z.r.experiment.ScoreCalculator - Score calculation completed: 0.0
15:47:55.882 [pool-2-thread-1] DEBUG z.r.experiment.ScoreCalculator - Score calculation completed: 5.88235294117647
15:47:58.322 [pool-2-thread-4] DEBUG z.r.experiment.ScoreCalculator - Score calculation completed: 9.411764705882353
15:47:58.582 [pool-2-thread-2] DEBUG z.r.experiment.ScoreCalculator - Score calculation completed: 4.705882352941177
15:48:00.906 [pool-2-thread-3] DEBUG z.r.experiment.ScoreCalculator - Score calculation completed: 7.0588235294117645
15:48:02.335 [pool-2-thread-1] DEBUG z.r.experiment.ScoreCalculator - Score calculation completed: 12.941176470588237
15:48:04.719 [pool-2-thread-4] DEBUG z.r.experiment.ScoreCalculator - Score calculation completed: 12.941176470588237
15:48:05.054 [pool-2-thread-2] DEBUG z.r.experiment.ScoreCalculator - Score calculation completed: 9.411764705882353
15:48:08.752 [pool-2-thread-1] DEBUG z.r.experiment.ScoreCalculator - Score calculation completed: 5.88235294117647
15:48:10.116 [pool-2-thread-3] DEBUG z.r.experiment.ScoreCalculator - Score calculation completed: 1.1764705882352942
15:48:11.516 [pool-2-thread-2] DEBUG z.r.experiment.ScoreCalculator - Score calculation completed: 8.235294117647058
15:48:11.747 [pool-2-thread-4] DEBUG z.r.experiment.ScoreCalculator - Score calculation completed: 8.235294117647058
15:48:14.944 [pool-2-thread-3] DEBUG z.r.experiment.ScoreCalculator - Score calculation completed: 5.88235294117647
15:48:15.289 [pool-2-thread-1] DEBUG z.r.experiment.ScoreCalculator - Score calculation completed: 9.411764705882353
15:48:16.410 [pool-2-thread-4] DEBUG z.r.experiment.ScoreCalculator - Score calculation completed: 0.0
15:48:16.824 [pool-2-thread-2] DEBUG z.r.experiment.ScoreCalculator - Score calculation completed: 7.0588235294117645
15:48:17.965 [pool-2-thread-1] DEBUG z.r.experiment.ScoreCalculator - Score calculation completed: 1.1764705882352942
15:48:19.706 [pool-2-thread-3] DEBUG z.r.experiment.ScoreCalculator - Score calculation completed: 3.5294117647058822
15:48:21.223 [pool-2-thread-4] DEBUG z.r.experiment.ScoreCalculator - Score calculation completed: 2.3529411764705883
15:48:21.367 [pool-2-thread-2] DEBUG z.r.experiment.ScoreCalculator - Score calculation completed: 1.1764705882352942
