15:04:17.308 [main] INFO  za.redbridge.experiment.Main - Options: 
	Config file path: hons-experiment-master/config/mediumSimConfig.yml
	Number of simulation steps: 1
	Population size: 1
	Number of simulation tests per iteration: 1
	Initial connection density: 0.5
	Demo network config path: null
	Running with the control case: false
	Morphology path: null
	Population path: null
15:04:22.897 [main] INFO  za.redbridge.experiment.Main - Options: 
	Config file path: hons-experiment-master/config/mediumSimConfig.yml
	Number of simulation steps: 1
	Population size: 1
	Number of simulation tests per iteration: 1
	Initial connection density: 0.5
	Demo network config path: null
	Running with the control case: false
	Morphology path: null
	Population path: null
15:04:26.301 [main] DEBUG za.redbridge.experiment.Main - Population initialized
15:04:26.352 [main] INFO  z.redbridge.experiment.StatsRecorder - Epoch 0 complete
15:04:26.352 [main] DEBUG z.redbridge.experiment.StatsRecorder - Recording stats - max: NaN, mean: NaN
15:04:26.356 [main] DEBUG z.redbridge.experiment.StatsRecorder - Recording stats - max: NaN, mean: NaN
15:04:26.357 [main] DEBUG z.redbridge.experiment.StatsRecorder - Recording stats - max: NaN, mean: NaN
15:04:26.430 [main] INFO  z.redbridge.experiment.StatsRecorder - New best genome! Epoch: 0, score: NaN, num sensors: 6
