15:00:05.107 [main] INFO  za.redbridge.experiment.Main - Options: 
	Config file path: hons-experiment-master/config/mediumSimConfig.yml
	Number of simulation steps: 500
	Population size: 100
	Number of simulation tests per iteration: 1
	Initial connection density: 0.5
	Demo network config path: results/naeem.local-20150916T1304/best networks/epoch-51/network.ser
	Running with the control case: false
	Morphology path: null
	Population path: null
15:00:09.184 [main] INFO  za.redbridge.experiment.Main - Options: 
	Config file path: hons-experiment-master/config/mediumSimConfig.yml
	Number of simulation steps: 500
	Population size: 100
	Number of simulation tests per iteration: 1
	Initial connection density: 0.5
	Demo network config path: results/naeem.local-20150916T1304/best networks/epoch-51/network.ser
	Running with the control case: false
	Morphology path: null
	Population path: null
