16:55:35.850 [main] INFO  za.redbridge.experiment.Main - Options: 
	Config file path: hons-experiment-master/config/mediumSimConfig.yml
	Number of simulation steps: 500
	Population size: 100
	Number of simulation tests per iteration: 1
	Initial connection density: 0.5
	Demo network config path: null
	Running with the control case: false
	Morphology path: null
	Population path: null
16:55:42.269 [main] DEBUG za.redbridge.experiment.Main - Population initialized
16:55:42.403 [main] INFO  z.redbridge.experiment.StatsRecorder - Epoch 0 complete
16:55:42.404 [main] DEBUG z.redbridge.experiment.StatsRecorder - Recording stats - max: NaN, mean: NaN
16:55:42.437 [main] DEBUG z.redbridge.experiment.StatsRecorder - Recording stats - max: NaN, mean: NaN
16:55:42.438 [main] DEBUG z.redbridge.experiment.StatsRecorder - Recording stats - max: NaN, mean: NaN
16:55:42.707 [main] INFO  z.redbridge.experiment.StatsRecorder - New best genome! Epoch: 0, score: NaN, num sensors: 4
16:55:46.584 [pool-1-thread-3] DEBUG z.r.experiment.ScoreCalculator - Score calculation completed: 0.0
16:55:47.578 [pool-1-thread-4] DEBUG z.r.experiment.ScoreCalculator - Score calculation completed: 0.0
16:55:47.999 [pool-1-thread-2] DEBUG z.r.experiment.ScoreCalculator - Score calculation completed: 1.6666666666666667
16:55:48.740 [pool-1-thread-1] DEBUG z.r.experiment.ScoreCalculator - Score calculation completed: 1.6666666666666667
16:55:49.384 [pool-1-thread-3] DEBUG z.r.experiment.ScoreCalculator - Score calculation completed: 0.0
16:55:49.479 [pool-1-thread-2] DEBUG z.r.experiment.ScoreCalculator - Score calculation completed: 0.0
16:55:50.241 [pool-1-thread-4] DEBUG z.r.experiment.ScoreCalculator - Score calculation completed: 0.0
16:55:50.772 [pool-1-thread-2] DEBUG z.r.experiment.ScoreCalculator - Score calculation completed: 0.0
16:55:51.247 [pool-1-thread-1] DEBUG z.r.experiment.ScoreCalculator - Score calculation completed: 0.0
16:55:51.372 [pool-1-thread-3] DEBUG z.r.experiment.ScoreCalculator - Score calculation completed: 0.0
16:55:52.087 [pool-1-thread-1] DEBUG z.r.experiment.ScoreCalculator - Score calculation completed: 0.0
16:55:52.296 [pool-1-thread-2] DEBUG z.r.experiment.ScoreCalculator - Score calculation completed: 0.0
16:55:52.899 [pool-1-thread-1] DEBUG z.r.experiment.ScoreCalculator - Score calculation completed: 0.0
16:55:53.070 [pool-1-thread-4] DEBUG z.r.experiment.ScoreCalculator - Score calculation completed: 0.0
16:55:53.412 [pool-1-thread-2] DEBUG z.r.experiment.ScoreCalculator - Score calculation completed: 0.0
16:55:53.504 [pool-1-thread-3] DEBUG z.r.experiment.ScoreCalculator - Score calculation completed: 1.6666666666666667
16:55:54.072 [pool-1-thread-4] DEBUG z.r.experiment.ScoreCalculator - Score calculation completed: 0.0
16:55:54.123 [pool-1-thread-1] DEBUG z.r.experiment.ScoreCalculator - Score calculation completed: 0.0
16:55:54.613 [pool-1-thread-2] DEBUG z.r.experiment.ScoreCalculator - Score calculation completed: 0.0
16:55:55.437 [pool-1-thread-1] DEBUG z.r.experiment.ScoreCalculator - Score calculation completed: 0.0
16:55:55.674 [pool-1-thread-3] DEBUG z.r.experiment.ScoreCalculator - Score calculation completed: 0.0
16:55:55.801 [pool-1-thread-2] DEBUG z.r.experiment.ScoreCalculator - Score calculation completed: 0.0
16:55:56.335 [pool-1-thread-4] DEBUG z.r.experiment.ScoreCalculator - Score calculation completed: 5.0
16:55:56.478 [pool-1-thread-3] DEBUG z.r.experiment.ScoreCalculator - Score calculation completed: 0.0
16:55:56.483 [pool-1-thread-2] DEBUG z.r.experiment.ScoreCalculator - Score calculation completed: 0.0
16:55:57.333 [pool-1-thread-1] DEBUG z.r.experiment.ScoreCalculator - Score calculation completed: 0.0
16:55:57.501 [pool-1-thread-2] DEBUG z.r.experiment.ScoreCalculator - Score calculation completed: 0.0
16:55:57.591 [pool-1-thread-4] DEBUG z.r.experiment.ScoreCalculator - Score calculation completed: 0.0
16:55:58.028 [pool-1-thread-1] DEBUG z.r.experiment.ScoreCalculator - Score calculation completed: 0.0
16:55:58.232 [pool-1-thread-3] DEBUG z.r.experiment.ScoreCalculator - Score calculation completed: 1.6666666666666667
16:55:58.596 [pool-1-thread-4] DEBUG z.r.experiment.ScoreCalculator - Score calculation completed: 0.0
16:55:58.963 [pool-1-thread-2] DEBUG z.r.experiment.ScoreCalculator - Score calculation completed: 0.0
16:55:59.189 [pool-1-thread-3] DEBUG z.r.experiment.ScoreCalculator - Score calculation completed: 0.0
16:55:59.657 [pool-1-thread-2] DEBUG z.r.experiment.ScoreCalculator - Score calculation completed: 0.0
16:55:59.831 [pool-1-thread-1] DEBUG z.r.experiment.ScoreCalculator - Score calculation completed: 0.0
16:55:59.909 [pool-1-thread-3] DEBUG z.r.experiment.ScoreCalculator - Score calculation completed: 0.0
16:56:00.424 [pool-1-thread-1] DEBUG z.r.experiment.ScoreCalculator - Score calculation completed: 0.0
16:56:00.830 [pool-1-thread-4] DEBUG z.r.experiment.ScoreCalculator - Score calculation completed: 0.0
16:56:01.208 [pool-1-thread-2] DEBUG z.r.experiment.ScoreCalculator - Score calculation completed: 0.0
16:56:01.326 [pool-1-thread-3] DEBUG z.r.experiment.ScoreCalculator - Score calculation completed: 0.0
16:56:01.477 [pool-1-thread-4] DEBUG z.r.experiment.ScoreCalculator - Score calculation completed: 0.0
16:56:02.011 [pool-1-thread-1] DEBUG z.r.experiment.ScoreCalculator - Score calculation completed: 1.6666666666666667
16:56:02.108 [pool-1-thread-2] DEBUG z.r.experiment.ScoreCalculator - Score calculation completed: 0.0
16:56:02.639 [pool-1-thread-3] DEBUG z.r.experiment.ScoreCalculator - Score calculation completed: 0.0
16:56:02.697 [pool-1-thread-1] DEBUG z.r.experiment.ScoreCalculator - Score calculation completed: 0.0
16:56:02.756 [pool-1-thread-2] DEBUG z.r.experiment.ScoreCalculator - Score calculation completed: 0.0
16:56:02.958 [pool-1-thread-4] DEBUG z.r.experiment.ScoreCalculator - Score calculation completed: 0.0
16:56:03.498 [pool-1-thread-2] DEBUG z.r.experiment.ScoreCalculator - Score calculation completed: 0.0
16:56:03.693 [pool-1-thread-1] DEBUG z.r.experiment.ScoreCalculator - Score calculation completed: 0.0
16:56:03.755 [pool-1-thread-4] DEBUG z.r.experiment.ScoreCalculator - Score calculation completed: 0.0
16:56:04.110 [pool-1-thread-3] DEBUG z.r.experiment.ScoreCalculator - Score calculation completed: 0.0
16:56:04.773 [pool-1-thread-2] DEBUG z.r.experiment.ScoreCalculator - Score calculation completed: 0.0
16:56:05.026 [pool-1-thread-4] DEBUG z.r.experiment.ScoreCalculator - Score calculation completed: 0.0
16:56:05.112 [pool-1-thread-3] DEBUG z.r.experiment.ScoreCalculator - Score calculation completed: 0.0
16:56:05.210 [pool-1-thread-1] DEBUG z.r.experiment.ScoreCalculator - Score calculation completed: 0.0
16:56:05.648 [pool-1-thread-2] DEBUG z.r.experiment.ScoreCalculator - Score calculation completed: 0.0
16:56:05.742 [pool-1-thread-3] DEBUG z.r.experiment.ScoreCalculator - Score calculation completed: 0.0
16:56:06.186 [pool-1-thread-4] DEBUG z.r.experiment.ScoreCalculator - Score calculation completed: 0.0
16:56:06.604 [pool-1-thread-1] DEBUG z.r.experiment.ScoreCalculator - Score calculation completed: 0.0
16:56:07.057 [pool-1-thread-3] DEBUG z.r.experiment.ScoreCalculator - Score calculation completed: 0.0
16:56:07.229 [pool-1-thread-2] DEBUG z.r.experiment.ScoreCalculator - Score calculation completed: 0.0
16:56:07.936 [pool-1-thread-1] DEBUG z.r.experiment.ScoreCalculator - Score calculation completed: 0.0
16:56:08.024 [pool-1-thread-4] DEBUG z.r.experiment.ScoreCalculator - Score calculation completed: 0.0
16:56:08.299 [pool-1-thread-2] DEBUG z.r.experiment.ScoreCalculator - Score calculation completed: 0.0
16:56:08.734 [pool-1-thread-4] DEBUG z.r.experiment.ScoreCalculator - Score calculation completed: 0.0
16:56:09.021 [pool-1-thread-1] DEBUG z.r.experiment.ScoreCalculator - Score calculation completed: 0.0
16:56:09.107 [pool-1-thread-2] DEBUG z.r.experiment.ScoreCalculator - Score calculation completed: 0.0
16:56:09.331 [pool-1-thread-3] DEBUG z.r.experiment.ScoreCalculator - Score calculation completed: 0.0
16:56:09.721 [pool-1-thread-1] DEBUG z.r.experiment.ScoreCalculator - Score calculation completed: 0.0
16:56:10.204 [pool-1-thread-4] DEBUG z.r.experiment.ScoreCalculator - Score calculation completed: 0.0
16:56:10.280 [pool-1-thread-1] DEBUG z.r.experiment.ScoreCalculator - Score calculation completed: 0.0
16:56:10.754 [pool-1-thread-3] DEBUG z.r.experiment.ScoreCalculator - Score calculation completed: 0.0
16:56:11.025 [pool-1-thread-2] DEBUG z.r.experiment.ScoreCalculator - Score calculation completed: 0.0
16:56:11.392 [pool-1-thread-4] DEBUG z.r.experiment.ScoreCalculator - Score calculation completed: 0.0
16:56:11.452 [pool-1-thread-3] DEBUG z.r.experiment.ScoreCalculator - Score calculation completed: 0.0
16:56:11.561 [pool-1-thread-1] DEBUG z.r.experiment.ScoreCalculator - Score calculation completed: 0.0
16:56:12.183 [pool-1-thread-2] DEBUG z.r.experiment.ScoreCalculator - Score calculation completed: 0.0
16:56:12.302 [pool-1-thread-1] DEBUG z.r.experiment.ScoreCalculator - Score calculation completed: 0.0
16:56:12.664 [pool-1-thread-3] DEBUG z.r.experiment.ScoreCalculator - Score calculation completed: 0.0
16:56:13.066 [pool-1-thread-4] DEBUG z.r.experiment.ScoreCalculator - Score calculation completed: 0.0
16:56:13.910 [pool-1-thread-2] DEBUG z.r.experiment.ScoreCalculator - Score calculation completed: 0.0
16:56:14.023 [pool-1-thread-1] DEBUG z.r.experiment.ScoreCalculator - Score calculation completed: 0.0
16:56:14.174 [pool-1-thread-3] DEBUG z.r.experiment.ScoreCalculator - Score calculation completed: 0.0
16:56:14.380 [pool-1-thread-4] DEBUG z.r.experiment.ScoreCalculator - Score calculation completed: 0.0
16:56:14.794 [pool-1-thread-1] DEBUG z.r.experiment.ScoreCalculator - Score calculation completed: 0.0
16:56:15.052 [pool-1-thread-2] DEBUG z.r.experiment.ScoreCalculator - Score calculation completed: 0.0
16:56:15.150 [pool-1-thread-4] DEBUG z.r.experiment.ScoreCalculator - Score calculation completed: 0.0
16:56:15.367 [pool-1-thread-3] DEBUG z.r.experiment.ScoreCalculator - Score calculation completed: 1.6666666666666667
16:56:15.798 [pool-1-thread-1] DEBUG z.r.experiment.ScoreCalculator - Score calculation completed: 0.0
16:56:15.915 [pool-1-thread-2] DEBUG z.r.experiment.ScoreCalculator - Score calculation completed: 0.0
16:56:16.092 [pool-1-thread-3] DEBUG z.r.experiment.ScoreCalculator - Score calculation completed: 0.0
16:56:16.502 [pool-1-thread-4] DEBUG z.r.experiment.ScoreCalculator - Score calculation completed: 0.0
16:56:16.757 [pool-1-thread-2] DEBUG z.r.experiment.ScoreCalculator - Score calculation completed: 0.0
16:56:16.938 [pool-1-thread-1] DEBUG z.r.experiment.ScoreCalculator - Score calculation completed: 0.0
16:56:17.329 [pool-1-thread-3] DEBUG z.r.experiment.ScoreCalculator - Score calculation completed: 0.0
16:56:18.060 [pool-1-thread-4] DEBUG z.r.experiment.ScoreCalculator - Score calculation completed: 3.3333333333333335
16:56:18.434 [pool-1-thread-1] DEBUG z.r.experiment.ScoreCalculator - Score calculation completed: 0.0
16:56:18.646 [pool-1-thread-3] DEBUG z.r.experiment.ScoreCalculator - Score calculation completed: 0.0
16:56:19.069 [pool-1-thread-2] DEBUG z.r.experiment.ScoreCalculator - Score calculation completed: 0.0
16:56:19.098 [pool-1-thread-4] DEBUG z.r.experiment.ScoreCalculator - Score calculation completed: 0.0
16:56:20.503 [pool-2-thread-4] DEBUG z.r.experiment.ScoreCalculator - Score calculation completed: 0.0
16:56:20.796 [pool-2-thread-1] DEBUG z.r.experiment.ScoreCalculator - Score calculation completed: 0.0
16:56:21.028 [pool-2-thread-3] DEBUG z.r.experiment.ScoreCalculator - Score calculation completed: 1.6666666666666667
16:56:21.239 [pool-2-thread-2] DEBUG z.r.experiment.ScoreCalculator - Score calculation completed: 0.0
16:56:21.413 [pool-2-thread-4] DEBUG z.r.experiment.ScoreCalculator - Score calculation completed: 0.0
16:56:21.921 [pool-2-thread-2] DEBUG z.r.experiment.ScoreCalculator - Score calculation completed: 0.0
16:56:22.215 [pool-2-thread-1] DEBUG z.r.experiment.ScoreCalculator - Score calculation completed: 0.0
16:56:22.519 [pool-2-thread-3] DEBUG z.r.experiment.ScoreCalculator - Score calculation completed: 0.0
16:56:22.830 [pool-2-thread-2] DEBUG z.r.experiment.ScoreCalculator - Score calculation completed: 0.0
16:56:23.503 [pool-2-thread-4] DEBUG z.r.experiment.ScoreCalculator - Score calculation completed: 1.6666666666666667
16:56:23.599 [pool-2-thread-1] DEBUG z.r.experiment.ScoreCalculator - Score calculation completed: 0.0
16:56:24.146 [pool-2-thread-2] DEBUG z.r.experiment.ScoreCalculator - Score calculation completed: 0.0
16:56:24.531 [pool-2-thread-3] DEBUG z.r.experiment.ScoreCalculator - Score calculation completed: 5.0
16:56:24.864 [pool-2-thread-4] DEBUG z.r.experiment.ScoreCalculator - Score calculation completed: 0.0
16:56:25.033 [pool-2-thread-1] DEBUG z.r.experiment.ScoreCalculator - Score calculation completed: 0.0
16:56:25.135 [pool-2-thread-2] DEBUG z.r.experiment.ScoreCalculator - Score calculation completed: 0.0
16:56:26.175 [pool-2-thread-3] DEBUG z.r.experiment.ScoreCalculator - Score calculation completed: 0.0
16:56:26.379 [pool-2-thread-2] DEBUG z.r.experiment.ScoreCalculator - Score calculation completed: 0.0
16:56:26.491 [pool-2-thread-4] DEBUG z.r.experiment.ScoreCalculator - Score calculation completed: 0.0
16:56:26.786 [pool-2-thread-1] DEBUG z.r.experiment.ScoreCalculator - Score calculation completed: 0.0
16:56:27.122 [pool-2-thread-2] DEBUG z.r.experiment.ScoreCalculator - Score calculation completed: 0.0
16:56:27.583 [pool-2-thread-4] DEBUG z.r.experiment.ScoreCalculator - Score calculation completed: 0.0
16:56:27.786 [pool-2-thread-1] DEBUG z.r.experiment.ScoreCalculator - Score calculation completed: 0.0
16:56:27.935 [pool-2-thread-3] DEBUG z.r.experiment.ScoreCalculator - Score calculation completed: 0.0
16:56:28.385 [pool-2-thread-1] DEBUG z.r.experiment.ScoreCalculator - Score calculation completed: 0.0
16:56:28.458 [pool-2-thread-2] DEBUG z.r.experiment.ScoreCalculator - Score calculation completed: 1.6666666666666667
16:56:28.897 [pool-2-thread-4] DEBUG z.r.experiment.ScoreCalculator - Score calculation completed: 0.0
16:56:29.239 [pool-2-thread-1] DEBUG z.r.experiment.ScoreCalculator - Score calculation completed: 0.0
16:56:29.570 [pool-2-thread-4] DEBUG z.r.experiment.ScoreCalculator - Score calculation completed: 0.0
16:56:29.941 [pool-2-thread-3] DEBUG z.r.experiment.ScoreCalculator - Score calculation completed: 0.0
16:56:29.986 [pool-2-thread-2] DEBUG z.r.experiment.ScoreCalculator - Score calculation completed: 0.0
16:56:30.655 [pool-2-thread-3] DEBUG z.r.experiment.ScoreCalculator - Score calculation completed: 0.0
16:56:30.844 [pool-2-thread-1] DEBUG z.r.experiment.ScoreCalculator - Score calculation completed: 0.0
16:56:30.936 [pool-2-thread-2] DEBUG z.r.experiment.ScoreCalculator - Score calculation completed: 0.0
16:56:31.081 [pool-2-thread-4] DEBUG z.r.experiment.ScoreCalculator - Score calculation completed: 0.0
16:56:31.573 [pool-2-thread-1] DEBUG z.r.experiment.ScoreCalculator - Score calculation completed: 0.0
16:56:31.776 [pool-2-thread-4] DEBUG z.r.experiment.ScoreCalculator - Score calculation completed: 0.0
16:56:31.945 [pool-2-thread-2] DEBUG z.r.experiment.ScoreCalculator - Score calculation completed: 0.0
16:56:32.389 [pool-2-thread-3] DEBUG z.r.experiment.ScoreCalculator - Score calculation completed: 0.0
16:56:32.490 [pool-2-thread-4] DEBUG z.r.experiment.ScoreCalculator - Score calculation completed: 0.0
16:56:32.706 [pool-2-thread-2] DEBUG z.r.experiment.ScoreCalculator - Score calculation completed: 0.0
16:56:33.392 [pool-2-thread-2] DEBUG z.r.experiment.ScoreCalculator - Score calculation completed: 0.0
16:56:33.731 [pool-2-thread-4] DEBUG z.r.experiment.ScoreCalculator - Score calculation completed: 0.0
16:56:34.181 [pool-2-thread-1] DEBUG z.r.experiment.ScoreCalculator - Score calculation completed: 0.0
16:56:34.302 [pool-2-thread-3] DEBUG z.r.experiment.ScoreCalculator - Score calculation completed: 3.3333333333333335
16:56:34.688 [pool-2-thread-2] DEBUG z.r.experiment.ScoreCalculator - Score calculation completed: 0.0
16:56:35.180 [pool-2-thread-3] DEBUG z.r.experiment.ScoreCalculator - Score calculation completed: 0.0
16:56:35.315 [pool-2-thread-4] DEBUG z.r.experiment.ScoreCalculator - Score calculation completed: 0.0
16:56:35.703 [pool-2-thread-1] DEBUG z.r.experiment.ScoreCalculator - Score calculation completed: 0.0
16:56:36.055 [pool-2-thread-2] DEBUG z.r.experiment.ScoreCalculator - Score calculation completed: 0.0
16:56:36.375 [pool-2-thread-4] DEBUG z.r.experiment.ScoreCalculator - Score calculation completed: 0.0
16:56:36.693 [pool-2-thread-1] DEBUG z.r.experiment.ScoreCalculator - Score calculation completed: 0.0
16:56:36.856 [pool-2-thread-3] DEBUG z.r.experiment.ScoreCalculator - Score calculation completed: 0.0
16:56:37.198 [pool-2-thread-2] DEBUG z.r.experiment.ScoreCalculator - Score calculation completed: 0.0
16:56:37.458 [pool-2-thread-1] DEBUG z.r.experiment.ScoreCalculator - Score calculation completed: 0.0
16:56:37.502 [pool-2-thread-4] DEBUG z.r.experiment.ScoreCalculator - Score calculation completed: 0.0
16:56:38.210 [pool-2-thread-4] DEBUG z.r.experiment.ScoreCalculator - Score calculation completed: 0.0
16:56:38.382 [pool-2-thread-1] DEBUG z.r.experiment.ScoreCalculator - Score calculation completed: 0.0
16:56:38.471 [pool-2-thread-3] DEBUG z.r.experiment.ScoreCalculator - Score calculation completed: 0.0
16:56:39.162 [pool-2-thread-2] DEBUG z.r.experiment.ScoreCalculator - Score calculation completed: 1.6666666666666667
16:56:39.583 [pool-2-thread-3] DEBUG z.r.experiment.ScoreCalculator - Score calculation completed: 0.0
16:56:40.071 [pool-2-thread-4] DEBUG z.r.experiment.ScoreCalculator - Score calculation completed: 5.0
16:56:40.263 [pool-2-thread-2] DEBUG z.r.experiment.ScoreCalculator - Score calculation completed: 0.0
16:56:40.387 [pool-2-thread-3] DEBUG z.r.experiment.ScoreCalculator - Score calculation completed: 0.0
16:56:40.666 [pool-2-thread-1] DEBUG z.r.experiment.ScoreCalculator - Score calculation completed: 0.0
16:56:41.214 [pool-2-thread-3] DEBUG z.r.experiment.ScoreCalculator - Score calculation completed: 0.0
16:56:41.568 [pool-2-thread-2] DEBUG z.r.experiment.ScoreCalculator - Score calculation completed: 0.0
16:56:41.815 [pool-2-thread-1] DEBUG z.r.experiment.ScoreCalculator - Score calculation completed: 0.0
16:56:42.029 [pool-2-thread-4] DEBUG z.r.experiment.ScoreCalculator - Score calculation completed: 1.6666666666666667
16:56:42.293 [pool-2-thread-3] DEBUG z.r.experiment.ScoreCalculator - Score calculation completed: 0.0
16:56:42.669 [pool-2-thread-1] DEBUG z.r.experiment.ScoreCalculator - Score calculation completed: 0.0
16:56:42.753 [pool-2-thread-2] DEBUG z.r.experiment.ScoreCalculator - Score calculation completed: 0.0
16:56:43.422 [pool-2-thread-3] DEBUG z.r.experiment.ScoreCalculator - Score calculation completed: 1.6666666666666667
16:56:43.479 [pool-2-thread-4] DEBUG z.r.experiment.ScoreCalculator - Score calculation completed: 0.0
16:56:43.763 [pool-2-thread-2] DEBUG z.r.experiment.ScoreCalculator - Score calculation completed: 0.0
16:56:44.020 [pool-2-thread-1] DEBUG z.r.experiment.ScoreCalculator - Score calculation completed: 0.0
16:56:44.023 [main] INFO  z.redbridge.experiment.StatsRecorder - Epoch 1 complete
16:56:44.023 [main] DEBUG z.redbridge.experiment.StatsRecorder - Recording stats - max: 5969.0, mean: 1368.1136363636365
16:56:44.024 [main] DEBUG z.redbridge.experiment.StatsRecorder - Recording stats - max: 5.0, mean: 0.23674242424242434
16:56:44.025 [main] DEBUG z.redbridge.experiment.StatsRecorder - Recording stats - max: 5.0, mean: 4.011363636363637
16:56:44.092 [main] INFO  z.redbridge.experiment.StatsRecorder - New best genome! Epoch: 1, score: 5.0, num sensors: 4
16:56:45.036 [pool-2-thread-3] DEBUG z.r.experiment.ScoreCalculator - Score calculation completed: 0.0
16:56:45.430 [pool-2-thread-1] DEBUG z.r.experiment.ScoreCalculator - Score calculation completed: 0.0
16:56:45.493 [pool-2-thread-4] DEBUG z.r.experiment.ScoreCalculator - Score calculation completed: 0.0
16:56:45.605 [pool-2-thread-2] DEBUG z.r.experiment.ScoreCalculator - Score calculation completed: 0.0
16:56:46.455 [pool-2-thread-4] DEBUG z.r.experiment.ScoreCalculator - Score calculation completed: 0.0
16:56:46.533 [pool-2-thread-3] DEBUG z.r.experiment.ScoreCalculator - Score calculation completed: 1.6666666666666667
16:56:46.756 [pool-2-thread-2] DEBUG z.r.experiment.ScoreCalculator - Score calculation completed: 1.6666666666666667
16:56:47.321 [pool-2-thread-3] DEBUG z.r.experiment.ScoreCalculator - Score calculation completed: 0.0
16:56:48.054 [pool-2-thread-1] DEBUG z.r.experiment.ScoreCalculator - Score calculation completed: 0.0
16:56:48.196 [pool-2-thread-2] DEBUG z.r.experiment.ScoreCalculator - Score calculation completed: 0.0
16:56:48.692 [pool-2-thread-4] DEBUG z.r.experiment.ScoreCalculator - Score calculation completed: 5.0
16:56:48.868 [pool-2-thread-2] DEBUG z.r.experiment.ScoreCalculator - Score calculation completed: 0.0
16:56:49.039 [pool-2-thread-3] DEBUG z.r.experiment.ScoreCalculator - Score calculation completed: 0.0
16:56:49.945 [pool-2-thread-4] DEBUG z.r.experiment.ScoreCalculator - Score calculation completed: 0.0
16:56:50.101 [pool-2-thread-1] DEBUG z.r.experiment.ScoreCalculator - Score calculation completed: 0.0
16:56:50.445 [pool-2-thread-3] DEBUG z.r.experiment.ScoreCalculator - Score calculation completed: 1.6666666666666667
16:56:50.502 [pool-2-thread-2] DEBUG z.r.experiment.ScoreCalculator - Score calculation completed: 0.0
16:56:51.378 [pool-2-thread-4] DEBUG z.r.experiment.ScoreCalculator - Score calculation completed: 1.6666666666666667
16:56:51.727 [pool-2-thread-3] DEBUG z.r.experiment.ScoreCalculator - Score calculation completed: 0.0
16:56:51.837 [pool-2-thread-2] DEBUG z.r.experiment.ScoreCalculator - Score calculation completed: 0.0
16:56:52.002 [pool-2-thread-1] DEBUG z.r.experiment.ScoreCalculator - Score calculation completed: 5.0
16:56:52.549 [pool-2-thread-3] DEBUG z.r.experiment.ScoreCalculator - Score calculation completed: 0.0
16:56:52.675 [pool-2-thread-4] DEBUG z.r.experiment.ScoreCalculator - Score calculation completed: 1.6666666666666667
16:56:53.125 [pool-2-thread-2] DEBUG z.r.experiment.ScoreCalculator - Score calculation completed: 0.0
16:56:53.809 [pool-2-thread-4] DEBUG z.r.experiment.ScoreCalculator - Score calculation completed: 0.0
16:56:53.975 [pool-2-thread-1] DEBUG z.r.experiment.ScoreCalculator - Score calculation completed: 0.0
16:56:54.024 [pool-2-thread-3] DEBUG z.r.experiment.ScoreCalculator - Score calculation completed: 0.0
16:56:55.053 [pool-2-thread-4] DEBUG z.r.experiment.ScoreCalculator - Score calculation completed: 0.0
16:56:55.300 [pool-2-thread-3] DEBUG z.r.experiment.ScoreCalculator - Score calculation completed: 0.0
16:56:55.500 [pool-2-thread-2] DEBUG z.r.experiment.ScoreCalculator - Score calculation completed: 0.0
16:56:55.693 [pool-2-thread-1] DEBUG z.r.experiment.ScoreCalculator - Score calculation completed: 0.0
16:56:56.227 [pool-2-thread-4] DEBUG z.r.experiment.ScoreCalculator - Score calculation completed: 0.0
16:56:57.137 [pool-2-thread-1] DEBUG z.r.experiment.ScoreCalculator - Score calculation completed: 3.3333333333333335
16:56:57.341 [pool-2-thread-2] DEBUG z.r.experiment.ScoreCalculator - Score calculation completed: 6.666666666666667
16:56:57.400 [pool-2-thread-3] DEBUG z.r.experiment.ScoreCalculator - Score calculation completed: 3.3333333333333335
16:56:57.519 [pool-2-thread-4] DEBUG z.r.experiment.ScoreCalculator - Score calculation completed: 0.0
16:56:58.315 [pool-2-thread-1] DEBUG z.r.experiment.ScoreCalculator - Score calculation completed: 0.0
16:56:58.584 [pool-2-thread-2] DEBUG z.r.experiment.ScoreCalculator - Score calculation completed: 0.0
16:56:58.904 [pool-2-thread-3] DEBUG z.r.experiment.ScoreCalculator - Score calculation completed: 0.0
16:56:59.688 [pool-2-thread-4] DEBUG z.r.experiment.ScoreCalculator - Score calculation completed: 0.0
16:56:59.770 [pool-2-thread-1] DEBUG z.r.experiment.ScoreCalculator - Score calculation completed: 3.3333333333333335
16:57:00.000 [pool-2-thread-3] DEBUG z.r.experiment.ScoreCalculator - Score calculation completed: 0.0
16:57:00.368 [pool-2-thread-2] DEBUG z.r.experiment.ScoreCalculator - Score calculation completed: 0.0
16:57:00.461 [pool-2-thread-1] DEBUG z.r.experiment.ScoreCalculator - Score calculation completed: 0.0
16:57:01.334 [pool-2-thread-3] DEBUG z.r.experiment.ScoreCalculator - Score calculation completed: 0.0
16:57:01.709 [pool-2-thread-4] DEBUG z.r.experiment.ScoreCalculator - Score calculation completed: 3.3333333333333335
16:57:01.781 [pool-2-thread-1] DEBUG z.r.experiment.ScoreCalculator - Score calculation completed: 0.0
16:57:02.069 [pool-2-thread-2] DEBUG z.r.experiment.ScoreCalculator - Score calculation completed: 0.0
16:57:02.357 [pool-2-thread-3] DEBUG z.r.experiment.ScoreCalculator - Score calculation completed: 0.0
16:57:02.824 [pool-2-thread-1] DEBUG z.r.experiment.ScoreCalculator - Score calculation completed: 0.0
16:57:03.449 [pool-2-thread-4] DEBUG z.r.experiment.ScoreCalculator - Score calculation completed: 0.0
16:57:03.483 [pool-2-thread-3] DEBUG z.r.experiment.ScoreCalculator - Score calculation completed: 0.0
16:57:03.833 [pool-2-thread-1] DEBUG z.r.experiment.ScoreCalculator - Score calculation completed: 0.0
16:57:04.128 [pool-2-thread-2] DEBUG z.r.experiment.ScoreCalculator - Score calculation completed: 5.0
16:57:04.764 [pool-2-thread-3] DEBUG z.r.experiment.ScoreCalculator - Score calculation completed: 0.0
16:57:04.975 [pool-2-thread-4] DEBUG z.r.experiment.ScoreCalculator - Score calculation completed: 1.6666666666666667
16:57:05.154 [pool-2-thread-1] DEBUG z.r.experiment.ScoreCalculator - Score calculation completed: 0.0
16:57:05.549 [pool-2-thread-2] DEBUG z.r.experiment.ScoreCalculator - Score calculation completed: 0.0
16:57:06.755 [pool-2-thread-3] DEBUG z.r.experiment.ScoreCalculator - Score calculation completed: 3.3333333333333335
16:57:06.814 [pool-2-thread-1] DEBUG z.r.experiment.ScoreCalculator - Score calculation completed: 0.0
16:57:06.883 [pool-2-thread-2] DEBUG z.r.experiment.ScoreCalculator - Score calculation completed: 0.0
16:57:07.040 [pool-2-thread-4] DEBUG z.r.experiment.ScoreCalculator - Score calculation completed: 5.0
16:57:07.594 [pool-2-thread-1] DEBUG z.r.experiment.ScoreCalculator - Score calculation completed: 0.0
16:57:08.141 [pool-2-thread-3] DEBUG z.r.experiment.ScoreCalculator - Score calculation completed: 0.0
16:57:08.520 [pool-2-thread-4] DEBUG z.r.experiment.ScoreCalculator - Score calculation completed: 1.6666666666666667
16:57:08.897 [pool-2-thread-2] DEBUG z.r.experiment.ScoreCalculator - Score calculation completed: 5.0
16:57:09.465 [pool-2-thread-1] DEBUG z.r.experiment.ScoreCalculator - Score calculation completed: 0.0
16:57:09.465 [pool-2-thread-3] DEBUG z.r.experiment.ScoreCalculator - Score calculation completed: 0.0
16:57:09.953 [pool-2-thread-4] DEBUG z.r.experiment.ScoreCalculator - Score calculation completed: 1.6666666666666667
16:57:10.161 [pool-2-thread-2] DEBUG z.r.experiment.ScoreCalculator - Score calculation completed: 0.0
16:57:10.904 [pool-2-thread-3] DEBUG z.r.experiment.ScoreCalculator - Score calculation completed: 0.0
16:57:10.954 [pool-2-thread-1] DEBUG z.r.experiment.ScoreCalculator - Score calculation completed: 0.0
16:57:11.061 [pool-2-thread-4] DEBUG z.r.experiment.ScoreCalculator - Score calculation completed: 0.0
16:57:11.063 [main] INFO  z.redbridge.experiment.StatsRecorder - Epoch 2 complete
16:57:11.063 [main] DEBUG z.redbridge.experiment.StatsRecorder - Recording stats - max: 2623.0, mean: 1459.8082191780823
16:57:11.064 [main] DEBUG z.redbridge.experiment.StatsRecorder - Recording stats - max: 6.666666666666667, mean: 0.8447488584474886
16:57:11.064 [main] DEBUG z.redbridge.experiment.StatsRecorder - Recording stats - max: 5.0, mean: 4.041095890410959
16:57:11.101 [main] INFO  z.redbridge.experiment.StatsRecorder - New best genome! Epoch: 2, score: 6.666666666666667, num sensors: 4
16:57:12.445 [pool-2-thread-2] DEBUG z.r.experiment.ScoreCalculator - Score calculation completed: 3.3333333333333335
16:57:12.960 [pool-2-thread-1] DEBUG z.r.experiment.ScoreCalculator - Score calculation completed: 0.0
16:57:13.182 [pool-2-thread-4] DEBUG z.r.experiment.ScoreCalculator - Score calculation completed: 10.0
16:57:13.294 [pool-2-thread-3] DEBUG z.r.experiment.ScoreCalculator - Score calculation completed: 0.0
16:57:14.269 [pool-2-thread-2] DEBUG z.r.experiment.ScoreCalculator - Score calculation completed: 1.6666666666666667
16:57:14.680 [pool-2-thread-3] DEBUG z.r.experiment.ScoreCalculator - Score calculation completed: 1.6666666666666667
16:57:14.918 [pool-2-thread-1] DEBUG z.r.experiment.ScoreCalculator - Score calculation completed: 1.6666666666666667
16:57:15.087 [pool-2-thread-4] DEBUG z.r.experiment.ScoreCalculator - Score calculation completed: 3.3333333333333335
16:57:16.250 [pool-2-thread-2] DEBUG z.r.experiment.ScoreCalculator - Score calculation completed: 1.6666666666666667
16:57:16.488 [pool-2-thread-3] DEBUG z.r.experiment.ScoreCalculator - Score calculation completed: 1.6666666666666667
16:57:16.799 [pool-2-thread-1] DEBUG z.r.experiment.ScoreCalculator - Score calculation completed: 3.3333333333333335
16:57:17.131 [pool-2-thread-4] DEBUG z.r.experiment.ScoreCalculator - Score calculation completed: 5.0
16:57:18.162 [pool-2-thread-4] DEBUG z.r.experiment.ScoreCalculator - Score calculation completed: 0.0
16:57:18.210 [pool-2-thread-2] DEBUG z.r.experiment.ScoreCalculator - Score calculation completed: 3.3333333333333335
16:57:18.321 [pool-2-thread-1] DEBUG z.r.experiment.ScoreCalculator - Score calculation completed: 0.0
16:57:18.430 [pool-2-thread-3] DEBUG z.r.experiment.ScoreCalculator - Score calculation completed: 1.6666666666666667
16:57:19.621 [pool-2-thread-2] DEBUG z.r.experiment.ScoreCalculator - Score calculation completed: 0.0
16:57:20.040 [pool-2-thread-1] DEBUG z.r.experiment.ScoreCalculator - Score calculation completed: 3.3333333333333335
16:57:20.172 [pool-2-thread-4] DEBUG z.r.experiment.ScoreCalculator - Score calculation completed: 6.666666666666667
16:57:20.342 [pool-2-thread-3] DEBUG z.r.experiment.ScoreCalculator - Score calculation completed: 5.0
16:57:21.142 [pool-2-thread-2] DEBUG z.r.experiment.ScoreCalculator - Score calculation completed: 3.3333333333333335
16:57:21.555 [pool-2-thread-4] DEBUG z.r.experiment.ScoreCalculator - Score calculation completed: 0.0
16:57:21.894 [pool-2-thread-1] DEBUG z.r.experiment.ScoreCalculator - Score calculation completed: 3.3333333333333335
16:57:22.469 [pool-2-thread-2] DEBUG z.r.experiment.ScoreCalculator - Score calculation completed: 0.0
16:57:23.375 [pool-2-thread-3] DEBUG z.r.experiment.ScoreCalculator - Score calculation completed: 0.0
16:57:23.437 [pool-2-thread-4] DEBUG z.r.experiment.ScoreCalculator - Score calculation completed: 3.3333333333333335
16:57:23.724 [pool-2-thread-1] DEBUG z.r.experiment.ScoreCalculator - Score calculation completed: 3.3333333333333335
16:57:23.862 [pool-2-thread-2] DEBUG z.r.experiment.ScoreCalculator - Score calculation completed: 0.0
16:57:24.879 [pool-2-thread-4] DEBUG z.r.experiment.ScoreCalculator - Score calculation completed: 0.0
16:57:25.276 [pool-2-thread-2] DEBUG z.r.experiment.ScoreCalculator - Score calculation completed: 0.0
16:57:25.373 [pool-2-thread-3] DEBUG z.r.experiment.ScoreCalculator - Score calculation completed: 5.0
16:57:25.745 [pool-2-thread-1] DEBUG z.r.experiment.ScoreCalculator - Score calculation completed: 3.3333333333333335
16:57:26.420 [pool-2-thread-4] DEBUG z.r.experiment.ScoreCalculator - Score calculation completed: 3.3333333333333335
16:57:27.036 [pool-2-thread-1] DEBUG z.r.experiment.ScoreCalculator - Score calculation completed: 1.6666666666666667
16:57:27.350 [pool-2-thread-2] DEBUG z.r.experiment.ScoreCalculator - Score calculation completed: 3.3333333333333335
16:57:27.564 [pool-2-thread-3] DEBUG z.r.experiment.ScoreCalculator - Score calculation completed: 0.0
16:57:28.152 [pool-2-thread-1] DEBUG z.r.experiment.ScoreCalculator - Score calculation completed: 1.6666666666666667
16:57:28.208 [pool-2-thread-4] DEBUG z.r.experiment.ScoreCalculator - Score calculation completed: 3.3333333333333335
16:57:28.860 [pool-2-thread-2] DEBUG z.r.experiment.ScoreCalculator - Score calculation completed: 0.0
16:57:29.402 [pool-2-thread-3] DEBUG z.r.experiment.ScoreCalculator - Score calculation completed: 0.0
16:57:29.625 [pool-2-thread-4] DEBUG z.r.experiment.ScoreCalculator - Score calculation completed: 1.6666666666666667
16:57:30.083 [pool-2-thread-2] DEBUG z.r.experiment.ScoreCalculator - Score calculation completed: 0.0
16:57:30.201 [pool-2-thread-1] DEBUG z.r.experiment.ScoreCalculator - Score calculation completed: 3.3333333333333335
16:57:30.747 [pool-2-thread-2] DEBUG z.r.experiment.ScoreCalculator - Score calculation completed: 0.0
16:57:31.103 [pool-2-thread-4] DEBUG z.r.experiment.ScoreCalculator - Score calculation completed: 0.0
16:57:31.325 [pool-2-thread-3] DEBUG z.r.experiment.ScoreCalculator - Score calculation completed: 1.6666666666666667
16:57:31.954 [pool-2-thread-2] DEBUG z.r.experiment.ScoreCalculator - Score calculation completed: 0.0
16:57:32.092 [pool-2-thread-1] DEBUG z.r.experiment.ScoreCalculator - Score calculation completed: 5.0
16:57:32.384 [pool-2-thread-4] DEBUG z.r.experiment.ScoreCalculator - Score calculation completed: 0.0
16:57:33.265 [pool-2-thread-1] DEBUG z.r.experiment.ScoreCalculator - Score calculation completed: 1.6666666666666667
16:57:33.327 [pool-2-thread-3] DEBUG z.r.experiment.ScoreCalculator - Score calculation completed: 0.0
16:57:33.524 [pool-2-thread-2] DEBUG z.r.experiment.ScoreCalculator - Score calculation completed: 0.0
16:57:34.204 [pool-2-thread-4] DEBUG z.r.experiment.ScoreCalculator - Score calculation completed: 6.666666666666667
16:57:34.693 [pool-2-thread-3] DEBUG z.r.experiment.ScoreCalculator - Score calculation completed: 0.0
16:57:35.010 [pool-2-thread-2] DEBUG z.r.experiment.ScoreCalculator - Score calculation completed: 0.0
16:57:35.122 [pool-2-thread-1] DEBUG z.r.experiment.ScoreCalculator - Score calculation completed: 3.3333333333333335
16:57:35.884 [pool-2-thread-4] DEBUG z.r.experiment.ScoreCalculator - Score calculation completed: 0.0
16:57:36.174 [pool-2-thread-3] DEBUG z.r.experiment.ScoreCalculator - Score calculation completed: 0.0
16:57:36.391 [pool-2-thread-1] DEBUG z.r.experiment.ScoreCalculator - Score calculation completed: 0.0
16:57:37.375 [pool-2-thread-2] DEBUG z.r.experiment.ScoreCalculator - Score calculation completed: 0.0
16:57:37.721 [pool-2-thread-4] DEBUG z.r.experiment.ScoreCalculator - Score calculation completed: 1.6666666666666667
16:57:38.020 [pool-2-thread-3] DEBUG z.r.experiment.ScoreCalculator - Score calculation completed: 1.6666666666666667
16:57:38.441 [pool-2-thread-1] DEBUG z.r.experiment.ScoreCalculator - Score calculation completed: 8.333333333333332
16:57:38.918 [pool-2-thread-2] DEBUG z.r.experiment.ScoreCalculator - Score calculation completed: 0.0
16:57:39.534 [pool-2-thread-4] DEBUG z.r.experiment.ScoreCalculator - Score calculation completed: 3.3333333333333335
16:57:39.649 [pool-2-thread-3] DEBUG z.r.experiment.ScoreCalculator - Score calculation completed: 0.0
16:57:40.393 [pool-2-thread-1] DEBUG z.r.experiment.ScoreCalculator - Score calculation completed: 6.666666666666667
16:57:40.819 [pool-2-thread-2] DEBUG z.r.experiment.ScoreCalculator - Score calculation completed: 3.3333333333333335
16:57:41.368 [pool-2-thread-3] DEBUG z.r.experiment.ScoreCalculator - Score calculation completed: 0.0
16:57:41.561 [pool-2-thread-4] DEBUG z.r.experiment.ScoreCalculator - Score calculation completed: 0.0
16:57:42.095 [pool-2-thread-1] DEBUG z.r.experiment.ScoreCalculator - Score calculation completed: 1.6666666666666667
16:57:42.369 [pool-2-thread-2] DEBUG z.r.experiment.ScoreCalculator - Score calculation completed: 3.3333333333333335
16:57:42.658 [pool-2-thread-3] DEBUG z.r.experiment.ScoreCalculator - Score calculation completed: 1.6666666666666667
16:57:42.659 [main] INFO  z.redbridge.experiment.StatsRecorder - Epoch 3 complete
16:57:42.659 [main] DEBUG z.redbridge.experiment.StatsRecorder - Recording stats - max: 3033.0, mean: 1700.2054794520548
16:57:42.660 [main] DEBUG z.redbridge.experiment.StatsRecorder - Recording stats - max: 10.0, mean: 1.9634703196347032
16:57:42.660 [main] DEBUG z.redbridge.experiment.StatsRecorder - Recording stats - max: 5.0, mean: 4.068493150684931
16:57:42.694 [main] INFO  z.redbridge.experiment.StatsRecorder - New best genome! Epoch: 3, score: 10.0, num sensors: 5
16:57:43.907 [pool-2-thread-4] DEBUG z.r.experiment.ScoreCalculator - Score calculation completed: 1.6666666666666667
16:57:44.641 [pool-2-thread-3] DEBUG z.r.experiment.ScoreCalculator - Score calculation completed: 3.3333333333333335
16:57:44.702 [pool-2-thread-2] DEBUG z.r.experiment.ScoreCalculator - Score calculation completed: 0.0
16:57:44.806 [pool-2-thread-1] DEBUG z.r.experiment.ScoreCalculator - Score calculation completed: 1.6666666666666667
16:57:45.870 [pool-2-thread-1] DEBUG z.r.experiment.ScoreCalculator - Score calculation completed: 0.0
16:57:45.932 [pool-2-thread-4] DEBUG z.r.experiment.ScoreCalculator - Score calculation completed: 3.3333333333333335
16:57:46.615 [pool-2-thread-3] DEBUG z.r.experiment.ScoreCalculator - Score calculation completed: 1.6666666666666667
16:57:46.758 [pool-2-thread-2] DEBUG z.r.experiment.ScoreCalculator - Score calculation completed: 3.3333333333333335
16:57:47.637 [pool-2-thread-1] DEBUG z.r.experiment.ScoreCalculator - Score calculation completed: 1.6666666666666667
16:57:47.810 [pool-2-thread-4] DEBUG z.r.experiment.ScoreCalculator - Score calculation completed: 3.3333333333333335
16:57:48.434 [pool-2-thread-3] DEBUG z.r.experiment.ScoreCalculator - Score calculation completed: 6.666666666666667
16:57:48.485 [pool-2-thread-2] DEBUG z.r.experiment.ScoreCalculator - Score calculation completed: 3.3333333333333335
16:57:49.606 [pool-2-thread-1] DEBUG z.r.experiment.ScoreCalculator - Score calculation completed: 5.0
16:57:49.834 [pool-2-thread-2] DEBUG z.r.experiment.ScoreCalculator - Score calculation completed: 0.0
16:57:50.238 [pool-2-thread-4] DEBUG z.r.experiment.ScoreCalculator - Score calculation completed: 0.0
16:57:50.298 [pool-2-thread-3] DEBUG z.r.experiment.ScoreCalculator - Score calculation completed: 3.3333333333333335
16:57:51.273 [pool-2-thread-1] DEBUG z.r.experiment.ScoreCalculator - Score calculation completed: 0.0
16:57:51.411 [pool-2-thread-2] DEBUG z.r.experiment.ScoreCalculator - Score calculation completed: 1.6666666666666667
16:57:51.999 [pool-2-thread-3] DEBUG z.r.experiment.ScoreCalculator - Score calculation completed: 1.6666666666666667
16:57:52.080 [pool-2-thread-4] DEBUG z.r.experiment.ScoreCalculator - Score calculation completed: 6.666666666666667
16:57:53.027 [pool-2-thread-2] DEBUG z.r.experiment.ScoreCalculator - Score calculation completed: 3.3333333333333335
16:57:53.107 [pool-2-thread-1] DEBUG z.r.experiment.ScoreCalculator - Score calculation completed: 3.3333333333333335
16:57:53.397 [pool-2-thread-3] DEBUG z.r.experiment.ScoreCalculator - Score calculation completed: 3.3333333333333335
16:57:53.574 [pool-2-thread-4] DEBUG z.r.experiment.ScoreCalculator - Score calculation completed: 3.3333333333333335
16:57:54.355 [pool-2-thread-2] DEBUG z.r.experiment.ScoreCalculator - Score calculation completed: 0.0
16:57:54.520 [pool-2-thread-1] DEBUG z.r.experiment.ScoreCalculator - Score calculation completed: 0.0
16:57:55.476 [pool-2-thread-3] DEBUG z.r.experiment.ScoreCalculator - Score calculation completed: 6.666666666666667
16:57:55.730 [pool-2-thread-4] DEBUG z.r.experiment.ScoreCalculator - Score calculation completed: 16.666666666666664
16:57:56.421 [pool-2-thread-2] DEBUG z.r.experiment.ScoreCalculator - Score calculation completed: 3.3333333333333335
16:57:56.926 [pool-2-thread-1] DEBUG z.r.experiment.ScoreCalculator - Score calculation completed: 3.3333333333333335
16:57:57.767 [pool-2-thread-3] DEBUG z.r.experiment.ScoreCalculator - Score calculation completed: 3.3333333333333335
16:57:57.904 [pool-2-thread-4] DEBUG z.r.experiment.ScoreCalculator - Score calculation completed: 3.3333333333333335
16:57:58.394 [pool-2-thread-2] DEBUG z.r.experiment.ScoreCalculator - Score calculation completed: 3.3333333333333335
16:57:59.045 [pool-2-thread-1] DEBUG z.r.experiment.ScoreCalculator - Score calculation completed: 5.0
16:57:59.805 [pool-2-thread-4] DEBUG z.r.experiment.ScoreCalculator - Score calculation completed: 1.6666666666666667
16:58:00.149 [pool-2-thread-3] DEBUG z.r.experiment.ScoreCalculator - Score calculation completed: 3.3333333333333335
16:58:01.095 [pool-2-thread-1] DEBUG z.r.experiment.ScoreCalculator - Score calculation completed: 3.3333333333333335
16:58:01.383 [pool-2-thread-2] DEBUG z.r.experiment.ScoreCalculator - Score calculation completed: 1.6666666666666667
16:58:01.772 [pool-2-thread-4] DEBUG z.r.experiment.ScoreCalculator - Score calculation completed: 5.0
16:58:02.479 [pool-2-thread-3] DEBUG z.r.experiment.ScoreCalculator - Score calculation completed: 3.3333333333333335
16:58:03.262 [pool-2-thread-1] DEBUG z.r.experiment.ScoreCalculator - Score calculation completed: 6.666666666666667
16:58:03.861 [pool-2-thread-4] DEBUG z.r.experiment.ScoreCalculator - Score calculation completed: 0.0
16:58:04.100 [pool-2-thread-2] DEBUG z.r.experiment.ScoreCalculator - Score calculation completed: 1.6666666666666667
16:58:04.578 [pool-2-thread-3] DEBUG z.r.experiment.ScoreCalculator - Score calculation completed: 3.3333333333333335
16:58:05.232 [pool-2-thread-1] DEBUG z.r.experiment.ScoreCalculator - Score calculation completed: 6.666666666666667
16:58:06.025 [pool-2-thread-2] DEBUG z.r.experiment.ScoreCalculator - Score calculation completed: 6.666666666666667
16:58:06.077 [pool-2-thread-4] DEBUG z.r.experiment.ScoreCalculator - Score calculation completed: 5.0
16:58:07.218 [pool-2-thread-3] DEBUG z.r.experiment.ScoreCalculator - Score calculation completed: 0.0
16:58:07.464 [pool-2-thread-1] DEBUG z.r.experiment.ScoreCalculator - Score calculation completed: 1.6666666666666667
16:58:08.015 [pool-2-thread-4] DEBUG z.r.experiment.ScoreCalculator - Score calculation completed: 3.3333333333333335
16:58:08.295 [pool-2-thread-2] DEBUG z.r.experiment.ScoreCalculator - Score calculation completed: 1.6666666666666667
16:58:09.409 [pool-2-thread-3] DEBUG z.r.experiment.ScoreCalculator - Score calculation completed: 1.6666666666666667
16:58:09.498 [pool-2-thread-1] DEBUG z.r.experiment.ScoreCalculator - Score calculation completed: 3.3333333333333335
16:58:10.032 [pool-2-thread-4] DEBUG z.r.experiment.ScoreCalculator - Score calculation completed: 3.3333333333333335
16:58:10.394 [pool-2-thread-2] DEBUG z.r.experiment.ScoreCalculator - Score calculation completed: 3.3333333333333335
16:58:11.407 [pool-2-thread-3] DEBUG z.r.experiment.ScoreCalculator - Score calculation completed: 6.666666666666667
16:58:11.744 [pool-2-thread-1] DEBUG z.r.experiment.ScoreCalculator - Score calculation completed: 1.6666666666666667
16:58:12.154 [pool-2-thread-4] DEBUG z.r.experiment.ScoreCalculator - Score calculation completed: 3.3333333333333335
16:58:12.530 [pool-2-thread-2] DEBUG z.r.experiment.ScoreCalculator - Score calculation completed: 5.0
16:58:13.629 [pool-2-thread-3] DEBUG z.r.experiment.ScoreCalculator - Score calculation completed: 1.6666666666666667
16:58:13.715 [pool-2-thread-1] DEBUG z.r.experiment.ScoreCalculator - Score calculation completed: 3.3333333333333335
16:58:14.204 [pool-2-thread-4] DEBUG z.r.experiment.ScoreCalculator - Score calculation completed: 3.3333333333333335
16:58:14.540 [pool-2-thread-2] DEBUG z.r.experiment.ScoreCalculator - Score calculation completed: 1.6666666666666667
16:58:15.654 [pool-2-thread-3] DEBUG z.r.experiment.ScoreCalculator - Score calculation completed: 1.6666666666666667
16:58:15.728 [pool-2-thread-1] DEBUG z.r.experiment.ScoreCalculator - Score calculation completed: 1.6666666666666667
16:58:16.252 [pool-2-thread-4] DEBUG z.r.experiment.ScoreCalculator - Score calculation completed: 10.0
16:58:16.566 [pool-2-thread-2] DEBUG z.r.experiment.ScoreCalculator - Score calculation completed: 3.3333333333333335
16:58:17.901 [pool-2-thread-1] DEBUG z.r.experiment.ScoreCalculator - Score calculation completed: 3.3333333333333335
16:58:18.117 [pool-2-thread-3] DEBUG z.r.experiment.ScoreCalculator - Score calculation completed: 0.0
16:58:18.286 [pool-2-thread-4] DEBUG z.r.experiment.ScoreCalculator - Score calculation completed: 1.6666666666666667
16:58:18.681 [pool-2-thread-2] DEBUG z.r.experiment.ScoreCalculator - Score calculation completed: 3.3333333333333335
16:58:19.545 [pool-2-thread-1] DEBUG z.r.experiment.ScoreCalculator - Score calculation completed: 5.0
16:58:19.846 [pool-2-thread-4] DEBUG z.r.experiment.ScoreCalculator - Score calculation completed: 5.0
16:58:19.882 [pool-2-thread-3] DEBUG z.r.experiment.ScoreCalculator - Score calculation completed: 3.3333333333333335
16:58:19.883 [main] INFO  z.redbridge.experiment.StatsRecorder - Epoch 4 complete
16:58:19.884 [main] DEBUG z.redbridge.experiment.StatsRecorder - Recording stats - max: 2990.0, mean: 1985.945945945946
16:58:19.884 [main] DEBUG z.redbridge.experiment.StatsRecorder - Recording stats - max: 16.666666666666664, mean: 3.220720720720721
16:58:19.885 [main] DEBUG z.redbridge.experiment.StatsRecorder - Recording stats - max: 6.0, mean: 4.72972972972973
16:58:19.923 [main] INFO  z.redbridge.experiment.StatsRecorder - New best genome! Epoch: 4, score: 16.666666666666664, num sensors: 5
16:58:21.666 [pool-2-thread-4] DEBUG z.r.experiment.ScoreCalculator - Score calculation completed: 0.0
16:58:21.887 [pool-2-thread-1] DEBUG z.r.experiment.ScoreCalculator - Score calculation completed: 3.3333333333333335
16:58:22.069 [pool-2-thread-3] DEBUG z.r.experiment.ScoreCalculator - Score calculation completed: 6.666666666666667
16:58:22.142 [pool-2-thread-2] DEBUG z.r.experiment.ScoreCalculator - Score calculation completed: 6.666666666666667
16:58:23.027 [pool-2-thread-4] DEBUG z.r.experiment.ScoreCalculator - Score calculation completed: 0.0
16:58:23.878 [pool-2-thread-1] DEBUG z.r.experiment.ScoreCalculator - Score calculation completed: 1.6666666666666667
16:58:24.172 [pool-2-thread-3] DEBUG z.r.experiment.ScoreCalculator - Score calculation completed: 6.666666666666667
16:58:24.363 [pool-2-thread-2] DEBUG z.r.experiment.ScoreCalculator - Score calculation completed: 1.6666666666666667
16:58:25.008 [pool-2-thread-4] DEBUG z.r.experiment.ScoreCalculator - Score calculation completed: 5.0
16:58:25.603 [pool-2-thread-2] DEBUG z.r.experiment.ScoreCalculator - Score calculation completed: 0.0
16:58:26.004 [pool-2-thread-3] DEBUG z.r.experiment.ScoreCalculator - Score calculation completed: 5.0
16:58:26.258 [pool-2-thread-4] DEBUG z.r.experiment.ScoreCalculator - Score calculation completed: 0.0
16:58:26.324 [pool-2-thread-1] DEBUG z.r.experiment.ScoreCalculator - Score calculation completed: 1.6666666666666667
16:58:27.217 [pool-2-thread-1] DEBUG z.r.experiment.ScoreCalculator - Score calculation completed: 0.0
16:58:27.292 [pool-2-thread-3] DEBUG z.r.experiment.ScoreCalculator - Score calculation completed: 0.0
16:58:27.740 [pool-2-thread-2] DEBUG z.r.experiment.ScoreCalculator - Score calculation completed: 0.0
16:58:28.500 [pool-2-thread-1] DEBUG z.r.experiment.ScoreCalculator - Score calculation completed: 0.0
16:58:28.664 [pool-2-thread-2] DEBUG z.r.experiment.ScoreCalculator - Score calculation completed: 0.0
16:58:29.267 [pool-2-thread-4] DEBUG z.r.experiment.ScoreCalculator - Score calculation completed: 1.6666666666666667
16:58:29.367 [pool-2-thread-3] DEBUG z.r.experiment.ScoreCalculator - Score calculation completed: 5.0
16:58:29.499 [pool-2-thread-1] DEBUG z.r.experiment.ScoreCalculator - Score calculation completed: 0.0
16:58:29.676 [pool-2-thread-2] DEBUG z.r.experiment.ScoreCalculator - Score calculation completed: 0.0
16:58:31.265 [pool-2-thread-3] DEBUG z.r.experiment.ScoreCalculator - Score calculation completed: 5.0
16:58:31.335 [pool-2-thread-4] DEBUG z.r.experiment.ScoreCalculator - Score calculation completed: 1.6666666666666667
16:58:31.730 [pool-2-thread-2] DEBUG z.r.experiment.ScoreCalculator - Score calculation completed: 3.3333333333333335
16:58:31.820 [pool-2-thread-1] DEBUG z.r.experiment.ScoreCalculator - Score calculation completed: 8.333333333333332
16:58:33.409 [pool-2-thread-2] DEBUG z.r.experiment.ScoreCalculator - Score calculation completed: 6.666666666666667
16:58:33.553 [pool-2-thread-4] DEBUG z.r.experiment.ScoreCalculator - Score calculation completed: 5.0
16:58:33.634 [pool-2-thread-3] DEBUG z.r.experiment.ScoreCalculator - Score calculation completed: 1.6666666666666667
16:58:33.701 [pool-2-thread-1] DEBUG z.r.experiment.ScoreCalculator - Score calculation completed: 6.666666666666667
16:58:35.324 [pool-2-thread-3] DEBUG z.r.experiment.ScoreCalculator - Score calculation completed: 1.6666666666666667
16:58:35.454 [pool-2-thread-4] DEBUG z.r.experiment.ScoreCalculator - Score calculation completed: 1.6666666666666667
16:58:35.632 [pool-2-thread-2] DEBUG z.r.experiment.ScoreCalculator - Score calculation completed: 0.0
16:58:35.709 [pool-2-thread-1] DEBUG z.r.experiment.ScoreCalculator - Score calculation completed: 6.666666666666667
