11:43:36.781 [main] INFO  za.redbridge.experiment.Main - Options: 
	Config file path: config/mediumSimConfig.yml
	Number of simulation steps: 500
	Population size: 100
	Number of simulation tests per iteration: 1
	Initial connection density: 0.5
	Demo network config path: results/tuna-20150915T1658/best networks/epoch-10/network.ser
	Running with the control case: false
	Morphology path: null
	Population path: null
11:43:54.680 [main] INFO  za.redbridge.experiment.Main - Options: 
	Config file path: hons-experiment-master/config/mediumSimConfig.yml
	Number of simulation steps: 500
	Population size: 100
	Number of simulation tests per iteration: 1
	Initial connection density: 0.5
	Demo network config path: results/tuna-20150915T1658/best networks/epoch-10/network.ser
	Running with the control case: false
	Morphology path: null
	Population path: null
