11:58:39.093 [main] INFO  za.redbridge.experiment.Main - Options: 
	Config file path: hons-experiment-master/config/mediumSimConfig.yml
	Number of simulation steps: 500
	Population size: 100
	Number of simulation tests per iteration: 1
	Initial connection density: 0.5
	Demo network config path: null
	Running with the control case: false
	Morphology path: null
	Population path: null
11:58:51.467 [main] INFO  za.redbridge.experiment.Main - Options: 
	Config file path: hons-experiment-master/config/mediumSimConfig.yml
	Number of simulation steps: 500
	Population size: 100
	Number of simulation tests per iteration: 1
	Initial connection density: 0.5
	Demo network config path: null
	Running with the control case: false
	Morphology path: null
	Population path: null
11:59:22.725 [main] DEBUG za.redbridge.experiment.Main - Population initialized
11:59:22.800 [main] INFO  z.redbridge.experiment.StatsRecorder - Epoch 0 complete
11:59:22.801 [main] DEBUG z.redbridge.experiment.StatsRecorder - Recording stats - max: NaN, mean: NaN
11:59:22.808 [main] DEBUG z.redbridge.experiment.StatsRecorder - Recording stats - max: NaN, mean: NaN
11:59:22.809 [main] DEBUG z.redbridge.experiment.StatsRecorder - Recording stats - max: NaN, mean: NaN
11:59:23.312 [main] INFO  z.redbridge.experiment.StatsRecorder - New best genome! Epoch: 0, score: NaN, num sensors: 4
11:59:29.130 [pool-1-thread-2] DEBUG z.r.experiment.ScoreCalculator - Score calculation completed: 0.0
11:59:31.068 [pool-1-thread-3] DEBUG z.r.experiment.ScoreCalculator - Score calculation completed: 0.0
