23:39:44.824 [main] INFO  za.redbridge.experiment.Main - Options: 
	Config file path: hons-experiment-master/config/mediumSimConfig.yml
	Number of simulation steps: 500
	Population size: 100
	Number of simulation tests per iteration: 1
	Initial connection density: 0.5
	Demo network config path: null
	Running with the control case: false
	Morphology path: null
	Population path: null
23:39:50.093 [main] DEBUG za.redbridge.experiment.Main - Population initialized
23:39:50.154 [main] INFO  z.redbridge.experiment.StatsRecorder - Epoch 0 complete
23:39:50.154 [main] DEBUG z.redbridge.experiment.StatsRecorder - Recording stats - max: NaN, mean: NaN
23:39:50.158 [main] DEBUG z.redbridge.experiment.StatsRecorder - Recording stats - max: NaN, mean: NaN
23:39:50.159 [main] DEBUG z.redbridge.experiment.StatsRecorder - Recording stats - max: NaN, mean: NaN
23:39:50.369 [main] INFO  z.redbridge.experiment.StatsRecorder - New best genome! Epoch: 0, score: NaN, num sensors: 4
23:39:55.565 [pool-1-thread-3] DEBUG z.r.experiment.ScoreCalculator - Score calculation completed: 0.0
23:39:56.573 [pool-1-thread-2] DEBUG z.r.experiment.ScoreCalculator - Score calculation completed: 3.5294117647058822
23:39:57.232 [pool-1-thread-4] DEBUG z.r.experiment.ScoreCalculator - Score calculation completed: 0.0
23:39:59.479 [pool-1-thread-3] DEBUG z.r.experiment.ScoreCalculator - Score calculation completed: 0.0
23:39:59.606 [pool-1-thread-2] DEBUG z.r.experiment.ScoreCalculator - Score calculation completed: 0.0
23:39:59.729 [pool-1-thread-4] DEBUG z.r.experiment.ScoreCalculator - Score calculation completed: 0.0
23:40:01.313 [pool-1-thread-3] DEBUG z.r.experiment.ScoreCalculator - Score calculation completed: 0.0
23:40:01.743 [pool-1-thread-4] DEBUG z.r.experiment.ScoreCalculator - Score calculation completed: 0.0
23:40:02.029 [pool-1-thread-2] DEBUG z.r.experiment.ScoreCalculator - Score calculation completed: 0.0
23:40:02.356 [pool-1-thread-1] DEBUG z.r.experiment.ScoreCalculator - Score calculation completed: 4.705882352941177
23:40:02.520 [pool-1-thread-3] DEBUG z.r.experiment.ScoreCalculator - Score calculation completed: 0.0
23:40:03.546 [pool-1-thread-1] DEBUG z.r.experiment.ScoreCalculator - Score calculation completed: 0.0
23:40:03.828 [pool-1-thread-4] DEBUG z.r.experiment.ScoreCalculator - Score calculation completed: 0.0
23:40:04.082 [pool-1-thread-3] DEBUG z.r.experiment.ScoreCalculator - Score calculation completed: 0.0
23:40:04.856 [pool-1-thread-2] DEBUG z.r.experiment.ScoreCalculator - Score calculation completed: 1.1764705882352942
23:40:05.695 [pool-1-thread-1] DEBUG z.r.experiment.ScoreCalculator - Score calculation completed: 0.0
23:40:05.873 [pool-1-thread-3] DEBUG z.r.experiment.ScoreCalculator - Score calculation completed: 0.0
23:40:06.649 [pool-1-thread-4] DEBUG z.r.experiment.ScoreCalculator - Score calculation completed: 0.0
23:40:06.886 [pool-1-thread-2] DEBUG z.r.experiment.ScoreCalculator - Score calculation completed: 0.0
23:40:07.628 [pool-1-thread-1] DEBUG z.r.experiment.ScoreCalculator - Score calculation completed: 0.0
23:40:07.853 [pool-1-thread-4] DEBUG z.r.experiment.ScoreCalculator - Score calculation completed: 0.0
23:40:08.691 [pool-1-thread-3] DEBUG z.r.experiment.ScoreCalculator - Score calculation completed: 0.0
23:40:09.169 [pool-1-thread-1] DEBUG z.r.experiment.ScoreCalculator - Score calculation completed: 0.0
23:40:09.270 [pool-1-thread-2] DEBUG z.r.experiment.ScoreCalculator - Score calculation completed: 4.705882352941177
23:40:10.228 [pool-1-thread-3] DEBUG z.r.experiment.ScoreCalculator - Score calculation completed: 0.0
23:40:10.303 [pool-1-thread-4] DEBUG z.r.experiment.ScoreCalculator - Score calculation completed: 0.0
23:40:11.142 [pool-1-thread-2] DEBUG z.r.experiment.ScoreCalculator - Score calculation completed: 0.0
23:40:11.498 [pool-1-thread-3] DEBUG z.r.experiment.ScoreCalculator - Score calculation completed: 0.0
23:40:12.027 [pool-1-thread-4] DEBUG z.r.experiment.ScoreCalculator - Score calculation completed: 0.0
23:40:12.940 [pool-1-thread-1] DEBUG z.r.experiment.ScoreCalculator - Score calculation completed: 0.0
23:40:13.431 [pool-1-thread-2] DEBUG z.r.experiment.ScoreCalculator - Score calculation completed: 2.3529411764705883
23:40:14.223 [pool-1-thread-4] DEBUG z.r.experiment.ScoreCalculator - Score calculation completed: 0.0
23:40:14.667 [pool-1-thread-2] DEBUG z.r.experiment.ScoreCalculator - Score calculation completed: 0.0
23:40:15.382 [pool-1-thread-1] DEBUG z.r.experiment.ScoreCalculator - Score calculation completed: 0.0
23:40:15.769 [pool-1-thread-3] DEBUG z.r.experiment.ScoreCalculator - Score calculation completed: 0.0
23:40:16.544 [pool-1-thread-2] DEBUG z.r.experiment.ScoreCalculator - Score calculation completed: 0.0
23:40:16.998 [pool-1-thread-3] DEBUG z.r.experiment.ScoreCalculator - Score calculation completed: 0.0
23:40:17.890 [pool-1-thread-1] DEBUG z.r.experiment.ScoreCalculator - Score calculation completed: 0.0
23:40:18.156 [pool-1-thread-4] DEBUG z.r.experiment.ScoreCalculator - Score calculation completed: 0.0
23:40:18.587 [pool-1-thread-3] DEBUG z.r.experiment.ScoreCalculator - Score calculation completed: 0.0
23:40:19.226 [pool-1-thread-2] DEBUG z.r.experiment.ScoreCalculator - Score calculation completed: 0.0
23:40:19.287 [pool-1-thread-4] DEBUG z.r.experiment.ScoreCalculator - Score calculation completed: 0.0
23:40:19.625 [pool-1-thread-1] DEBUG z.r.experiment.ScoreCalculator - Score calculation completed: 0.0
23:40:20.425 [pool-1-thread-3] DEBUG z.r.experiment.ScoreCalculator - Score calculation completed: 0.0
23:40:20.882 [pool-1-thread-4] DEBUG z.r.experiment.ScoreCalculator - Score calculation completed: 0.0
23:40:21.352 [pool-1-thread-3] DEBUG z.r.experiment.ScoreCalculator - Score calculation completed: 0.0
23:40:21.842 [pool-1-thread-4] DEBUG z.r.experiment.ScoreCalculator - Score calculation completed: 0.0
23:40:21.955 [pool-1-thread-1] DEBUG z.r.experiment.ScoreCalculator - Score calculation completed: 0.0
23:40:22.068 [pool-1-thread-2] DEBUG z.r.experiment.ScoreCalculator - Score calculation completed: 0.0
23:40:23.267 [pool-1-thread-2] DEBUG z.r.experiment.ScoreCalculator - Score calculation completed: 0.0
23:40:23.942 [pool-1-thread-3] DEBUG z.r.experiment.ScoreCalculator - Score calculation completed: 0.0
23:40:24.377 [pool-1-thread-1] DEBUG z.r.experiment.ScoreCalculator - Score calculation completed: 0.0
23:40:24.833 [pool-1-thread-4] DEBUG z.r.experiment.ScoreCalculator - Score calculation completed: 0.0
23:40:25.002 [pool-1-thread-2] DEBUG z.r.experiment.ScoreCalculator - Score calculation completed: 0.0
23:40:25.405 [pool-1-thread-3] DEBUG z.r.experiment.ScoreCalculator - Score calculation completed: 0.0
23:40:26.605 [pool-1-thread-4] DEBUG z.r.experiment.ScoreCalculator - Score calculation completed: 0.0
23:40:27.029 [pool-1-thread-1] DEBUG z.r.experiment.ScoreCalculator - Score calculation completed: 0.0
23:40:27.697 [pool-1-thread-4] DEBUG z.r.experiment.ScoreCalculator - Score calculation completed: 0.0
23:40:28.134 [pool-1-thread-3] DEBUG z.r.experiment.ScoreCalculator - Score calculation completed: 0.0
23:40:28.863 [pool-1-thread-1] DEBUG z.r.experiment.ScoreCalculator - Score calculation completed: 0.0
23:40:29.157 [pool-1-thread-3] DEBUG z.r.experiment.ScoreCalculator - Score calculation completed: 0.0
23:40:29.541 [pool-1-thread-2] DEBUG z.r.experiment.ScoreCalculator - Score calculation completed: 7.0588235294117645
23:40:29.828 [pool-1-thread-4] DEBUG z.r.experiment.ScoreCalculator - Score calculation completed: 0.0
23:40:29.999 [pool-1-thread-3] DEBUG z.r.experiment.ScoreCalculator - Score calculation completed: 0.0
23:40:30.123 [pool-1-thread-1] DEBUG z.r.experiment.ScoreCalculator - Score calculation completed: 0.0
23:40:32.133 [pool-1-thread-2] DEBUG z.r.experiment.ScoreCalculator - Score calculation completed: 1.1764705882352942
23:40:32.335 [pool-1-thread-3] DEBUG z.r.experiment.ScoreCalculator - Score calculation completed: 0.0
23:40:32.701 [pool-1-thread-1] DEBUG z.r.experiment.ScoreCalculator - Score calculation completed: 2.3529411764705883
23:40:32.789 [pool-1-thread-4] DEBUG z.r.experiment.ScoreCalculator - Score calculation completed: 3.5294117647058822
23:40:33.559 [pool-1-thread-2] DEBUG z.r.experiment.ScoreCalculator - Score calculation completed: 0.0
23:40:34.489 [pool-1-thread-1] DEBUG z.r.experiment.ScoreCalculator - Score calculation completed: 0.0
23:40:35.382 [pool-1-thread-2] DEBUG z.r.experiment.ScoreCalculator - Score calculation completed: 0.0
23:40:35.855 [pool-1-thread-4] DEBUG z.r.experiment.ScoreCalculator - Score calculation completed: 0.0
23:40:36.292 [pool-1-thread-1] DEBUG z.r.experiment.ScoreCalculator - Score calculation completed: 0.0
23:40:36.758 [pool-1-thread-2] DEBUG z.r.experiment.ScoreCalculator - Score calculation completed: 0.0
23:40:37.506 [pool-1-thread-4] DEBUG z.r.experiment.ScoreCalculator - Score calculation completed: 1.1764705882352942
23:40:37.880 [pool-1-thread-1] DEBUG z.r.experiment.ScoreCalculator - Score calculation completed: 0.0
23:40:38.002 [pool-1-thread-3] DEBUG z.r.experiment.ScoreCalculator - Score calculation completed: 0.0
23:40:38.661 [pool-1-thread-4] DEBUG z.r.experiment.ScoreCalculator - Score calculation completed: 0.0
23:40:39.169 [pool-1-thread-1] DEBUG z.r.experiment.ScoreCalculator - Score calculation completed: 0.0
23:40:39.216 [pool-1-thread-2] DEBUG z.r.experiment.ScoreCalculator - Score calculation completed: 0.0
23:40:40.365 [pool-1-thread-3] DEBUG z.r.experiment.ScoreCalculator - Score calculation completed: 0.0
23:40:40.518 [pool-1-thread-4] DEBUG z.r.experiment.ScoreCalculator - Score calculation completed: 3.5294117647058822
23:40:41.037 [pool-1-thread-1] DEBUG z.r.experiment.ScoreCalculator - Score calculation completed: 0.0
23:40:41.211 [pool-1-thread-3] DEBUG z.r.experiment.ScoreCalculator - Score calculation completed: 0.0
23:40:41.968 [pool-1-thread-4] DEBUG z.r.experiment.ScoreCalculator - Score calculation completed: 0.0
23:40:42.302 [pool-1-thread-3] DEBUG z.r.experiment.ScoreCalculator - Score calculation completed: 0.0
23:40:42.881 [pool-1-thread-2] DEBUG z.r.experiment.ScoreCalculator - Score calculation completed: 0.0
23:40:43.156 [pool-1-thread-1] DEBUG z.r.experiment.ScoreCalculator - Score calculation completed: 5.88235294117647
23:40:43.439 [pool-1-thread-3] DEBUG z.r.experiment.ScoreCalculator - Score calculation completed: 0.0
23:40:43.608 [pool-1-thread-4] DEBUG z.r.experiment.ScoreCalculator - Score calculation completed: 0.0
23:40:44.063 [pool-1-thread-2] DEBUG z.r.experiment.ScoreCalculator - Score calculation completed: 0.0
23:40:44.521 [pool-1-thread-3] DEBUG z.r.experiment.ScoreCalculator - Score calculation completed: 0.0
23:40:45.295 [pool-1-thread-3] DEBUG z.r.experiment.ScoreCalculator - Score calculation completed: 0.0
23:40:45.413 [pool-1-thread-4] DEBUG z.r.experiment.ScoreCalculator - Score calculation completed: 0.0
23:40:46.094 [pool-1-thread-2] DEBUG z.r.experiment.ScoreCalculator - Score calculation completed: 0.0
23:40:46.531 [pool-1-thread-1] DEBUG z.r.experiment.ScoreCalculator - Score calculation completed: 0.0
23:40:46.792 [pool-1-thread-4] DEBUG z.r.experiment.ScoreCalculator - Score calculation completed: 0.0
23:40:47.712 [pool-1-thread-3] DEBUG z.r.experiment.ScoreCalculator - Score calculation completed: 3.5294117647058822
23:40:47.768 [pool-1-thread-2] DEBUG z.r.experiment.ScoreCalculator - Score calculation completed: 1.1764705882352942
23:40:48.939 [pool-2-thread-2] DEBUG z.r.experiment.ScoreCalculator - Score calculation completed: 0.0
23:40:49.314 [pool-2-thread-3] DEBUG z.r.experiment.ScoreCalculator - Score calculation completed: 0.0
23:40:49.736 [pool-2-thread-1] DEBUG z.r.experiment.ScoreCalculator - Score calculation completed: 1.1764705882352942
23:40:50.434 [pool-2-thread-4] DEBUG z.r.experiment.ScoreCalculator - Score calculation completed: 3.5294117647058822
23:40:50.618 [pool-2-thread-2] DEBUG z.r.experiment.ScoreCalculator - Score calculation completed: 0.0
23:40:50.674 [pool-2-thread-1] DEBUG z.r.experiment.ScoreCalculator - Score calculation completed: 0.0
23:40:51.578 [pool-2-thread-2] DEBUG z.r.experiment.ScoreCalculator - Score calculation completed: 0.0
23:40:51.874 [pool-2-thread-1] DEBUG z.r.experiment.ScoreCalculator - Score calculation completed: 0.0
23:40:51.950 [pool-2-thread-3] DEBUG z.r.experiment.ScoreCalculator - Score calculation completed: 2.3529411764705883
23:40:52.649 [pool-2-thread-4] DEBUG z.r.experiment.ScoreCalculator - Score calculation completed: 0.0
23:40:52.790 [pool-2-thread-3] DEBUG z.r.experiment.ScoreCalculator - Score calculation completed: 0.0
23:40:53.259 [pool-2-thread-1] DEBUG z.r.experiment.ScoreCalculator - Score calculation completed: 0.0
23:40:53.332 [pool-2-thread-2] DEBUG z.r.experiment.ScoreCalculator - Score calculation completed: 0.0
23:40:53.679 [pool-2-thread-4] DEBUG z.r.experiment.ScoreCalculator - Score calculation completed: 0.0
23:40:54.234 [pool-2-thread-3] DEBUG z.r.experiment.ScoreCalculator - Score calculation completed: 0.0
23:40:54.733 [pool-2-thread-1] DEBUG z.r.experiment.ScoreCalculator - Score calculation completed: 0.0
23:40:54.835 [pool-2-thread-2] DEBUG z.r.experiment.ScoreCalculator - Score calculation completed: 1.1764705882352942
23:40:55.098 [pool-2-thread-4] DEBUG z.r.experiment.ScoreCalculator - Score calculation completed: 0.0
23:40:55.781 [pool-2-thread-3] DEBUG z.r.experiment.ScoreCalculator - Score calculation completed: 1.1764705882352942
23:40:56.114 [pool-2-thread-1] DEBUG z.r.experiment.ScoreCalculator - Score calculation completed: 0.0
23:40:56.316 [pool-2-thread-2] DEBUG z.r.experiment.ScoreCalculator - Score calculation completed: 1.1764705882352942
23:40:56.585 [pool-2-thread-4] DEBUG z.r.experiment.ScoreCalculator - Score calculation completed: 0.0
23:40:57.273 [pool-2-thread-3] DEBUG z.r.experiment.ScoreCalculator - Score calculation completed: 1.1764705882352942
23:40:57.606 [pool-2-thread-1] DEBUG z.r.experiment.ScoreCalculator - Score calculation completed: 1.1764705882352942
23:40:58.087 [pool-2-thread-4] DEBUG z.r.experiment.ScoreCalculator - Score calculation completed: 0.0
23:40:58.591 [pool-2-thread-2] DEBUG z.r.experiment.ScoreCalculator - Score calculation completed: 0.0
23:40:58.807 [pool-2-thread-3] DEBUG z.r.experiment.ScoreCalculator - Score calculation completed: 1.1764705882352942
23:40:59.098 [pool-2-thread-1] DEBUG z.r.experiment.ScoreCalculator - Score calculation completed: 0.0
23:40:59.566 [pool-2-thread-4] DEBUG z.r.experiment.ScoreCalculator - Score calculation completed: 1.1764705882352942
23:41:00.203 [pool-2-thread-2] DEBUG z.r.experiment.ScoreCalculator - Score calculation completed: 1.1764705882352942
23:41:00.253 [pool-2-thread-3] DEBUG z.r.experiment.ScoreCalculator - Score calculation completed: 1.1764705882352942
23:41:00.532 [pool-2-thread-1] DEBUG z.r.experiment.ScoreCalculator - Score calculation completed: 1.1764705882352942
23:41:01.056 [pool-2-thread-4] DEBUG z.r.experiment.ScoreCalculator - Score calculation completed: 0.0
23:41:01.719 [pool-2-thread-2] DEBUG z.r.experiment.ScoreCalculator - Score calculation completed: 0.0
23:41:01.719 [pool-2-thread-3] DEBUG z.r.experiment.ScoreCalculator - Score calculation completed: 1.1764705882352942
23:41:01.908 [pool-2-thread-1] DEBUG z.r.experiment.ScoreCalculator - Score calculation completed: 0.0
23:41:02.515 [pool-2-thread-4] DEBUG z.r.experiment.ScoreCalculator - Score calculation completed: 1.1764705882352942
23:41:03.178 [pool-2-thread-3] DEBUG z.r.experiment.ScoreCalculator - Score calculation completed: 1.1764705882352942
23:41:03.343 [pool-2-thread-1] DEBUG z.r.experiment.ScoreCalculator - Score calculation completed: 1.1764705882352942
23:41:03.399 [pool-2-thread-2] DEBUG z.r.experiment.ScoreCalculator - Score calculation completed: 1.1764705882352942
23:41:03.972 [pool-2-thread-4] DEBUG z.r.experiment.ScoreCalculator - Score calculation completed: 0.0
23:41:04.708 [pool-2-thread-1] DEBUG z.r.experiment.ScoreCalculator - Score calculation completed: 0.0
23:41:04.803 [pool-2-thread-3] DEBUG z.r.experiment.ScoreCalculator - Score calculation completed: 1.1764705882352942
23:41:04.878 [pool-2-thread-2] DEBUG z.r.experiment.ScoreCalculator - Score calculation completed: 1.1764705882352942
23:41:05.428 [pool-2-thread-4] DEBUG z.r.experiment.ScoreCalculator - Score calculation completed: 1.1764705882352942
23:41:06.221 [pool-2-thread-3] DEBUG z.r.experiment.ScoreCalculator - Score calculation completed: 1.1764705882352942
23:41:06.327 [pool-2-thread-1] DEBUG z.r.experiment.ScoreCalculator - Score calculation completed: 1.1764705882352942
23:41:06.786 [pool-2-thread-2] DEBUG z.r.experiment.ScoreCalculator - Score calculation completed: 0.0
23:41:06.897 [pool-2-thread-4] DEBUG z.r.experiment.ScoreCalculator - Score calculation completed: 1.1764705882352942
23:41:07.790 [pool-2-thread-1] DEBUG z.r.experiment.ScoreCalculator - Score calculation completed: 1.1764705882352942
23:41:07.885 [pool-2-thread-3] DEBUG z.r.experiment.ScoreCalculator - Score calculation completed: 1.1764705882352942
23:41:08.149 [pool-2-thread-2] DEBUG z.r.experiment.ScoreCalculator - Score calculation completed: 0.0
23:41:08.377 [pool-2-thread-4] DEBUG z.r.experiment.ScoreCalculator - Score calculation completed: 1.1764705882352942
23:41:09.324 [pool-2-thread-3] DEBUG z.r.experiment.ScoreCalculator - Score calculation completed: 1.1764705882352942
23:41:09.457 [pool-2-thread-1] DEBUG z.r.experiment.ScoreCalculator - Score calculation completed: 1.1764705882352942
23:41:09.607 [pool-2-thread-2] DEBUG z.r.experiment.ScoreCalculator - Score calculation completed: 1.1764705882352942
23:41:09.834 [pool-2-thread-4] DEBUG z.r.experiment.ScoreCalculator - Score calculation completed: 1.1764705882352942
23:41:10.879 [pool-2-thread-3] DEBUG z.r.experiment.ScoreCalculator - Score calculation completed: 1.1764705882352942
23:41:10.952 [pool-2-thread-1] DEBUG z.r.experiment.ScoreCalculator - Score calculation completed: 0.0
23:41:11.095 [pool-2-thread-2] DEBUG z.r.experiment.ScoreCalculator - Score calculation completed: 1.1764705882352942
23:41:11.215 [pool-2-thread-4] DEBUG z.r.experiment.ScoreCalculator - Score calculation completed: 0.0
23:41:12.306 [pool-2-thread-1] DEBUG z.r.experiment.ScoreCalculator - Score calculation completed: 0.0
23:41:12.550 [pool-2-thread-2] DEBUG z.r.experiment.ScoreCalculator - Score calculation completed: 1.1764705882352942
23:41:12.715 [pool-2-thread-4] DEBUG z.r.experiment.ScoreCalculator - Score calculation completed: 1.1764705882352942
23:41:13.379 [pool-2-thread-3] DEBUG z.r.experiment.ScoreCalculator - Score calculation completed: 3.5294117647058822
23:41:13.810 [pool-2-thread-1] DEBUG z.r.experiment.ScoreCalculator - Score calculation completed: 1.1764705882352942
23:41:13.992 [pool-2-thread-2] DEBUG z.r.experiment.ScoreCalculator - Score calculation completed: 1.1764705882352942
23:41:14.125 [pool-2-thread-4] DEBUG z.r.experiment.ScoreCalculator - Score calculation completed: 0.0
23:41:14.880 [pool-2-thread-3] DEBUG z.r.experiment.ScoreCalculator - Score calculation completed: 0.0
23:41:15.171 [pool-2-thread-1] DEBUG z.r.experiment.ScoreCalculator - Score calculation completed: 1.1764705882352942
23:41:15.270 [pool-2-thread-2] DEBUG z.r.experiment.ScoreCalculator - Score calculation completed: 1.1764705882352942
23:41:15.344 [pool-2-thread-4] DEBUG z.r.experiment.ScoreCalculator - Score calculation completed: 1.1764705882352942
23:41:15.346 [main] INFO  z.redbridge.experiment.StatsRecorder - Epoch 1 complete
23:41:15.347 [main] DEBUG z.redbridge.experiment.StatsRecorder - Recording stats - max: 11967.0, mean: 1957.1162790697674
23:41:15.348 [main] DEBUG z.redbridge.experiment.StatsRecorder - Recording stats - max: 7.0588235294117645, mean: 0.5813953488372093
23:41:15.349 [main] DEBUG z.redbridge.experiment.StatsRecorder - Recording stats - max: 5.0, mean: 4.02906976744186
23:41:15.431 [main] INFO  z.redbridge.experiment.StatsRecorder - New best genome! Epoch: 1, score: 7.0588235294117645, num sensors: 4
23:41:17.861 [pool-2-thread-3] DEBUG z.r.experiment.ScoreCalculator - Score calculation completed: 4.705882352941177
23:41:17.958 [pool-2-thread-1] DEBUG z.r.experiment.ScoreCalculator - Score calculation completed: 3.5294117647058822
23:41:18.064 [pool-2-thread-4] DEBUG z.r.experiment.ScoreCalculator - Score calculation completed: 0.0
23:41:18.208 [pool-2-thread-2] DEBUG z.r.experiment.ScoreCalculator - Score calculation completed: 0.0
23:41:20.768 [pool-2-thread-3] DEBUG z.r.experiment.ScoreCalculator - Score calculation completed: 4.705882352941177
23:41:21.026 [pool-2-thread-2] DEBUG z.r.experiment.ScoreCalculator - Score calculation completed: 11.76470588235294
23:41:23.771 [pool-2-thread-1] DEBUG z.r.experiment.ScoreCalculator - Score calculation completed: 2.3529411764705883
23:41:23.856 [pool-2-thread-3] DEBUG z.r.experiment.ScoreCalculator - Score calculation completed: 7.0588235294117645
23:41:23.964 [pool-2-thread-4] DEBUG z.r.experiment.ScoreCalculator - Score calculation completed: 2.3529411764705883
23:41:25.448 [pool-2-thread-2] DEBUG z.r.experiment.ScoreCalculator - Score calculation completed: 0.0
23:41:26.175 [pool-2-thread-4] DEBUG z.r.experiment.ScoreCalculator - Score calculation completed: 0.0
23:41:26.689 [pool-2-thread-1] DEBUG z.r.experiment.ScoreCalculator - Score calculation completed: 1.1764705882352942
23:41:27.256 [pool-2-thread-3] DEBUG z.r.experiment.ScoreCalculator - Score calculation completed: 3.5294117647058822
23:41:28.728 [pool-2-thread-4] DEBUG z.r.experiment.ScoreCalculator - Score calculation completed: 3.5294117647058822
23:41:29.147 [pool-2-thread-1] DEBUG z.r.experiment.ScoreCalculator - Score calculation completed: 3.5294117647058822
23:41:29.601 [pool-2-thread-3] DEBUG z.r.experiment.ScoreCalculator - Score calculation completed: 1.1764705882352942
23:41:31.253 [pool-2-thread-4] DEBUG z.r.experiment.ScoreCalculator - Score calculation completed: 3.5294117647058822
23:41:31.944 [pool-2-thread-2] DEBUG z.r.experiment.ScoreCalculator - Score calculation completed: 3.5294117647058822
23:41:32.051 [pool-2-thread-3] DEBUG z.r.experiment.ScoreCalculator - Score calculation completed: 3.5294117647058822
23:41:32.171 [pool-2-thread-1] DEBUG z.r.experiment.ScoreCalculator - Score calculation completed: 2.3529411764705883
23:41:33.790 [pool-2-thread-2] DEBUG z.r.experiment.ScoreCalculator - Score calculation completed: 0.0
23:41:33.938 [pool-2-thread-4] DEBUG z.r.experiment.ScoreCalculator - Score calculation completed: 3.5294117647058822
23:41:34.897 [pool-2-thread-3] DEBUG z.r.experiment.ScoreCalculator - Score calculation completed: 1.1764705882352942
23:41:34.937 [pool-2-thread-1] DEBUG z.r.experiment.ScoreCalculator - Score calculation completed: 3.5294117647058822
23:41:36.314 [pool-2-thread-2] DEBUG z.r.experiment.ScoreCalculator - Score calculation completed: 7.0588235294117645
23:41:36.481 [pool-2-thread-4] DEBUG z.r.experiment.ScoreCalculator - Score calculation completed: 3.5294117647058822
23:41:37.249 [pool-2-thread-3] DEBUG z.r.experiment.ScoreCalculator - Score calculation completed: 3.5294117647058822
23:41:37.541 [pool-2-thread-1] DEBUG z.r.experiment.ScoreCalculator - Score calculation completed: 3.5294117647058822
23:41:38.634 [pool-2-thread-2] DEBUG z.r.experiment.ScoreCalculator - Score calculation completed: 1.1764705882352942
23:41:39.526 [pool-2-thread-4] DEBUG z.r.experiment.ScoreCalculator - Score calculation completed: 7.0588235294117645
23:41:39.709 [pool-2-thread-3] DEBUG z.r.experiment.ScoreCalculator - Score calculation completed: 2.3529411764705883
23:41:40.173 [pool-2-thread-1] DEBUG z.r.experiment.ScoreCalculator - Score calculation completed: 7.0588235294117645
23:41:41.137 [pool-2-thread-2] DEBUG z.r.experiment.ScoreCalculator - Score calculation completed: 3.5294117647058822
23:41:41.993 [pool-2-thread-3] DEBUG z.r.experiment.ScoreCalculator - Score calculation completed: 0.0
23:41:42.156 [pool-2-thread-4] DEBUG z.r.experiment.ScoreCalculator - Score calculation completed: 4.705882352941177
23:41:42.958 [pool-2-thread-2] DEBUG z.r.experiment.ScoreCalculator - Score calculation completed: 0.0
23:41:43.019 [pool-2-thread-1] DEBUG z.r.experiment.ScoreCalculator - Score calculation completed: 3.5294117647058822
23:41:44.337 [pool-2-thread-3] DEBUG z.r.experiment.ScoreCalculator - Score calculation completed: 4.705882352941177
23:41:44.727 [pool-2-thread-4] DEBUG z.r.experiment.ScoreCalculator - Score calculation completed: 3.5294117647058822
23:41:45.348 [pool-2-thread-2] DEBUG z.r.experiment.ScoreCalculator - Score calculation completed: 4.705882352941177
23:41:45.663 [pool-2-thread-1] DEBUG z.r.experiment.ScoreCalculator - Score calculation completed: 3.5294117647058822
23:41:46.563 [pool-2-thread-4] DEBUG z.r.experiment.ScoreCalculator - Score calculation completed: 1.1764705882352942
23:41:46.811 [pool-2-thread-3] DEBUG z.r.experiment.ScoreCalculator - Score calculation completed: 3.5294117647058822
23:41:47.196 [pool-2-thread-2] DEBUG z.r.experiment.ScoreCalculator - Score calculation completed: 0.0
23:41:47.503 [pool-2-thread-1] DEBUG z.r.experiment.ScoreCalculator - Score calculation completed: 2.3529411764705883
23:41:48.498 [pool-2-thread-4] DEBUG z.r.experiment.ScoreCalculator - Score calculation completed: 1.1764705882352942
23:41:49.012 [pool-2-thread-2] DEBUG z.r.experiment.ScoreCalculator - Score calculation completed: 0.0
23:41:49.367 [pool-2-thread-1] DEBUG z.r.experiment.ScoreCalculator - Score calculation completed: 1.1764705882352942
23:41:50.333 [pool-2-thread-4] DEBUG z.r.experiment.ScoreCalculator - Score calculation completed: 0.0
23:41:50.809 [pool-2-thread-1] DEBUG z.r.experiment.ScoreCalculator - Score calculation completed: 0.0
23:41:50.918 [pool-2-thread-3] DEBUG z.r.experiment.ScoreCalculator - Score calculation completed: 0.0
23:41:51.109 [pool-2-thread-2] DEBUG z.r.experiment.ScoreCalculator - Score calculation completed: 1.1764705882352942
23:41:51.764 [pool-2-thread-4] DEBUG z.r.experiment.ScoreCalculator - Score calculation completed: 0.0
23:41:52.276 [pool-2-thread-1] DEBUG z.r.experiment.ScoreCalculator - Score calculation completed: 0.0
23:41:52.656 [pool-2-thread-2] DEBUG z.r.experiment.ScoreCalculator - Score calculation completed: 0.0
23:41:53.435 [pool-2-thread-4] DEBUG z.r.experiment.ScoreCalculator - Score calculation completed: 1.1764705882352942
23:41:53.564 [pool-2-thread-3] DEBUG z.r.experiment.ScoreCalculator - Score calculation completed: 1.1764705882352942
23:41:53.972 [pool-2-thread-1] DEBUG z.r.experiment.ScoreCalculator - Score calculation completed: 1.1764705882352942
23:41:54.348 [pool-2-thread-2] DEBUG z.r.experiment.ScoreCalculator - Score calculation completed: 1.1764705882352942
23:41:55.182 [pool-2-thread-3] DEBUG z.r.experiment.ScoreCalculator - Score calculation completed: 0.0
23:41:55.235 [pool-2-thread-4] DEBUG z.r.experiment.ScoreCalculator - Score calculation completed: 0.0
23:41:55.724 [pool-2-thread-1] DEBUG z.r.experiment.ScoreCalculator - Score calculation completed: 1.1764705882352942
23:41:56.055 [pool-2-thread-2] DEBUG z.r.experiment.ScoreCalculator - Score calculation completed: 0.0
23:41:56.944 [pool-2-thread-4] DEBUG z.r.experiment.ScoreCalculator - Score calculation completed: 1.1764705882352942
23:41:57.404 [pool-2-thread-3] DEBUG z.r.experiment.ScoreCalculator - Score calculation completed: 1.1764705882352942
23:41:57.697 [pool-2-thread-1] DEBUG z.r.experiment.ScoreCalculator - Score calculation completed: 0.0
23:41:57.787 [pool-2-thread-2] DEBUG z.r.experiment.ScoreCalculator - Score calculation completed: 1.1764705882352942
23:41:58.791 [pool-2-thread-4] DEBUG z.r.experiment.ScoreCalculator - Score calculation completed: 1.1764705882352942
23:41:59.342 [pool-2-thread-3] DEBUG z.r.experiment.ScoreCalculator - Score calculation completed: 1.1764705882352942
23:41:59.661 [pool-2-thread-2] DEBUG z.r.experiment.ScoreCalculator - Score calculation completed: 0.0
23:42:01.061 [pool-2-thread-1] DEBUG z.r.experiment.ScoreCalculator - Score calculation completed: 3.5294117647058822
23:42:01.228 [pool-2-thread-4] DEBUG z.r.experiment.ScoreCalculator - Score calculation completed: 0.0
23:42:01.761 [pool-2-thread-3] DEBUG z.r.experiment.ScoreCalculator - Score calculation completed: 0.0
23:42:01.815 [pool-2-thread-2] DEBUG z.r.experiment.ScoreCalculator - Score calculation completed: 0.0
23:42:02.915 [pool-2-thread-4] DEBUG z.r.experiment.ScoreCalculator - Score calculation completed: 1.1764705882352942
23:42:03.009 [pool-2-thread-1] DEBUG z.r.experiment.ScoreCalculator - Score calculation completed: 1.1764705882352942
23:42:03.398 [pool-2-thread-3] DEBUG z.r.experiment.ScoreCalculator - Score calculation completed: 1.1764705882352942
23:42:03.498 [pool-2-thread-2] DEBUG z.r.experiment.ScoreCalculator - Score calculation completed: 1.1764705882352942
23:42:04.476 [pool-2-thread-4] DEBUG z.r.experiment.ScoreCalculator - Score calculation completed: 0.0
23:42:04.680 [pool-2-thread-1] DEBUG z.r.experiment.ScoreCalculator - Score calculation completed: 1.1764705882352942
23:42:05.052 [pool-2-thread-2] DEBUG z.r.experiment.ScoreCalculator - Score calculation completed: 0.0
23:42:05.096 [pool-2-thread-3] DEBUG z.r.experiment.ScoreCalculator - Score calculation completed: 1.1764705882352942
23:42:06.215 [pool-2-thread-4] DEBUG z.r.experiment.ScoreCalculator - Score calculation completed: 0.0
23:42:06.511 [pool-2-thread-1] DEBUG z.r.experiment.ScoreCalculator - Score calculation completed: 1.1764705882352942
23:42:06.895 [pool-2-thread-2] DEBUG z.r.experiment.ScoreCalculator - Score calculation completed: 1.1764705882352942
23:42:06.956 [pool-2-thread-3] DEBUG z.r.experiment.ScoreCalculator - Score calculation completed: 1.1764705882352942
23:42:07.890 [pool-2-thread-4] DEBUG z.r.experiment.ScoreCalculator - Score calculation completed: 0.0
23:42:08.287 [pool-2-thread-1] DEBUG z.r.experiment.ScoreCalculator - Score calculation completed: 1.1764705882352942
23:42:08.540 [pool-2-thread-3] DEBUG z.r.experiment.ScoreCalculator - Score calculation completed: 0.0
23:42:08.579 [pool-2-thread-2] DEBUG z.r.experiment.ScoreCalculator - Score calculation completed: 1.1764705882352942
23:42:09.256 [pool-2-thread-4] DEBUG z.r.experiment.ScoreCalculator - Score calculation completed: 1.1764705882352942
