23:46:01.325 [main] INFO  za.redbridge.experiment.Main - Options: 
	Config file path: hons-experiment-master/config/mediumSimConfig.yml
	Number of simulation steps: 500
	Population size: 100
	Number of simulation tests per iteration: 1
	Initial connection density: 0.5
	Demo network config path: null
	Running with the control case: false
	Morphology path: null
	Population path: null
23:46:06.886 [main] DEBUG za.redbridge.experiment.Main - Population initialized
23:46:06.954 [main] INFO  z.redbridge.experiment.StatsRecorder - Epoch 0 complete
23:46:06.954 [main] DEBUG z.redbridge.experiment.StatsRecorder - Recording stats - max: NaN, mean: NaN
23:46:06.957 [main] DEBUG z.redbridge.experiment.StatsRecorder - Recording stats - max: NaN, mean: NaN
23:46:06.958 [main] DEBUG z.redbridge.experiment.StatsRecorder - Recording stats - max: NaN, mean: NaN
23:46:07.167 [main] INFO  z.redbridge.experiment.StatsRecorder - New best genome! Epoch: 0, score: NaN, num sensors: 4
23:46:11.969 [pool-1-thread-4] DEBUG z.r.experiment.ScoreCalculator - Score calculation completed: 0.0
23:46:12.083 [pool-1-thread-2] DEBUG z.r.experiment.ScoreCalculator - Score calculation completed: 0.0
23:46:12.470 [pool-1-thread-1] DEBUG z.r.experiment.ScoreCalculator - Score calculation completed: 0.0
23:46:14.189 [pool-1-thread-5] DEBUG z.r.experiment.ScoreCalculator - Score calculation completed: 0.0
23:46:15.000 [pool-1-thread-1] DEBUG z.r.experiment.ScoreCalculator - Score calculation completed: 0.0
23:46:15.308 [pool-1-thread-2] DEBUG z.r.experiment.ScoreCalculator - Score calculation completed: 0.0
23:46:16.505 [pool-1-thread-4] DEBUG z.r.experiment.ScoreCalculator - Score calculation completed: 2.3529411764705883
23:46:17.817 [pool-1-thread-2] DEBUG z.r.experiment.ScoreCalculator - Score calculation completed: 0.0
23:46:18.201 [pool-1-thread-5] DEBUG z.r.experiment.ScoreCalculator - Score calculation completed: 0.0
23:46:18.605 [pool-1-thread-4] DEBUG z.r.experiment.ScoreCalculator - Score calculation completed: 0.0
23:46:19.685 [pool-1-thread-4] DEBUG z.r.experiment.ScoreCalculator - Score calculation completed: 0.0
23:46:19.879 [pool-1-thread-1] DEBUG z.r.experiment.ScoreCalculator - Score calculation completed: 0.0
23:46:20.558 [pool-1-thread-5] DEBUG z.r.experiment.ScoreCalculator - Score calculation completed: 0.0
23:46:21.328 [pool-1-thread-1] DEBUG z.r.experiment.ScoreCalculator - Score calculation completed: 0.0
23:46:21.918 [pool-1-thread-2] DEBUG z.r.experiment.ScoreCalculator - Score calculation completed: 2.3529411764705883
23:46:22.977 [pool-1-thread-5] DEBUG z.r.experiment.ScoreCalculator - Score calculation completed: 0.0
23:46:23.190 [pool-1-thread-2] DEBUG z.r.experiment.ScoreCalculator - Score calculation completed: 0.0
23:46:23.836 [pool-1-thread-1] DEBUG z.r.experiment.ScoreCalculator - Score calculation completed: 0.0
23:46:24.786 [pool-1-thread-5] DEBUG z.r.experiment.ScoreCalculator - Score calculation completed: 0.0
23:46:25.048 [pool-1-thread-4] DEBUG z.r.experiment.ScoreCalculator - Score calculation completed: 5.88235294117647
23:46:26.077 [pool-1-thread-2] DEBUG z.r.experiment.ScoreCalculator - Score calculation completed: 1.1764705882352942
23:46:26.141 [pool-1-thread-1] DEBUG z.r.experiment.ScoreCalculator - Score calculation completed: 0.0
23:46:26.226 [pool-1-thread-5] DEBUG z.r.experiment.ScoreCalculator - Score calculation completed: 0.0
23:46:26.720 [pool-1-thread-4] DEBUG z.r.experiment.ScoreCalculator - Score calculation completed: 0.0
23:46:27.545 [pool-1-thread-2] DEBUG z.r.experiment.ScoreCalculator - Score calculation completed: 0.0
23:46:28.237 [pool-1-thread-5] DEBUG z.r.experiment.ScoreCalculator - Score calculation completed: 0.0
23:46:28.800 [pool-1-thread-1] DEBUG z.r.experiment.ScoreCalculator - Score calculation completed: 0.0
23:46:29.433 [pool-1-thread-2] DEBUG z.r.experiment.ScoreCalculator - Score calculation completed: 0.0
23:46:29.845 [pool-1-thread-5] DEBUG z.r.experiment.ScoreCalculator - Score calculation completed: 0.0
23:46:30.143 [pool-1-thread-4] DEBUG z.r.experiment.ScoreCalculator - Score calculation completed: 0.0
23:46:30.914 [pool-1-thread-1] DEBUG z.r.experiment.ScoreCalculator - Score calculation completed: 0.0
23:46:31.144 [pool-1-thread-5] DEBUG z.r.experiment.ScoreCalculator - Score calculation completed: 0.0
23:46:31.743 [pool-1-thread-2] DEBUG z.r.experiment.ScoreCalculator - Score calculation completed: 0.0
23:46:32.571 [pool-1-thread-1] DEBUG z.r.experiment.ScoreCalculator - Score calculation completed: 0.0
23:46:33.044 [pool-1-thread-2] DEBUG z.r.experiment.ScoreCalculator - Score calculation completed: 0.0
23:46:33.156 [pool-1-thread-5] DEBUG z.r.experiment.ScoreCalculator - Score calculation completed: 0.0
23:46:33.946 [pool-1-thread-1] DEBUG z.r.experiment.ScoreCalculator - Score calculation completed: 0.0
23:46:34.074 [pool-1-thread-4] DEBUG z.r.experiment.ScoreCalculator - Score calculation completed: 0.0
23:46:35.363 [pool-1-thread-2] DEBUG z.r.experiment.ScoreCalculator - Score calculation completed: 0.0
23:46:35.717 [pool-1-thread-5] DEBUG z.r.experiment.ScoreCalculator - Score calculation completed: 0.0
23:46:36.101 [pool-1-thread-1] DEBUG z.r.experiment.ScoreCalculator - Score calculation completed: 0.0
23:46:36.618 [pool-1-thread-5] DEBUG z.r.experiment.ScoreCalculator - Score calculation completed: 0.0
23:46:37.131 [pool-1-thread-2] DEBUG z.r.experiment.ScoreCalculator - Score calculation completed: 0.0
23:46:37.248 [pool-1-thread-1] DEBUG z.r.experiment.ScoreCalculator - Score calculation completed: 0.0
23:46:37.794 [pool-1-thread-5] DEBUG z.r.experiment.ScoreCalculator - Score calculation completed: 0.0
23:46:37.973 [pool-1-thread-4] DEBUG z.r.experiment.ScoreCalculator - Score calculation completed: 0.0
23:46:38.852 [pool-1-thread-5] DEBUG z.r.experiment.ScoreCalculator - Score calculation completed: 0.0
23:46:39.529 [pool-1-thread-4] DEBUG z.r.experiment.ScoreCalculator - Score calculation completed: 0.0
23:46:39.786 [pool-1-thread-2] DEBUG z.r.experiment.ScoreCalculator - Score calculation completed: 1.1764705882352942
23:46:39.919 [pool-1-thread-1] DEBUG z.r.experiment.ScoreCalculator - Score calculation completed: 0.0
23:46:40.795 [pool-1-thread-5] DEBUG z.r.experiment.ScoreCalculator - Score calculation completed: 0.0
23:46:41.120 [pool-1-thread-2] DEBUG z.r.experiment.ScoreCalculator - Score calculation completed: 0.0
23:46:41.421 [pool-1-thread-1] DEBUG z.r.experiment.ScoreCalculator - Score calculation completed: 0.0
23:46:41.646 [pool-1-thread-4] DEBUG z.r.experiment.ScoreCalculator - Score calculation completed: 0.0
23:46:41.981 [pool-1-thread-5] DEBUG z.r.experiment.ScoreCalculator - Score calculation completed: 0.0
23:46:42.856 [pool-1-thread-4] DEBUG z.r.experiment.ScoreCalculator - Score calculation completed: 0.0
23:46:43.388 [pool-1-thread-2] DEBUG z.r.experiment.ScoreCalculator - Score calculation completed: 1.1764705882352942
23:46:43.564 [pool-1-thread-5] DEBUG z.r.experiment.ScoreCalculator - Score calculation completed: 0.0
23:46:43.684 [pool-1-thread-1] DEBUG z.r.experiment.ScoreCalculator - Score calculation completed: 0.0
23:46:44.251 [pool-1-thread-4] DEBUG z.r.experiment.ScoreCalculator - Score calculation completed: 0.0
23:46:45.075 [pool-1-thread-5] DEBUG z.r.experiment.ScoreCalculator - Score calculation completed: 0.0
23:46:45.541 [pool-1-thread-2] DEBUG z.r.experiment.ScoreCalculator - Score calculation completed: 0.0
23:46:45.977 [pool-1-thread-1] DEBUG z.r.experiment.ScoreCalculator - Score calculation completed: 0.0
23:46:46.582 [pool-1-thread-4] DEBUG z.r.experiment.ScoreCalculator - Score calculation completed: 0.0
23:46:46.809 [pool-1-thread-2] DEBUG z.r.experiment.ScoreCalculator - Score calculation completed: 0.0
23:46:47.202 [pool-1-thread-5] DEBUG z.r.experiment.ScoreCalculator - Score calculation completed: 1.1764705882352942
23:46:47.955 [pool-1-thread-1] DEBUG z.r.experiment.ScoreCalculator - Score calculation completed: 0.0
23:46:48.773 [pool-1-thread-4] DEBUG z.r.experiment.ScoreCalculator - Score calculation completed: 0.0
23:46:49.224 [pool-1-thread-2] DEBUG z.r.experiment.ScoreCalculator - Score calculation completed: 0.0
23:46:49.656 [pool-1-thread-1] DEBUG z.r.experiment.ScoreCalculator - Score calculation completed: 0.0
23:46:49.919 [pool-1-thread-5] DEBUG z.r.experiment.ScoreCalculator - Score calculation completed: 0.0
23:46:51.172 [pool-1-thread-2] DEBUG z.r.experiment.ScoreCalculator - Score calculation completed: 1.1764705882352942
23:46:51.440 [pool-1-thread-4] DEBUG z.r.experiment.ScoreCalculator - Score calculation completed: 1.1764705882352942
23:46:52.124 [pool-1-thread-1] DEBUG z.r.experiment.ScoreCalculator - Score calculation completed: 0.0
23:46:52.367 [pool-1-thread-5] DEBUG z.r.experiment.ScoreCalculator - Score calculation completed: 1.1764705882352942
23:46:52.677 [pool-1-thread-4] DEBUG z.r.experiment.ScoreCalculator - Score calculation completed: 1.1764705882352942
23:46:52.835 [pool-1-thread-2] DEBUG z.r.experiment.ScoreCalculator - Score calculation completed: 0.0
23:46:53.610 [pool-1-thread-4] DEBUG z.r.experiment.ScoreCalculator - Score calculation completed: 0.0
23:46:53.791 [pool-1-thread-1] DEBUG z.r.experiment.ScoreCalculator - Score calculation completed: 0.0
23:46:53.918 [pool-1-thread-2] DEBUG z.r.experiment.ScoreCalculator - Score calculation completed: 0.0
23:46:55.123 [pool-1-thread-5] DEBUG z.r.experiment.ScoreCalculator - Score calculation completed: 0.0
23:46:55.471 [pool-1-thread-4] DEBUG z.r.experiment.ScoreCalculator - Score calculation completed: 0.0
23:46:55.914 [pool-1-thread-1] DEBUG z.r.experiment.ScoreCalculator - Score calculation completed: 0.0
23:46:56.304 [pool-1-thread-5] DEBUG z.r.experiment.ScoreCalculator - Score calculation completed: 0.0
23:46:56.893 [pool-1-thread-2] DEBUG z.r.experiment.ScoreCalculator - Score calculation completed: 1.1764705882352942
23:46:57.484 [pool-1-thread-1] DEBUG z.r.experiment.ScoreCalculator - Score calculation completed: 0.0
23:46:58.252 [pool-1-thread-4] DEBUG z.r.experiment.ScoreCalculator - Score calculation completed: 0.0
23:46:58.403 [pool-1-thread-5] DEBUG z.r.experiment.ScoreCalculator - Score calculation completed: 0.0
23:46:58.550 [pool-1-thread-1] DEBUG z.r.experiment.ScoreCalculator - Score calculation completed: 0.0
23:46:59.320 [pool-1-thread-5] DEBUG z.r.experiment.ScoreCalculator - Score calculation completed: 0.0
23:46:59.904 [pool-1-thread-4] DEBUG z.r.experiment.ScoreCalculator - Score calculation completed: 0.0
23:47:00.413 [pool-1-thread-1] DEBUG z.r.experiment.ScoreCalculator - Score calculation completed: 0.0
23:47:00.528 [pool-1-thread-5] DEBUG z.r.experiment.ScoreCalculator - Score calculation completed: 0.0
23:47:00.643 [pool-1-thread-2] DEBUG z.r.experiment.ScoreCalculator - Score calculation completed: 5.88235294117647
23:47:00.989 [pool-1-thread-4] DEBUG z.r.experiment.ScoreCalculator - Score calculation completed: 0.0
23:47:01.521 [pool-1-thread-1] DEBUG z.r.experiment.ScoreCalculator - Score calculation completed: 0.0
23:47:02.118 [pool-1-thread-4] DEBUG z.r.experiment.ScoreCalculator - Score calculation completed: 0.0
23:47:02.710 [pool-1-thread-2] DEBUG z.r.experiment.ScoreCalculator - Score calculation completed: 0.0
23:47:02.830 [pool-1-thread-5] DEBUG z.r.experiment.ScoreCalculator - Score calculation completed: 0.0
23:47:04.657 [pool-2-thread-2] DEBUG z.r.experiment.ScoreCalculator - Score calculation completed: 1.1764705882352942
23:47:04.730 [pool-2-thread-1] DEBUG z.r.experiment.ScoreCalculator - Score calculation completed: 1.1764705882352942
23:47:05.394 [pool-2-thread-3] DEBUG z.r.experiment.ScoreCalculator - Score calculation completed: 1.1764705882352942
23:47:05.622 [pool-2-thread-4] DEBUG z.r.experiment.ScoreCalculator - Score calculation completed: 0.0
23:47:05.777 [pool-2-thread-2] DEBUG z.r.experiment.ScoreCalculator - Score calculation completed: 0.0
23:47:06.421 [pool-2-thread-1] DEBUG z.r.experiment.ScoreCalculator - Score calculation completed: 0.0
23:47:06.650 [pool-2-thread-2] DEBUG z.r.experiment.ScoreCalculator - Score calculation completed: 0.0
23:47:06.986 [pool-2-thread-3] DEBUG z.r.experiment.ScoreCalculator - Score calculation completed: 1.1764705882352942
23:47:07.529 [pool-2-thread-2] DEBUG z.r.experiment.ScoreCalculator - Score calculation completed: 0.0
23:47:08.162 [pool-2-thread-4] DEBUG z.r.experiment.ScoreCalculator - Score calculation completed: 1.1764705882352942
23:47:09.466 [pool-2-thread-3] DEBUG z.r.experiment.ScoreCalculator - Score calculation completed: 1.1764705882352942
23:47:09.684 [pool-2-thread-1] DEBUG z.r.experiment.ScoreCalculator - Score calculation completed: 2.3529411764705883
23:47:10.026 [pool-2-thread-2] DEBUG z.r.experiment.ScoreCalculator - Score calculation completed: 0.0
23:47:10.667 [pool-2-thread-4] DEBUG z.r.experiment.ScoreCalculator - Score calculation completed: 1.1764705882352942
23:47:11.817 [pool-2-thread-3] DEBUG z.r.experiment.ScoreCalculator - Score calculation completed: 1.1764705882352942
23:47:12.167 [pool-2-thread-1] DEBUG z.r.experiment.ScoreCalculator - Score calculation completed: 0.0
23:47:12.292 [pool-2-thread-2] DEBUG z.r.experiment.ScoreCalculator - Score calculation completed: 0.0
23:47:13.179 [pool-2-thread-4] DEBUG z.r.experiment.ScoreCalculator - Score calculation completed: 0.0
23:47:14.187 [pool-2-thread-3] DEBUG z.r.experiment.ScoreCalculator - Score calculation completed: 2.3529411764705883
23:47:14.463 [pool-2-thread-2] DEBUG z.r.experiment.ScoreCalculator - Score calculation completed: 0.0
23:47:14.587 [pool-2-thread-1] DEBUG z.r.experiment.ScoreCalculator - Score calculation completed: 3.5294117647058822
23:47:15.393 [pool-2-thread-4] DEBUG z.r.experiment.ScoreCalculator - Score calculation completed: 0.0
23:47:16.544 [pool-2-thread-2] DEBUG z.r.experiment.ScoreCalculator - Score calculation completed: 0.0
23:47:16.771 [pool-2-thread-3] DEBUG z.r.experiment.ScoreCalculator - Score calculation completed: 0.0
23:47:17.040 [pool-2-thread-1] DEBUG z.r.experiment.ScoreCalculator - Score calculation completed: 0.0
23:47:17.116 [pool-2-thread-4] DEBUG z.r.experiment.ScoreCalculator - Score calculation completed: 0.0
23:47:18.986 [pool-2-thread-3] DEBUG z.r.experiment.ScoreCalculator - Score calculation completed: 0.0
23:47:19.296 [pool-2-thread-1] DEBUG z.r.experiment.ScoreCalculator - Score calculation completed: 0.0
23:47:19.385 [pool-2-thread-2] DEBUG z.r.experiment.ScoreCalculator - Score calculation completed: 0.0
23:47:19.473 [pool-2-thread-4] DEBUG z.r.experiment.ScoreCalculator - Score calculation completed: 0.0
23:47:21.420 [pool-2-thread-3] DEBUG z.r.experiment.ScoreCalculator - Score calculation completed: 0.0
23:47:21.502 [pool-2-thread-4] DEBUG z.r.experiment.ScoreCalculator - Score calculation completed: 3.5294117647058822
23:47:21.711 [pool-2-thread-1] DEBUG z.r.experiment.ScoreCalculator - Score calculation completed: 0.0
23:47:21.940 [pool-2-thread-2] DEBUG z.r.experiment.ScoreCalculator - Score calculation completed: 0.0
23:47:24.098 [pool-2-thread-4] DEBUG z.r.experiment.ScoreCalculator - Score calculation completed: 0.0
23:47:24.381 [pool-2-thread-3] DEBUG z.r.experiment.ScoreCalculator - Score calculation completed: 0.0
23:47:24.493 [pool-2-thread-1] DEBUG z.r.experiment.ScoreCalculator - Score calculation completed: 1.1764705882352942
23:47:24.555 [pool-2-thread-2] DEBUG z.r.experiment.ScoreCalculator - Score calculation completed: 1.1764705882352942
23:47:26.482 [pool-2-thread-4] DEBUG z.r.experiment.ScoreCalculator - Score calculation completed: 0.0
23:47:26.485 [pool-2-thread-3] DEBUG z.r.experiment.ScoreCalculator - Score calculation completed: 0.0
23:47:26.581 [pool-2-thread-1] DEBUG z.r.experiment.ScoreCalculator - Score calculation completed: 0.0
23:47:26.900 [pool-2-thread-2] DEBUG z.r.experiment.ScoreCalculator - Score calculation completed: 2.3529411764705883
23:47:28.876 [pool-2-thread-4] DEBUG z.r.experiment.ScoreCalculator - Score calculation completed: 2.3529411764705883
23:47:28.970 [pool-2-thread-3] DEBUG z.r.experiment.ScoreCalculator - Score calculation completed: 0.0
23:47:29.037 [pool-2-thread-1] DEBUG z.r.experiment.ScoreCalculator - Score calculation completed: 0.0
23:47:29.227 [pool-2-thread-2] DEBUG z.r.experiment.ScoreCalculator - Score calculation completed: 0.0
23:47:30.910 [pool-2-thread-4] DEBUG z.r.experiment.ScoreCalculator - Score calculation completed: 0.0
23:47:31.031 [pool-2-thread-1] DEBUG z.r.experiment.ScoreCalculator - Score calculation completed: 0.0
23:47:31.249 [pool-2-thread-3] DEBUG z.r.experiment.ScoreCalculator - Score calculation completed: 4.705882352941177
23:47:31.633 [pool-2-thread-2] DEBUG z.r.experiment.ScoreCalculator - Score calculation completed: 5.88235294117647
23:47:32.889 [pool-2-thread-4] DEBUG z.r.experiment.ScoreCalculator - Score calculation completed: 1.1764705882352942
23:47:33.023 [pool-2-thread-1] DEBUG z.r.experiment.ScoreCalculator - Score calculation completed: 0.0
23:47:33.245 [pool-2-thread-3] DEBUG z.r.experiment.ScoreCalculator - Score calculation completed: 1.1764705882352942
23:47:33.684 [pool-2-thread-2] DEBUG z.r.experiment.ScoreCalculator - Score calculation completed: 5.88235294117647
23:47:35.054 [pool-2-thread-1] DEBUG z.r.experiment.ScoreCalculator - Score calculation completed: 0.0
23:47:35.132 [pool-2-thread-4] DEBUG z.r.experiment.ScoreCalculator - Score calculation completed: 4.705882352941177
23:47:35.452 [pool-2-thread-3] DEBUG z.r.experiment.ScoreCalculator - Score calculation completed: 5.88235294117647
23:47:35.747 [pool-2-thread-2] DEBUG z.r.experiment.ScoreCalculator - Score calculation completed: 0.0
23:47:36.644 [pool-2-thread-4] DEBUG z.r.experiment.ScoreCalculator - Score calculation completed: 0.0
23:47:37.112 [pool-2-thread-1] DEBUG z.r.experiment.ScoreCalculator - Score calculation completed: 0.0
23:47:37.487 [pool-2-thread-3] DEBUG z.r.experiment.ScoreCalculator - Score calculation completed: 0.0
23:47:37.760 [pool-2-thread-2] DEBUG z.r.experiment.ScoreCalculator - Score calculation completed: 0.0
23:47:38.728 [pool-2-thread-4] DEBUG z.r.experiment.ScoreCalculator - Score calculation completed: 0.0
23:47:38.902 [pool-2-thread-1] DEBUG z.r.experiment.ScoreCalculator - Score calculation completed: 0.0
23:47:39.466 [pool-2-thread-3] DEBUG z.r.experiment.ScoreCalculator - Score calculation completed: 0.0
23:47:39.744 [pool-2-thread-2] DEBUG z.r.experiment.ScoreCalculator - Score calculation completed: 1.1764705882352942
23:47:40.757 [pool-2-thread-4] DEBUG z.r.experiment.ScoreCalculator - Score calculation completed: 0.0
23:47:40.880 [pool-2-thread-1] DEBUG z.r.experiment.ScoreCalculator - Score calculation completed: 0.0
23:47:41.391 [pool-2-thread-2] DEBUG z.r.experiment.ScoreCalculator - Score calculation completed: 0.0
23:47:41.525 [pool-2-thread-3] DEBUG z.r.experiment.ScoreCalculator - Score calculation completed: 7.0588235294117645
23:47:42.705 [pool-2-thread-2] DEBUG z.r.experiment.ScoreCalculator - Score calculation completed: 0.0
23:47:42.890 [pool-2-thread-1] DEBUG z.r.experiment.ScoreCalculator - Score calculation completed: 0.0
23:47:43.195 [pool-2-thread-4] DEBUG z.r.experiment.ScoreCalculator - Score calculation completed: 0.0
23:47:43.535 [pool-2-thread-3] DEBUG z.r.experiment.ScoreCalculator - Score calculation completed: 0.0
23:47:44.747 [pool-2-thread-2] DEBUG z.r.experiment.ScoreCalculator - Score calculation completed: 0.0
23:47:45.140 [pool-2-thread-1] DEBUG z.r.experiment.ScoreCalculator - Score calculation completed: 0.0
23:47:45.237 [pool-2-thread-4] DEBUG z.r.experiment.ScoreCalculator - Score calculation completed: 0.0
23:47:45.789 [pool-2-thread-3] DEBUG z.r.experiment.ScoreCalculator - Score calculation completed: 1.1764705882352942
23:47:46.718 [pool-2-thread-2] DEBUG z.r.experiment.ScoreCalculator - Score calculation completed: 4.705882352941177
23:47:47.233 [pool-2-thread-1] DEBUG z.r.experiment.ScoreCalculator - Score calculation completed: 0.0
23:47:47.292 [pool-2-thread-3] DEBUG z.r.experiment.ScoreCalculator - Score calculation completed: 1.1764705882352942
23:47:47.303 [pool-2-thread-4] DEBUG z.r.experiment.ScoreCalculator - Score calculation completed: 0.0
23:47:48.144 [pool-2-thread-2] DEBUG z.r.experiment.ScoreCalculator - Score calculation completed: 0.0
23:47:48.148 [main] INFO  z.redbridge.experiment.StatsRecorder - Epoch 1 complete
23:47:48.148 [main] DEBUG z.redbridge.experiment.StatsRecorder - Recording stats - max: 5362.0, mean: 2175.291208791209
23:47:48.151 [main] DEBUG z.redbridge.experiment.StatsRecorder - Recording stats - max: 7.0588235294117645, mean: 0.54945054945055
23:47:48.152 [main] DEBUG z.redbridge.experiment.StatsRecorder - Recording stats - max: 5.0, mean: 4.016483516483516
23:47:48.240 [main] INFO  z.redbridge.experiment.StatsRecorder - New best genome! Epoch: 1, score: 7.0588235294117645, num sensors: 4
23:47:49.765 [pool-2-thread-1] DEBUG z.r.experiment.ScoreCalculator - Score calculation completed: 0.0
23:47:50.418 [pool-2-thread-3] DEBUG z.r.experiment.ScoreCalculator - Score calculation completed: 0.0
23:47:50.521 [pool-2-thread-4] DEBUG z.r.experiment.ScoreCalculator - Score calculation completed: 3.5294117647058822
23:47:50.626 [pool-2-thread-2] DEBUG z.r.experiment.ScoreCalculator - Score calculation completed: 1.1764705882352942
23:47:51.869 [pool-2-thread-1] DEBUG z.r.experiment.ScoreCalculator - Score calculation completed: 1.1764705882352942
23:47:52.649 [pool-2-thread-3] DEBUG z.r.experiment.ScoreCalculator - Score calculation completed: 5.88235294117647
23:47:52.859 [pool-2-thread-4] DEBUG z.r.experiment.ScoreCalculator - Score calculation completed: 1.1764705882352942
23:47:53.023 [pool-2-thread-2] DEBUG z.r.experiment.ScoreCalculator - Score calculation completed: 1.1764705882352942
23:47:53.980 [pool-2-thread-1] DEBUG z.r.experiment.ScoreCalculator - Score calculation completed: 0.0
23:47:54.564 [pool-2-thread-2] DEBUG z.r.experiment.ScoreCalculator - Score calculation completed: 0.0
23:47:55.073 [pool-2-thread-3] DEBUG z.r.experiment.ScoreCalculator - Score calculation completed: 0.0
23:47:55.230 [pool-2-thread-4] DEBUG z.r.experiment.ScoreCalculator - Score calculation completed: 3.5294117647058822
23:47:56.056 [pool-2-thread-2] DEBUG z.r.experiment.ScoreCalculator - Score calculation completed: 0.0
23:47:56.632 [pool-2-thread-3] DEBUG z.r.experiment.ScoreCalculator - Score calculation completed: 1.1764705882352942
23:47:56.919 [pool-2-thread-1] DEBUG z.r.experiment.ScoreCalculator - Score calculation completed: 0.0
23:47:57.195 [pool-2-thread-4] DEBUG z.r.experiment.ScoreCalculator - Score calculation completed: 0.0
23:47:57.767 [pool-2-thread-2] DEBUG z.r.experiment.ScoreCalculator - Score calculation completed: 1.1764705882352942
23:47:59.357 [pool-2-thread-3] DEBUG z.r.experiment.ScoreCalculator - Score calculation completed: 2.3529411764705883
23:47:59.453 [pool-2-thread-1] DEBUG z.r.experiment.ScoreCalculator - Score calculation completed: 2.3529411764705883
23:48:01.344 [pool-2-thread-1] DEBUG z.r.experiment.ScoreCalculator - Score calculation completed: 0.0
23:48:01.577 [pool-2-thread-4] DEBUG z.r.experiment.ScoreCalculator - Score calculation completed: 4.705882352941177
23:48:02.663 [pool-2-thread-3] DEBUG z.r.experiment.ScoreCalculator - Score calculation completed: 5.88235294117647
23:48:03.397 [pool-2-thread-2] DEBUG z.r.experiment.ScoreCalculator - Score calculation completed: 0.0
23:48:03.991 [pool-2-thread-4] DEBUG z.r.experiment.ScoreCalculator - Score calculation completed: 0.0
23:48:04.034 [pool-2-thread-1] DEBUG z.r.experiment.ScoreCalculator - Score calculation completed: 0.0
23:48:05.143 [pool-2-thread-2] DEBUG z.r.experiment.ScoreCalculator - Score calculation completed: 2.3529411764705883
23:48:06.608 [pool-2-thread-2] DEBUG z.r.experiment.ScoreCalculator - Score calculation completed: 0.0
23:48:06.688 [pool-2-thread-3] DEBUG z.r.experiment.ScoreCalculator - Score calculation completed: 2.3529411764705883
23:48:07.062 [pool-2-thread-4] DEBUG z.r.experiment.ScoreCalculator - Score calculation completed: 0.0
23:48:07.203 [pool-2-thread-1] DEBUG z.r.experiment.ScoreCalculator - Score calculation completed: 7.0588235294117645
23:48:08.223 [pool-2-thread-2] DEBUG z.r.experiment.ScoreCalculator - Score calculation completed: 0.0
23:48:08.356 [pool-2-thread-3] DEBUG z.r.experiment.ScoreCalculator - Score calculation completed: 0.0
23:48:08.886 [pool-2-thread-1] DEBUG z.r.experiment.ScoreCalculator - Score calculation completed: 2.3529411764705883
23:48:09.753 [pool-2-thread-4] DEBUG z.r.experiment.ScoreCalculator - Score calculation completed: 2.3529411764705883
23:48:09.854 [pool-2-thread-2] DEBUG z.r.experiment.ScoreCalculator - Score calculation completed: 2.3529411764705883
23:48:10.057 [pool-2-thread-3] DEBUG z.r.experiment.ScoreCalculator - Score calculation completed: 2.3529411764705883
23:48:10.589 [pool-2-thread-1] DEBUG z.r.experiment.ScoreCalculator - Score calculation completed: 1.1764705882352942
23:48:11.514 [pool-2-thread-4] DEBUG z.r.experiment.ScoreCalculator - Score calculation completed: 2.3529411764705883
23:48:11.688 [pool-2-thread-3] DEBUG z.r.experiment.ScoreCalculator - Score calculation completed: 0.0
23:48:13.361 [pool-2-thread-2] DEBUG z.r.experiment.ScoreCalculator - Score calculation completed: 5.88235294117647
23:48:13.428 [pool-2-thread-3] DEBUG z.r.experiment.ScoreCalculator - Score calculation completed: 0.0
23:48:13.540 [pool-2-thread-4] DEBUG z.r.experiment.ScoreCalculator - Score calculation completed: 2.3529411764705883
23:48:14.030 [pool-2-thread-1] DEBUG z.r.experiment.ScoreCalculator - Score calculation completed: 5.88235294117647
23:48:16.064 [pool-2-thread-3] DEBUG z.r.experiment.ScoreCalculator - Score calculation completed: 2.3529411764705883
23:48:16.299 [pool-2-thread-4] DEBUG z.r.experiment.ScoreCalculator - Score calculation completed: 0.0
23:48:16.471 [pool-2-thread-2] DEBUG z.r.experiment.ScoreCalculator - Score calculation completed: 2.3529411764705883
23:48:17.243 [pool-2-thread-1] DEBUG z.r.experiment.ScoreCalculator - Score calculation completed: 5.88235294117647
23:48:17.584 [pool-2-thread-4] DEBUG z.r.experiment.ScoreCalculator - Score calculation completed: 1.1764705882352942
23:48:17.821 [pool-2-thread-3] DEBUG z.r.experiment.ScoreCalculator - Score calculation completed: 0.0
23:48:18.766 [pool-2-thread-2] DEBUG z.r.experiment.ScoreCalculator - Score calculation completed: 0.0
23:48:19.451 [pool-2-thread-4] DEBUG z.r.experiment.ScoreCalculator - Score calculation completed: 0.0
23:48:19.553 [pool-2-thread-1] DEBUG z.r.experiment.ScoreCalculator - Score calculation completed: 1.1764705882352942
23:48:20.329 [pool-2-thread-3] DEBUG z.r.experiment.ScoreCalculator - Score calculation completed: 1.1764705882352942
23:48:20.718 [pool-2-thread-4] DEBUG z.r.experiment.ScoreCalculator - Score calculation completed: 1.1764705882352942
23:48:21.621 [pool-2-thread-2] DEBUG z.r.experiment.ScoreCalculator - Score calculation completed: 1.1764705882352942
23:48:21.723 [pool-2-thread-3] DEBUG z.r.experiment.ScoreCalculator - Score calculation completed: 0.0
23:48:22.036 [pool-2-thread-1] DEBUG z.r.experiment.ScoreCalculator - Score calculation completed: 0.0
23:48:22.885 [pool-2-thread-2] DEBUG z.r.experiment.ScoreCalculator - Score calculation completed: 0.0
23:48:23.396 [pool-2-thread-4] DEBUG z.r.experiment.ScoreCalculator - Score calculation completed: 1.1764705882352942
23:48:24.026 [pool-2-thread-1] DEBUG z.r.experiment.ScoreCalculator - Score calculation completed: 1.1764705882352942
23:48:24.242 [pool-2-thread-3] DEBUG z.r.experiment.ScoreCalculator - Score calculation completed: 0.0
23:48:24.341 [pool-2-thread-2] DEBUG z.r.experiment.ScoreCalculator - Score calculation completed: 1.1764705882352942
23:48:25.725 [pool-2-thread-3] DEBUG z.r.experiment.ScoreCalculator - Score calculation completed: 0.0
23:48:25.947 [pool-2-thread-4] DEBUG z.r.experiment.ScoreCalculator - Score calculation completed: 1.1764705882352942
23:48:26.634 [pool-2-thread-1] DEBUG z.r.experiment.ScoreCalculator - Score calculation completed: 2.3529411764705883
23:48:26.736 [pool-2-thread-2] DEBUG z.r.experiment.ScoreCalculator - Score calculation completed: 0.0
23:48:26.932 [pool-2-thread-3] DEBUG z.r.experiment.ScoreCalculator - Score calculation completed: 1.1764705882352942
23:48:27.773 [pool-2-thread-1] DEBUG z.r.experiment.ScoreCalculator - Score calculation completed: 0.0
23:48:28.636 [pool-2-thread-4] DEBUG z.r.experiment.ScoreCalculator - Score calculation completed: 0.0
23:48:29.420 [pool-2-thread-3] DEBUG z.r.experiment.ScoreCalculator - Score calculation completed: 2.3529411764705883
23:48:29.553 [pool-2-thread-1] DEBUG z.r.experiment.ScoreCalculator - Score calculation completed: 0.0
23:48:29.825 [pool-2-thread-2] DEBUG z.r.experiment.ScoreCalculator - Score calculation completed: 7.0588235294117645
23:48:30.239 [pool-2-thread-4] DEBUG z.r.experiment.ScoreCalculator - Score calculation completed: 1.1764705882352942
